#
# There is insufficient memory for the Java Runtime Environment to continue.
# Native memory allocation (malloc) failed to allocate 123207680 bytes for committing reserved memory.
# Possible reasons:
#   The system is out of physical RAM or swap space
#   In 32 bit mode, the process size limit was hit
# Possible solutions:
#   Reduce memory load on the system
#   Increase physical memory or swap space
#   Check if swap backing store is full
#   Use 64 bit Java on a 64 bit OS
#   Decrease Java heap size (-Xmx/-Xms)
#   Decrease number of Java threads
#   Decrease Java thread stack sizes (-Xss)
#   Set larger code cache with -XX:ReservedCodeCacheSize=
# This output file may be truncated or incomplete.
#
#  Out of Memory Error (os_linux.cpp:2756), pid=10477, tid=140220324824832
#
# JRE version: Java(TM) SE Runtime Environment (7.0_72-b14) (build 1.7.0_72-b14)
# Java VM: Java HotSpot(TM) 64-Bit Server VM (24.72-b04 mixed mode linux-amd64 compressed oops)
# Failed to write core dump. Core dumps have been disabled. To enable core dumping, try "ulimit -c unlimited" before starting Java again
#

---------------  T H R E A D  ---------------

Current thread (0x00007f879c135000):  VMThread [stack: 0x00007f879696c000,0x00007f8796a6d000] [id=10531]

Stack: [0x00007f879696c000,0x00007f8796a6d000],  sp=0x00007f8796a6b300,  free space=1020k
Native frames: (J=compiled Java code, j=interpreted, Vv=VM code, C=native code)
V  [libjvm.so+0x9a10fa]  VMError::report_and_die()+0x2ea
V  [libjvm.so+0x49755b]  report_vm_out_of_memory(char const*, int, unsigned long, char const*)+0x9b
V  [libjvm.so+0x81ec4e]  os::Linux::commit_memory_impl(char*, unsigned long, bool)+0xfe
V  [libjvm.so+0x81f199]  os::pd_commit_memory(char*, unsigned long, unsigned long, bool)+0x29
V  [libjvm.so+0x818f2a]  os::commit_memory(char*, unsigned long, unsigned long, bool)+0x2a
V  [libjvm.so+0x88ba53]  PSVirtualSpace::expand_by(unsigned long)+0x53
V  [libjvm.so+0x88ce28]  PSYoungGen::resize_generation(unsigned long, unsigned long)+0xf8
V  [libjvm.so+0x88bf92]  PSYoungGen::resize(unsigned long, unsigned long)+0x22
V  [libjvm.so+0x8893e3]  PSScavenge::invoke_no_policy()+0xfb3
V  [libjvm.so+0x889b91]  PSScavenge::invoke()+0x41
V  [libjvm.so+0x8407c0]  ParallelScavengeHeap::failed_mem_allocate(unsigned long)+0x70
V  [libjvm.so+0x9a2987]  VM_ParallelGCFailedAllocation::doit()+0x97
V  [libjvm.so+0x9a9e25]  VM_Operation::evaluate()+0x55
V  [libjvm.so+0x9a81ea]  VMThread::evaluate_operation(VM_Operation*)+0xba
V  [libjvm.so+0x9a856e]  VMThread::loop()+0x1ce
V  [libjvm.so+0x9a89e0]  VMThread::run()+0x70
V  [libjvm.so+0x820c28]  java_start(Thread*)+0x108

VM_Operation (0x00007f87a4988350): ParallelGCFailedAllocation, mode: safepoint, requested by thread 0x00007f879c00e000


---------------  P R O C E S S  ---------------

Java Threads: ( => current thread )
  0x00007f879c18d800 JavaThread "Service Thread" daemon [_thread_blocked, id=10561, stack(0x00007f8795538000,0x00007f8795639000)]
  0x00007f879c18a800 JavaThread "C2 CompilerThread1" daemon [_thread_blocked, id=10560, stack(0x00007f8795639000,0x00007f879573a000)]
  0x00007f879c188800 JavaThread "C2 CompilerThread0" daemon [_thread_blocked, id=10559, stack(0x00007f879573a000,0x00007f879583b000)]
  0x00007f879c15c800 JavaThread "Signal Dispatcher" daemon [_thread_blocked, id=10558, stack(0x00007f87963a0000,0x00007f87964a1000)]
  0x00007f879c13b800 JavaThread "Finalizer" daemon [_thread_blocked, id=10533, stack(0x00007f879676a000,0x00007f879686b000)]
  0x00007f879c139800 JavaThread "Reference Handler" daemon [_thread_blocked, id=10532, stack(0x00007f879686b000,0x00007f879696c000)]
  0x00007f879c00e000 JavaThread "main" [_thread_blocked, id=10485, stack(0x00007f87a4889000,0x00007f87a498a000)]

Other Threads:
=>0x00007f879c135000 VMThread [stack: 0x00007f879696c000,0x00007f8796a6d000] [id=10531]
  0x00007f879c198800 WatcherThread [stack: 0x00007f8795437000,0x00007f8795538000] [id=10562]

VM state:at safepoint (normal execution)

VM Mutex/Monitor currently owned by a thread:  ([mutex/lock_event])
[0x00007f879c00a4a0] Threads_lock - owner thread: 0x00007f879c135000
[0x00007f879c00a9a0] Heap_lock - owner thread: 0x00007f879c00e000

Heap
 PSYoungGen      total 209408K, used 11975K [0x00000000eaa80000, 0x00000000f8380000, 0x0000000100000000)
  eden space 196608K, 0% used [0x00000000eaa80000,0x00000000eaa80000,0x00000000f6a80000)
  from space 12800K, 93% used [0x00000000f6a80000,0x00000000f7631ec0,0x00000000f7700000)
  to   space 12288K, 0% used [0x00000000f7780000,0x00000000f7780000,0x00000000f8380000)
 ParOldGen       total 41472K, used 29622K [0x00000000c0000000, 0x00000000c2880000, 0x00000000eaa80000)
  object space 41472K, 71% used [0x00000000c0000000,0x00000000c1cedbd8,0x00000000c2880000)
 PSPermGen       total 21504K, used 7610K [0x00000000bae00000, 0x00000000bc300000, 0x00000000c0000000)
  object space 21504K, 35% used [0x00000000bae00000,0x00000000bb56e810,0x00000000bc300000)

Card table byte_map: [0x00007f87a173b000,0x00007f87a1965000] byte_map_base: 0x00007f87a1164000

Polling page: 0x00007f87a49a9000

Code Cache  [0x00007f8799000000, 0x00007f87993a0000, 0x00007f879c000000)
 total_blobs=1398 nmethods=1142 adapters=209 free_code_cache=45555Kb largest_free_block=46588608

Compilation events (10 events):
Event: 20.650 Thread 0x00007f879c18a800 1168             com.android.dex.TableOfContents::getSection (68 bytes)
Event: 20.654 Thread 0x00007f879c18a800 nmethod 1168 0x00007f8799303550 code [0x00007f87993036a0, 0x00007f8799303818]
Event: 20.685 Thread 0x00007f879c188800 1169             com.android.dx.io.instructions.InstructionCodec$22::decode (37 bytes)
Event: 20.687 Thread 0x00007f879c18a800 1170             com.android.dx.io.instructions.InstructionCodec$22::encode (31 bytes)
Event: 20.691 Thread 0x00007f879c188800 nmethod 1169 0x00007f8799302f90 code [0x00007f87993030e0, 0x00007f87993032f8]
Event: 20.691 Thread 0x00007f879c18a800 nmethod 1170 0x00007f879938c2d0 code [0x00007f879938c440, 0x00007f879938c658]
Event: 20.691 Thread 0x00007f879c188800 1171             com.android.dx.io.instructions.DecodedInstruction::getLiteralInt (53 bytes)
Event: 20.692 Thread 0x00007f879c188800 nmethod 1171 0x00007f87992caa10 code [0x00007f87992cab40, 0x00007f87992cabb8]
Event: 20.698 Thread 0x00007f879c18a800 1172             com.android.dex.Dex$Section::skip (30 bytes)
Event: 20.700 Thread 0x00007f879c18a800 nmethod 1172 0x00007f8799302c50 code [0x00007f8799302da0, 0x00007f8799302e58]

GC Heap History (10 events):
Event: 15.366 GC heap after
Heap after GC invocations=6 (full 0):
 PSYoungGen      total 70144K, used 8686K [0x00000000eaa80000, 0x00000000efd80000, 0x0000000100000000)
  eden space 61440K, 0% used [0x00000000eaa80000,0x00000000eaa80000,0x00000000ee680000)
  from space 8704K, 99% used [0x00000000ef100000,0x00000000ef97ba50,0x00000000ef980000)
  to   space 10752K, 0% used [0x00000000ee680000,0x00000000ee680000,0x00000000ef100000)
 ParOldGen       total 41472K, used 19595K [0x00000000c0000000, 0x00000000c2880000, 0x00000000eaa80000)
  object space 41472K, 47% used [0x00000000c0000000,0x00000000c1322f70,0x00000000c2880000)
 PSPermGen       total 21504K, used 6068K [0x00000000bae00000, 0x00000000bc300000, 0x00000000c0000000)
  object space 21504K, 28% used [0x00000000bae00000,0x00000000bb3ed100,0x00000000bc300000)
}
Event: 18.616 GC heap before
{Heap before GC invocations=7 (full 0):
 PSYoungGen      total 70144K, used 70126K [0x00000000eaa80000, 0x00000000efd80000, 0x0000000100000000)
  eden space 61440K, 100% used [0x00000000eaa80000,0x00000000ee680000,0x00000000ee680000)
  from space 8704K, 99% used [0x00000000ef100000,0x00000000ef97ba50,0x00000000ef980000)
  to   space 10752K, 0% used [0x00000000ee680000,0x00000000ee680000,0x00000000ef100000)
 ParOldGen       total 41472K, used 19595K [0x00000000c0000000, 0x00000000c2880000, 0x00000000eaa80000)
  object space 41472K, 47% used [0x00000000c0000000,0x00000000c1322f70,0x00000000c2880000)
 PSPermGen       total 21504K, used 7476K [0x00000000bae00000, 0x00000000bc300000, 0x00000000c0000000)
  object space 21504K, 34% used [0x00000000bae00000,0x00000000bb54d0c0,0x00000000bc300000)
Event: 18.673 GC heap after
Heap after GC invocations=7 (full 0):
 PSYoungGen      total 72192K, used 10736K [0x00000000eaa80000, 0x00000000f3d80000, 0x0000000100000000)
  eden space 61440K, 0% used [0x00000000eaa80000,0x00000000eaa80000,0x00000000ee680000)
  from space 10752K, 99% used [0x00000000ee680000,0x00000000ef0fc178,0x00000000ef100000)
  to   space 13824K, 0% used [0x00000000f3000000,0x00000000f3000000,0x00000000f3d80000)
 ParOldGen       total 41472K, used 22593K [0x00000000c0000000, 0x00000000c2880000, 0x00000000eaa80000)
  object space 41472K, 54% used [0x00000000c0000000,0x00000000c1610488,0x00000000c2880000)
 PSPermGen       total 21504K, used 7476K [0x00000000bae00000, 0x00000000bc300000, 0x00000000c0000000)
  object space 21504K, 34% used [0x00000000bae00000,0x00000000bb54d0c0,0x00000000bc300000)
}
Event: 19.088 GC heap before
{Heap before GC invocations=8 (full 0):
 PSYoungGen      total 72192K, used 72176K [0x00000000eaa80000, 0x00000000f3d80000, 0x0000000100000000)
  eden space 61440K, 100% used [0x00000000eaa80000,0x00000000ee680000,0x00000000ee680000)
  from space 10752K, 99% used [0x00000000ee680000,0x00000000ef0fc178,0x00000000ef100000)
  to   space 13824K, 0% used [0x00000000f3000000,0x00000000f3000000,0x00000000f3d80000)
 ParOldGen       total 41472K, used 22593K [0x00000000c0000000, 0x00000000c2880000, 0x00000000eaa80000)
  object space 41472K, 54% used [0x00000000c0000000,0x00000000c1610488,0x00000000c2880000)
 PSPermGen       total 21504K, used 7573K [0x00000000bae00000, 0x00000000bc300000, 0x00000000c0000000)
  object space 21504K, 35% used [0x00000000bae00000,0x00000000bb565750,0x00000000bc300000)
Event: 19.117 GC heap after
Heap after GC invocations=8 (full 0):
 PSYoungGen      total 135680K, used 7947K [0x00000000eaa80000, 0x00000000f3c80000, 0x0000000100000000)
  eden space 122880K, 0% used [0x00000000eaa80000,0x00000000eaa80000,0x00000000f2280000)
  from space 12800K, 62% used [0x00000000f3000000,0x00000000f37c2df8,0x00000000f3c80000)
  to   space 13312K, 0% used [0x00000000f2280000,0x00000000f2280000,0x00000000f2f80000)
 ParOldGen       total 41472K, used 23065K [0x00000000c0000000, 0x00000000c2880000, 0x00000000eaa80000)
  object space 41472K, 55% used [0x00000000c0000000,0x00000000c16867b8,0x00000000c2880000)
 PSPermGen       total 21504K, used 7573K [0x00000000bae00000, 0x00000000bc300000, 0x00000000c0000000)
  object space 21504K, 35% used [0x00000000bae00000,0x00000000bb565750,0x00000000bc300000)
}
Event: 19.731 GC heap before
{Heap before GC invocations=9 (full 0):
 PSYoungGen      total 135680K, used 130827K [0x00000000eaa80000, 0x00000000f3c80000, 0x0000000100000000)
  eden space 122880K, 100% used [0x00000000eaa80000,0x00000000f2280000,0x00000000f2280000)
  from space 12800K, 62% used [0x00000000f3000000,0x00000000f37c2df8,0x00000000f3c80000)
  to   space 13312K, 0% used [0x00000000f2280000,0x00000000f2280000,0x00000000f2f80000)
 ParOldGen       total 41472K, used 23065K [0x00000000c0000000, 0x00000000c2880000, 0x00000000eaa80000)
  object space 41472K, 55% used [0x00000000c0000000,0x00000000c16867b8,0x00000000c2880000)
 PSPermGen       total 21504K, used 7601K [0x00000000bae00000, 0x00000000bc300000, 0x00000000c0000000)
  object space 21504K, 35% used [0x00000000bae00000,0x00000000bb56c448,0x00000000bc300000)
Event: 19.743 GC heap after
Heap after GC invocations=9 (full 0):
 PSYoungGen      total 136192K, used 4004K [0x00000000eaa80000, 0x00000000f8480000, 0x0000000100000000)
  eden space 122880K, 0% used [0x00000000eaa80000,0x00000000eaa80000,0x00000000f2280000)
  from space 13312K, 30% used [0x00000000f2280000,0x00000000f26692e0,0x00000000f2f80000)
  to   space 13312K, 0% used [0x00000000f7780000,0x00000000f7780000,0x00000000f8480000)
 ParOldGen       total 41472K, used 28703K [0x00000000c0000000, 0x00000000c2880000, 0x00000000eaa80000)
  object space 41472K, 69% used [0x00000000c0000000,0x00000000c1c07d68,0x00000000c2880000)
 PSPermGen       total 21504K, used 7601K [0x00000000bae00000, 0x00000000bc300000, 0x00000000c0000000)
  object space 21504K, 35% used [0x00000000bae00000,0x00000000bb56c448,0x00000000bc300000)
}
Event: 20.118 GC heap before
{Heap before GC invocations=10 (full 0):
 PSYoungGen      total 136192K, used 125274K [0x00000000eaa80000, 0x00000000f8480000, 0x0000000100000000)
  eden space 122880K, 98% used [0x00000000eaa80000,0x00000000f20ed5d0,0x00000000f2280000)
  from space 13312K, 30% used [0x00000000f2280000,0x00000000f26692e0,0x00000000f2f80000)
  to   space 13312K, 0% used [0x00000000f7780000,0x00000000f7780000,0x00000000f8480000)
 ParOldGen       total 41472K, used 28703K [0x00000000c0000000, 0x00000000c2880000, 0x00000000eaa80000)
  object space 41472K, 69% used [0x00000000c0000000,0x00000000c1c07d68,0x00000000c2880000)
 PSPermGen       total 21504K, used 7608K [0x00000000bae00000, 0x00000000bc300000, 0x00000000c0000000)
  object space 21504K, 35% used [0x00000000bae00000,0x00000000bb56e2a0,0x00000000bc300000)
Event: 20.162 GC heap after
Heap after GC invocations=10 (full 0):
 PSYoungGen      total 208896K, used 6694K [0x00000000eaa80000, 0x00000000f8380000, 0x0000000100000000)
  eden space 196608K, 0% used [0x00000000eaa80000,0x00000000eaa80000,0x00000000f6a80000)
  from space 12288K, 54% used [0x00000000f7780000,0x00000000f7e09b50,0x00000000f8380000)
  to   space 12800K, 0% used [0x00000000f6a80000,0x00000000f6a80000,0x00000000f7700000)
 ParOldGen       total 41472K, used 29622K [0x00000000c0000000, 0x00000000c2880000, 0x00000000eaa80000)
  object space 41472K, 71% used [0x00000000c0000000,0x00000000c1cedbd8,0x00000000c2880000)
 PSPermGen       total 21504K, used 7608K [0x00000000bae00000, 0x00000000bc300000, 0x00000000c0000000)
  object space 21504K, 35% used [0x00000000bae00000,0x00000000bb56e2a0,0x00000000bc300000)
}
Event: 20.754 GC heap before
{Heap before GC invocations=11 (full 0):
 PSYoungGen      total 208896K, used 203302K [0x00000000eaa80000, 0x00000000f8380000, 0x0000000100000000)
  eden space 196608K, 100% used [0x00000000eaa80000,0x00000000f6a80000,0x00000000f6a80000)
  from space 12288K, 54% used [0x00000000f7780000,0x00000000f7e09b50,0x00000000f8380000)
  to   space 12800K, 0% used [0x00000000f6a80000,0x00000000f6a80000,0x00000000f7700000)
 ParOldGen       total 41472K, used 29622K [0x00000000c0000000, 0x00000000c2880000, 0x00000000eaa80000)
  object space 41472K, 71% used [0x00000000c0000000,0x00000000c1cedbd8,0x00000000c2880000)
 PSPermGen       total 21504K, used 7610K [0x00000000bae00000, 0x00000000bc300000, 0x00000000c0000000)
  object space 21504K, 35% used [0x00000000bae00000,0x00000000bb56e810,0x00000000bc300000)

Deoptimization events (10 events):
Event: 18.823 Thread 0x00007f879c00e000 Uncommon trap: reason=array_check action=maybe_recompile pc=0x00007f8799316f50 method=java.util.TimSort.binarySort([Ljava/lang/Object;IIILjava/util/Comparator;)V @ 215
Event: 18.823 Thread 0x00007f879c00e000 Uncommon trap: reason=array_check action=maybe_recompile pc=0x00007f8799316f50 method=java.util.TimSort.binarySort([Ljava/lang/Object;IIILjava/util/Comparator;)V @ 215
Event: 18.848 Thread 0x00007f879c00e000 Uncommon trap: reason=array_check action=maybe_recompile pc=0x00007f879930d040 method=java.util.ComparableTimSort.binarySort([Ljava/lang/Object;III)V @ 193
Event: 18.910 Thread 0x00007f879c00e000 Uncommon trap: reason=array_check action=maybe_recompile pc=0x00007f879930d040 method=java.util.ComparableTimSort.binarySort([Ljava/lang/Object;III)V @ 193
Event: 19.422 Thread 0x00007f879c00e000 Uncommon trap: reason=array_check action=maybe_recompile pc=0x00007f879936a08c method=java.util.ComparableTimSort.binarySort([Ljava/lang/Object;III)V @ 215
Event: 19.466 Thread 0x00007f879c00e000 Uncommon trap: reason=array_check action=maybe_recompile pc=0x00007f879936a08c method=java.util.ComparableTimSort.binarySort([Ljava/lang/Object;III)V @ 215
Event: 19.533 Thread 0x00007f879c00e000 Uncommon trap: reason=array_check action=maybe_recompile pc=0x00007f8799366e1c method=java.util.ComparableTimSort.binarySort([Ljava/lang/Object;III)V @ 183
Event: 19.701 Thread 0x00007f879c00e000 Uncommon trap: reason=array_check action=maybe_recompile pc=0x00007f8799366e1c method=java.util.ComparableTimSort.binarySort([Ljava/lang/Object;III)V @ 183
Event: 19.999 Thread 0x00007f879c00e000 Uncommon trap: reason=null_check action=make_not_entrant pc=0x00007f879937239c method=com.android.dx.io.instructions.AddressMap.get(I)I @ 11
Event: 19.999 Thread 0x00007f879c00e000 Uncommon trap: reason=null_check action=make_not_entrant pc=0x00007f8799378d9c method=com.android.dx.io.instructions.AddressMap.get(I)I @ 11

Internal exceptions (10 events):
Event: 17.001 Thread 0x00007f879c00e000 Threw 0x00000000eb0b1220 at /HUDSON/workspace/7u-2-build-linux-amd64/jdk7u72/1606/hotspot/src/share/vm/prims/jvm.cpp:1281
Event: 17.006 Thread 0x00007f879c00e000 Threw 0x00000000eb0b88e8 at /HUDSON/workspace/7u-2-build-linux-amd64/jdk7u72/1606/hotspot/src/share/vm/prims/jvm.cpp:1281
Event: 17.006 Thread 0x00007f879c00e000 Threw 0x00000000eb0bade8 at /HUDSON/workspace/7u-2-build-linux-amd64/jdk7u72/1606/hotspot/src/share/vm/prims/jvm.cpp:1281
Event: 17.791 Thread 0x00007f879c00e000 Threw 0x00000000eb2ebf18 at /HUDSON/workspace/7u-2-build-linux-amd64/jdk7u72/1606/hotspot/src/share/vm/prims/jvm.cpp:1281
Event: 17.791 Thread 0x00007f879c00e000 Threw 0x00000000eb2ec040 at /HUDSON/workspace/7u-2-build-linux-amd64/jdk7u72/1606/hotspot/src/share/vm/prims/jvm.cpp:1281
Event: 17.791 Thread 0x00007f879c00e000 Threw 0x00000000eb2ee3b0 at /HUDSON/workspace/7u-2-build-linux-amd64/jdk7u72/1606/hotspot/src/share/vm/prims/jvm.cpp:1281
Event: 17.791 Thread 0x00007f879c00e000 Threw 0x00000000eb2ee4d8 at /HUDSON/workspace/7u-2-build-linux-amd64/jdk7u72/1606/hotspot/src/share/vm/prims/jvm.cpp:1281
Event: 18.192 Thread 0x00007f879c00e000 Threw 0x00000000ec299288 at /HUDSON/workspace/7u-2-build-linux-amd64/jdk7u72/1606/hotspot/src/share/vm/prims/jvm.cpp:1281
Event: 19.999 Thread 0x00007f879c00e000 Implicit null exception at 0x00007f879937186c to 0x00007f879937238d
Event: 19.999 Thread 0x00007f879c00e000 Implicit null exception at 0x00007f879937854c to 0x00007f8799378d79

Events (10 events):
Event: 19.999 Thread 0x00007f879c00e000 Uncommon trap: trap_request=0xfffffff4 fr.pc=0x00007f8799378d9c
Event: 19.999 Thread 0x00007f879c00e000 DEOPT PACKING pc=0x00007f8799378d9c sp=0x00007f87a49884f0
Event: 19.999 Thread 0x00007f879c00e000 DEOPT UNPACKING pc=0x00007f8799039445 sp=0x00007f87a49883c8 mode 2
Event: 20.078 Thread 0x00007f879c18a800 flushing nmethod 0x00007f87992b1a50
Event: 20.078 Thread 0x00007f879c18a800 flushing nmethod 0x00007f87992c2590
Event: 20.118 Executing VM operation: ParallelGCFailedAllocation
Event: 20.162 Executing VM operation: ParallelGCFailedAllocation done
Event: 20.329 Thread 0x00007f879c188800 flushing nmethod 0x00007f87992ca050
Event: 20.388 Thread 0x00007f879c188800 flushing nmethod 0x00007f8799302c50
Event: 20.754 Executing VM operation: ParallelGCFailedAllocation


Dynamic libraries:
00400000-00401000 r-xp 00000000 08:06 2498323                            /usr/lib/jvm/java-7-oracle/bin/java
00600000-00601000 rw-p 00000000 08:06 2498323                            /usr/lib/jvm/java-7-oracle/bin/java
014e9000-0150a000 rw-p 00000000 00:00 0                                  [heap]
bae00000-bc300000 rw-p 00000000 00:00 0 
bc300000-c0000000 rw-p 00000000 00:00 0 
c0000000-c2880000 rw-p 00000000 00:00 0 
c2880000-eaa80000 rw-p 00000000 00:00 0 
eaa80000-f8380000 rw-p 00000000 00:00 0 
ff900000-100000000 rw-p 00000000 00:00 0 
7f8748000000-7f8748021000 rw-p 00000000 00:00 0 
7f8748021000-7f874c000000 ---p 00000000 00:00 0 
7f874c000000-7f874c021000 rw-p 00000000 00:00 0 
7f874c021000-7f8750000000 ---p 00000000 00:00 0 
7f8750000000-7f8750021000 rw-p 00000000 00:00 0 
7f8750021000-7f8754000000 ---p 00000000 00:00 0 
7f8754000000-7f8754021000 rw-p 00000000 00:00 0 
7f8754021000-7f8758000000 ---p 00000000 00:00 0 
7f8758000000-7f8758021000 rw-p 00000000 00:00 0 
7f8758021000-7f875c000000 ---p 00000000 00:00 0 
7f875c000000-7f875c021000 rw-p 00000000 00:00 0 
7f875c021000-7f8760000000 ---p 00000000 00:00 0 
7f8760000000-7f87618d2000 rw-p 00000000 00:00 0 
7f87618d2000-7f8764000000 ---p 00000000 00:00 0 
7f8764000000-7f8764021000 rw-p 00000000 00:00 0 
7f8764021000-7f8768000000 ---p 00000000 00:00 0 
7f8768000000-7f8768021000 rw-p 00000000 00:00 0 
7f8768021000-7f876c000000 ---p 00000000 00:00 0 
7f876c000000-7f876d3be000 rw-p 00000000 00:00 0 
7f876d3be000-7f8770000000 ---p 00000000 00:00 0 
7f8770000000-7f8770021000 rw-p 00000000 00:00 0 
7f8770021000-7f8774000000 ---p 00000000 00:00 0 
7f8774000000-7f8774021000 rw-p 00000000 00:00 0 
7f8774021000-7f8778000000 ---p 00000000 00:00 0 
7f8778000000-7f8778021000 rw-p 00000000 00:00 0 
7f8778021000-7f877c000000 ---p 00000000 00:00 0 
7f877c000000-7f877c24e000 rw-p 00000000 00:00 0 
7f877c24e000-7f8780000000 ---p 00000000 00:00 0 
7f8780000000-7f8780021000 rw-p 00000000 00:00 0 
7f8780021000-7f8784000000 ---p 00000000 00:00 0 
7f8788000000-7f8788021000 rw-p 00000000 00:00 0 
7f8788021000-7f878c000000 ---p 00000000 00:00 0 
7f8790000000-7f8790021000 rw-p 00000000 00:00 0 
7f8790021000-7f8794000000 ---p 00000000 00:00 0 
7f8794809000-7f8794b0a000 rw-p 00000000 00:00 0 
7f8794b0a000-7f8794b20000 r-xp 00000000 08:06 545865                     /usr/lib/jvm/java-7-oracle/jre/lib/amd64/libnet.so
7f8794b20000-7f8794d20000 ---p 00016000 08:06 545865                     /usr/lib/jvm/java-7-oracle/jre/lib/amd64/libnet.so
7f8794d20000-7f8794d21000 rw-p 00016000 08:06 545865                     /usr/lib/jvm/java-7-oracle/jre/lib/amd64/libnet.so
7f8794d21000-7f8794d31000 r-xp 00000000 08:06 545905                     /usr/lib/jvm/java-7-oracle/jre/lib/amd64/libnio.so
7f8794d31000-7f8794f31000 ---p 00010000 08:06 545905                     /usr/lib/jvm/java-7-oracle/jre/lib/amd64/libnio.so
7f8794f31000-7f8794f32000 rw-p 00010000 08:06 545905                     /usr/lib/jvm/java-7-oracle/jre/lib/amd64/libnio.so
7f8794f32000-7f8794f35000 ---p 00000000 00:00 0 
7f8794f35000-7f8795033000 rw-p 00000000 00:00 0 
7f8795033000-7f8795036000 ---p 00000000 00:00 0 
7f8795036000-7f8795134000 rw-p 00000000 00:00 0 
7f8795134000-7f8795137000 ---p 00000000 00:00 0 
7f8795137000-7f8795235000 rw-p 00000000 00:00 0 
7f8795235000-7f8795238000 ---p 00000000 00:00 0 
7f8795238000-7f8795336000 rw-p 00000000 00:00 0 
7f8795336000-7f8795339000 ---p 00000000 00:00 0 
7f8795339000-7f8795437000 rw-p 00000000 00:00 0 
7f8795437000-7f8795438000 ---p 00000000 00:00 0 
7f8795438000-7f8795538000 rw-p 00000000 00:00 0                          [stack:10562]
7f8795538000-7f879553b000 ---p 00000000 00:00 0 
7f879553b000-7f8795639000 rw-p 00000000 00:00 0                          [stack:10561]
7f8795639000-7f879563c000 ---p 00000000 00:00 0 
7f879563c000-7f879573a000 rw-p 00000000 00:00 0                          [stack:10560]
7f879573a000-7f879573d000 ---p 00000000 00:00 0 
7f879573d000-7f879583b000 rw-p 00000000 00:00 0                          [stack:10559]
7f879583b000-7f8795840000 r-xp 00000000 08:06 2504688                    /usr/lib/x86_64-linux-gnu/libXdmcp.so.6.0.0
7f8795840000-7f8795a3f000 ---p 00005000 08:06 2504688                    /usr/lib/x86_64-linux-gnu/libXdmcp.so.6.0.0
7f8795a3f000-7f8795a40000 r--p 00004000 08:06 2504688                    /usr/lib/x86_64-linux-gnu/libXdmcp.so.6.0.0
7f8795a40000-7f8795a41000 rw-p 00005000 08:06 2504688                    /usr/lib/x86_64-linux-gnu/libXdmcp.so.6.0.0
7f8795a41000-7f8795a43000 r-xp 00000000 08:06 2504677                    /usr/lib/x86_64-linux-gnu/libXau.so.6.0.0
7f8795a43000-7f8795c43000 ---p 00002000 08:06 2504677                    /usr/lib/x86_64-linux-gnu/libXau.so.6.0.0
7f8795c43000-7f8795c44000 r--p 00002000 08:06 2504677                    /usr/lib/x86_64-linux-gnu/libXau.so.6.0.0
7f8795c44000-7f8795c45000 rw-p 00003000 08:06 2504677                    /usr/lib/x86_64-linux-gnu/libXau.so.6.0.0
7f8795c45000-7f8795c62000 r-xp 00000000 08:06 2505797                    /usr/lib/x86_64-linux-gnu/libxcb.so.1.1.0
7f8795c62000-7f8795e62000 ---p 0001d000 08:06 2505797                    /usr/lib/x86_64-linux-gnu/libxcb.so.1.1.0
7f8795e62000-7f8795e63000 r--p 0001d000 08:06 2505797                    /usr/lib/x86_64-linux-gnu/libxcb.so.1.1.0
7f8795e63000-7f8795e64000 rw-p 0001e000 08:06 2505797                    /usr/lib/x86_64-linux-gnu/libxcb.so.1.1.0
7f8795e64000-7f8795f97000 r-xp 00000000 08:06 2504673                    /usr/lib/x86_64-linux-gnu/libX11.so.6.3.0
7f8795f97000-7f8796197000 ---p 00133000 08:06 2504673                    /usr/lib/x86_64-linux-gnu/libX11.so.6.3.0
7f8796197000-7f8796198000 r--p 00133000 08:06 2504673                    /usr/lib/x86_64-linux-gnu/libX11.so.6.3.0
7f8796198000-7f879619c000 rw-p 00134000 08:06 2504673                    /usr/lib/x86_64-linux-gnu/libX11.so.6.3.0
7f879619c000-7f879619d000 rw-p 00000000 00:00 0 
7f879619d000-7f879619f000 r-xp 00000000 08:06 2495818                    /usr/lib/jayatana/libjayatanaag.so
7f879619f000-7f879639e000 ---p 00002000 08:06 2495818                    /usr/lib/jayatana/libjayatanaag.so
7f879639e000-7f879639f000 r--p 00001000 08:06 2495818                    /usr/lib/jayatana/libjayatanaag.so
7f879639f000-7f87963a0000 rw-p 00002000 08:06 2495818                    /usr/lib/jayatana/libjayatanaag.so
7f87963a0000-7f87963a3000 ---p 00000000 00:00 0 
7f87963a3000-7f87964a1000 rw-p 00000000 00:00 0                          [stack:10558]
7f87964a1000-7f879676a000 r--p 00000000 08:06 2495346                    /usr/lib/locale/locale-archive
7f879676a000-7f879676d000 ---p 00000000 00:00 0 
7f879676d000-7f879686b000 rw-p 00000000 00:00 0                          [stack:10533]
7f879686b000-7f879686e000 ---p 00000000 00:00 0 
7f879686e000-7f879696c000 rw-p 00000000 00:00 0                          [stack:10532]
7f879696c000-7f879696d000 ---p 00000000 00:00 0 
7f879696d000-7f8799000000 rw-p 00000000 00:00 0                          [stack:10531]
7f8799000000-7f87993a0000 rwxp 00000000 00:00 0 
7f87993a0000-7f879c2bb000 rw-p 00000000 00:00 0 
7f879c2bb000-7f87a0000000 ---p 00000000 00:00 0 
7f87a00a7000-7f87a0cfe000 rw-p 00000000 00:00 0 
7f87a0cfe000-7f87a0ebe000 r--s 039ea000 08:06 2766848                    /usr/lib/jvm/java-7-oracle/jre/lib/rt.jar
7f87a0ebe000-7f87a11b8000 rw-p 00000000 00:00 0 
7f87a11b8000-7f87a11b9000 ---p 00000000 00:00 0 
7f87a11b9000-7f87a12b9000 rw-p 00000000 00:00 0                          [stack:10494]
7f87a12b9000-7f87a12ba000 ---p 00000000 00:00 0 
7f87a12ba000-7f87a13ba000 rw-p 00000000 00:00 0                          [stack:10493]
7f87a13ba000-7f87a13bb000 ---p 00000000 00:00 0 
7f87a13bb000-7f87a14bb000 rw-p 00000000 00:00 0                          [stack:10492]
7f87a14bb000-7f87a14bc000 ---p 00000000 00:00 0 
7f87a14bc000-7f87a15c7000 rw-p 00000000 00:00 0                          [stack:10491]
7f87a15c7000-7f87a15e5000 rw-p 00000000 00:00 0 
7f87a15e5000-7f87a15fa000 rw-p 00000000 00:00 0 
7f87a15fa000-7f87a173b000 rw-p 00000000 00:00 0 
7f87a173b000-7f87a1746000 rw-p 00000000 00:00 0 
7f87a1746000-7f87a1764000 rw-p 00000000 00:00 0 
7f87a1764000-7f87a1779000 rw-p 00000000 00:00 0 
7f87a1779000-7f87a18b9000 rw-p 00000000 00:00 0 
7f87a18b9000-7f87a1926000 rw-p 00000000 00:00 0 
7f87a1926000-7f87a1927000 ---p 00000000 00:00 0 
7f87a1927000-7f87a1964000 rw-p 00000000 00:00 0 
7f87a1964000-7f87a1965000 rw-p 00000000 00:00 0 
7f87a1965000-7f87a197f000 r-xp 00000000 08:06 545919                     /usr/lib/jvm/java-7-oracle/jre/lib/amd64/libzip.so
7f87a197f000-7f87a1b7f000 ---p 0001a000 08:06 545919                     /usr/lib/jvm/java-7-oracle/jre/lib/amd64/libzip.so
7f87a1b7f000-7f87a1b80000 rw-p 0001a000 08:06 545919                     /usr/lib/jvm/java-7-oracle/jre/lib/amd64/libzip.so
7f87a1b80000-7f87a1b8c000 r-xp 00000000 08:06 262724                     /lib/x86_64-linux-gnu/libnss_files-2.21.so
7f87a1b8c000-7f87a1d8b000 ---p 0000c000 08:06 262724                     /lib/x86_64-linux-gnu/libnss_files-2.21.so
7f87a1d8b000-7f87a1d8c000 r--p 0000b000 08:06 262724                     /lib/x86_64-linux-gnu/libnss_files-2.21.so
7f87a1d8c000-7f87a1d8d000 rw-p 0000c000 08:06 262724                     /lib/x86_64-linux-gnu/libnss_files-2.21.so
7f87a1d8d000-7f87a1d98000 r-xp 00000000 08:06 262712                     /lib/x86_64-linux-gnu/libnss_nis-2.21.so
7f87a1d98000-7f87a1f97000 ---p 0000b000 08:06 262712                     /lib/x86_64-linux-gnu/libnss_nis-2.21.so
7f87a1f97000-7f87a1f98000 r--p 0000a000 08:06 262712                     /lib/x86_64-linux-gnu/libnss_nis-2.21.so
7f87a1f98000-7f87a1f99000 rw-p 0000b000 08:06 262712                     /lib/x86_64-linux-gnu/libnss_nis-2.21.so
7f87a1f99000-7f87a1fb0000 r-xp 00000000 08:06 262730                     /lib/x86_64-linux-gnu/libnsl-2.21.so
7f87a1fb0000-7f87a21af000 ---p 00017000 08:06 262730                     /lib/x86_64-linux-gnu/libnsl-2.21.so
7f87a21af000-7f87a21b0000 r--p 00016000 08:06 262730                     /lib/x86_64-linux-gnu/libnsl-2.21.so
7f87a21b0000-7f87a21b1000 rw-p 00017000 08:06 262730                     /lib/x86_64-linux-gnu/libnsl-2.21.so
7f87a21b1000-7f87a21b3000 rw-p 00000000 00:00 0 
7f87a21b3000-7f87a21bb000 r-xp 00000000 08:06 262726                     /lib/x86_64-linux-gnu/libnss_compat-2.21.so
7f87a21bb000-7f87a23ba000 ---p 00008000 08:06 262726                     /lib/x86_64-linux-gnu/libnss_compat-2.21.so
7f87a23ba000-7f87a23bb000 r--p 00007000 08:06 262726                     /lib/x86_64-linux-gnu/libnss_compat-2.21.so
7f87a23bb000-7f87a23bc000 rw-p 00008000 08:06 262726                     /lib/x86_64-linux-gnu/libnss_compat-2.21.so
7f87a23bc000-7f87a23c6000 r-xp 00000000 08:06 545917                     /usr/lib/jvm/java-7-oracle/jre/lib/amd64/libinstrument.so
7f87a23c6000-7f87a25c5000 ---p 0000a000 08:06 545917                     /usr/lib/jvm/java-7-oracle/jre/lib/amd64/libinstrument.so
7f87a25c5000-7f87a25c6000 rw-p 00009000 08:06 545917                     /usr/lib/jvm/java-7-oracle/jre/lib/amd64/libinstrument.so
7f87a25c6000-7f87a25ef000 r-xp 00000000 08:06 545902                     /usr/lib/jvm/java-7-oracle/jre/lib/amd64/libjava.so
7f87a25ef000-7f87a27ef000 ---p 00029000 08:06 545902                     /usr/lib/jvm/java-7-oracle/jre/lib/amd64/libjava.so
7f87a27ef000-7f87a27f1000 rw-p 00029000 08:06 545902                     /usr/lib/jvm/java-7-oracle/jre/lib/amd64/libjava.so
7f87a27f1000-7f87a27fe000 r-xp 00000000 08:06 545864                     /usr/lib/jvm/java-7-oracle/jre/lib/amd64/libverify.so
7f87a27fe000-7f87a29fd000 ---p 0000d000 08:06 545864                     /usr/lib/jvm/java-7-oracle/jre/lib/amd64/libverify.so
7f87a29fd000-7f87a29ff000 rw-p 0000c000 08:06 545864                     /usr/lib/jvm/java-7-oracle/jre/lib/amd64/libverify.so
7f87a29ff000-7f87a2a06000 r-xp 00000000 08:06 262731                     /lib/x86_64-linux-gnu/librt-2.21.so
7f87a2a06000-7f87a2c05000 ---p 00007000 08:06 262731                     /lib/x86_64-linux-gnu/librt-2.21.so
7f87a2c05000-7f87a2c06000 r--p 00006000 08:06 262731                     /lib/x86_64-linux-gnu/librt-2.21.so
7f87a2c06000-7f87a2c07000 rw-p 00007000 08:06 262731                     /lib/x86_64-linux-gnu/librt-2.21.so
7f87a2c07000-7f87a2d0e000 r-xp 00000000 08:06 262729                     /lib/x86_64-linux-gnu/libm-2.21.so
7f87a2d0e000-7f87a2f0d000 ---p 00107000 08:06 262729                     /lib/x86_64-linux-gnu/libm-2.21.so
7f87a2f0d000-7f87a2f0e000 r--p 00106000 08:06 262729                     /lib/x86_64-linux-gnu/libm-2.21.so
7f87a2f0e000-7f87a2f0f000 rw-p 00107000 08:06 262729                     /lib/x86_64-linux-gnu/libm-2.21.so
7f87a2f0f000-7f87a3a82000 r-xp 00000000 08:06 545878                     /usr/lib/jvm/java-7-oracle/jre/lib/amd64/server/libjvm.so
7f87a3a82000-7f87a3c81000 ---p 00b73000 08:06 545878                     /usr/lib/jvm/java-7-oracle/jre/lib/amd64/server/libjvm.so
7f87a3c81000-7f87a3d45000 rw-p 00b72000 08:06 545878                     /usr/lib/jvm/java-7-oracle/jre/lib/amd64/server/libjvm.so
7f87a3d45000-7f87a3d86000 rw-p 00000000 00:00 0 
7f87a3d86000-7f87a3f46000 r-xp 00000000 08:06 262734                     /lib/x86_64-linux-gnu/libc-2.21.so
7f87a3f46000-7f87a4146000 ---p 001c0000 08:06 262734                     /lib/x86_64-linux-gnu/libc-2.21.so
7f87a4146000-7f87a414a000 r--p 001c0000 08:06 262734                     /lib/x86_64-linux-gnu/libc-2.21.so
7f87a414a000-7f87a414c000 rw-p 001c4000 08:06 262734                     /lib/x86_64-linux-gnu/libc-2.21.so
7f87a414c000-7f87a4150000 rw-p 00000000 00:00 0 
7f87a4150000-7f87a4153000 r-xp 00000000 08:06 262717                     /lib/x86_64-linux-gnu/libdl-2.21.so
7f87a4153000-7f87a4352000 ---p 00003000 08:06 262717                     /lib/x86_64-linux-gnu/libdl-2.21.so
7f87a4352000-7f87a4353000 r--p 00002000 08:06 262717                     /lib/x86_64-linux-gnu/libdl-2.21.so
7f87a4353000-7f87a4354000 rw-p 00003000 08:06 262717                     /lib/x86_64-linux-gnu/libdl-2.21.so
7f87a4354000-7f87a436a000 r-xp 00000000 08:06 2498187                    /usr/lib/jvm/java-7-oracle/lib/amd64/jli/libjli.so
7f87a436a000-7f87a456a000 ---p 00016000 08:06 2498187                    /usr/lib/jvm/java-7-oracle/lib/amd64/jli/libjli.so
7f87a456a000-7f87a456b000 rw-p 00016000 08:06 2498187                    /usr/lib/jvm/java-7-oracle/lib/amd64/jli/libjli.so
7f87a456b000-7f87a4583000 r-xp 00000000 08:06 262721                     /lib/x86_64-linux-gnu/libpthread-2.21.so
7f87a4583000-7f87a4783000 ---p 00018000 08:06 262721                     /lib/x86_64-linux-gnu/libpthread-2.21.so
7f87a4783000-7f87a4784000 r--p 00018000 08:06 262721                     /lib/x86_64-linux-gnu/libpthread-2.21.so
7f87a4784000-7f87a4785000 rw-p 00019000 08:06 262721                     /lib/x86_64-linux-gnu/libpthread-2.21.so
7f87a4785000-7f87a4789000 rw-p 00000000 00:00 0 
7f87a4789000-7f87a47ad000 r-xp 00000000 08:06 262720                     /lib/x86_64-linux-gnu/ld-2.21.so
7f87a47ae000-7f87a47b3000 r--s 0008a000 08:06 2766855                    /usr/lib/jvm/java-7-oracle/jre/lib/jsse.jar
7f87a47b3000-7f87a47d8000 rw-p 00000000 00:00 0 
7f87a47d8000-7f87a4889000 rw-p 00000000 00:00 0 
7f87a4889000-7f87a488c000 ---p 00000000 00:00 0 
7f87a488c000-7f87a498e000 rw-p 00000000 00:00 0                          [stack:10485]
7f87a498f000-7f87a4990000 rw-p 00000000 00:00 0 
7f87a4990000-7f87a4991000 r--s 00000000 08:06 2900168                    /usr/share/java/jayatanaag.jar
7f87a4991000-7f87a49a0000 r--s 000df000 08:06 1979647                    /home/jincy/Android/Sdk/build-tools/23.0.0-preview/lib/dx.jar
7f87a49a0000-7f87a49a8000 rw-s 00000000 08:06 137764                     /tmp/hsperfdata_jincy/10477
7f87a49a8000-7f87a49a9000 rw-p 00000000 00:00 0 
7f87a49a9000-7f87a49aa000 ---p 00000000 00:00 0 
7f87a49aa000-7f87a49ac000 rw-p 00000000 00:00 0 
7f87a49ac000-7f87a49ad000 r--p 00023000 08:06 262720                     /lib/x86_64-linux-gnu/ld-2.21.so
7f87a49ad000-7f87a49ae000 rw-p 00024000 08:06 262720                     /lib/x86_64-linux-gnu/ld-2.21.so
7f87a49ae000-7f87a49af000 rw-p 00000000 00:00 0 
7fff18675000-7fff18698000 rw-p 00000000 00:00 0                          [stack]
7fff186cf000-7fff186d1000 r--p 00000000 00:00 0                          [vvar]
7fff186d1000-7fff186d3000 r-xp 00000000 00:00 0                          [vdso]
ffffffffff600000-ffffffffff601000 r-xp 00000000 00:00 0                  [vsyscall]

VM Arguments:
jvm_args: -javaagent:/usr/share/java/jayatanaag.jar -Xmx1024M -Dfile.encoding=UTF-8 -Duser.country=IN -Duser.language=en -Duser.variant 
java_command: com.android.dx.command.Main --dex --num-threads=4 --output /home/jincy/AndroidStudioProjects/Excel/excelapp/app/build/intermediates/dex/debug /home/jincy/AndroidStudioProjects/Excel/excelapp/app/build/intermediates/classes/debug /home/jincy/AndroidStudioProjects/Excel/excelapp/app/build/intermediates/pre-dexed/debug/support-annotations-22.2.0-07b7629f4e55bfd474e7c0831333c466560b71e2.jar /home/jincy/AndroidStudioProjects/Excel/excelapp/app/build/intermediates/pre-dexed/debug/classes-5d6e4ff3480ee9ca77547775313c002d762b2cdd.jar /home/jincy/AndroidStudioProjects/Excel/excelapp/app/build/intermediates/pre-dexed/debug/classes-278f5b7333c9f9e04ab30b474fd50b940136bbb3.jar /home/jincy/AndroidStudioProjects/Excel/excelapp/app/build/intermediates/pre-dexed/debug/kenburnsview-1.0.6-0b0897b813fe37756f011ffd6431f5165c8a264a.jar /home/jincy/AndroidStudioProjects/Excel/excelapp/app/build/intermediates/pre-dexed/debug/classes-feb2bec2c9039d482512dc9f68aafe04ad8f5826.jar /home/jincy/AndroidStudioProjects/Excel/excelapp/app/build/intermediates/pre-dexed/debug/internal_impl-22.0.0-a93f057de16a51e481a3522b2410d851a3b71152.jar /home/jincy/AndroidStudioProjects/Excel/excelapp/app/build/intermediates/pre-dexed/debug/classes-36e87b1e2f71bf5ada8b885a79a41707bb3d1e22.jar /home/jincy/AndroidStudioProjects/Excel/excelapp/app/build/intermediates/pre-dexed/debug/classes-711a6c3831ea3ab9fe7469a1fad1832a4fa2d211.jar /home/jincy/AndroidStudioProjects/Excel/excelapp/app/build/intermediates/pre-dexed/debug/classes-d9519fce651bc01bf90dfe5e5bf6a31eef095d62.jar /home/jincy/AndroidStudioProjects/Excel/excelapp/app/build/intermediates/pre-dexed/debug/classes-fdc57423a6444d2bf96d6d8c8861b77074a33fca.jar /home/jincy/AndroidStudioProjects/Excel/excelapp/app/build/intermediates/pre-dexed/debug/classes-45869dd154c002066db500ef58314fa60dfb10d5.jar /home/jincy/AndroidStudioProjects/Excel/excelapp/app/build/intermediates/pre-dexed/debug/classes-b80b53fe6591cc36ea4601295ea2ed2acf658bfd.jar /home/ji
Launcher Type: SUN_STANDARD

Environment Variables:
JAVA_TOOL_OPTIONS=-javaagent:/usr/share/java/jayatanaag.jar 
PATH=/usr/local/sbin:/usr/local/bin:/usr/sbin:/usr/bin:/sbin:/bin:/usr/games:/usr/local/games
SHELL=/bin/bash
DISPLAY=:0

Signal Handlers:
SIGSEGV: [libjvm.so+0x9a1a10], sa_mask[0]=0x7ffbfeff, sa_flags=0x10000004
SIGBUS: [libjvm.so+0x9a1a10], sa_mask[0]=0x7ffbfeff, sa_flags=0x10000004
SIGFPE: [libjvm.so+0x81bae0], sa_mask[0]=0x7ffbfeff, sa_flags=0x10000004
SIGPIPE: [libjvm.so+0x81bae0], sa_mask[0]=0x7ffbfeff, sa_flags=0x10000004
SIGXFSZ: [libjvm.so+0x81bae0], sa_mask[0]=0x7ffbfeff, sa_flags=0x10000004
SIGILL: [libjvm.so+0x81bae0], sa_mask[0]=0x7ffbfeff, sa_flags=0x10000004
SIGUSR1: SIG_DFL, sa_mask[0]=0x00000000, sa_flags=0x00000000
SIGUSR2: [libjvm.so+0x81d2e0], sa_mask[0]=0x00000004, sa_flags=0x10000004
SIGHUP: [libjvm.so+0x81e400], sa_mask[0]=0x7ffbfeff, sa_flags=0x10000004
SIGINT: [libjvm.so+0x81e400], sa_mask[0]=0x7ffbfeff, sa_flags=0x10000004
SIGTERM: [libjvm.so+0x81e400], sa_mask[0]=0x7ffbfeff, sa_flags=0x10000004
SIGQUIT: [libjvm.so+0x81e400], sa_mask[0]=0x7ffbfeff, sa_flags=0x10000004


---------------  S Y S T E M  ---------------

OS:jessie/sid

uname:Linux 3.19.0-22-generic #22-Ubuntu SMP Tue Jun 16 17:15:15 UTC 2015 x86_64
libc:glibc 2.21 NPTL 2.21 
rlimit: STACK 8192k, CORE 0k, NPROC 15184, NOFILE 65536, AS infinity
load average:1.95 1.00 0.68

/proc/meminfo:
MemTotal:        3975384 kB
MemFree:          115048 kB
MemAvailable:      68016 kB
Buffers:            1116 kB
Cached:           408704 kB
SwapCached:            0 kB
Active:          3311440 kB
Inactive:         366156 kB
Active(anon):    3302332 kB
Inactive(anon):   332780 kB
Active(file):       9108 kB
Inactive(file):    33376 kB
Unevictable:          32 kB
Mlocked:              32 kB
SwapTotal:             0 kB
SwapFree:              0 kB
Dirty:               284 kB
Writeback:             0 kB
AnonPages:       3268076 kB
Mapped:           143948 kB
Shmem:            367068 kB
Slab:              71688 kB
SReclaimable:      32384 kB
SUnreclaim:        39304 kB
KernelStack:       10144 kB
PageTables:        36024 kB
NFS_Unstable:          0 kB
Bounce:                0 kB
WritebackTmp:          0 kB
CommitLimit:     1987692 kB
Committed_AS:    7615460 kB
VmallocTotal:   34359738367 kB
VmallocUsed:      556592 kB
VmallocChunk:   34359108952 kB
HardwareCorrupted:     0 kB
AnonHugePages:   2297856 kB
CmaTotal:              0 kB
CmaFree:               0 kB
HugePages_Total:       0
HugePages_Free:        0
HugePages_Rsvd:        0
HugePages_Surp:        0
Hugepagesize:       2048 kB
DirectMap4k:      182912 kB
DirectMap2M:     2891776 kB
DirectMap1G:     2097152 kB


CPU:total 4 (2 cores per cpu, 2 threads per core) family 6 model 69 stepping 1, cmov, cx8, fxsr, mmx, sse, sse2, sse3, ssse3, sse4.1, sse4.2, popcnt, avx, avx2, aes, erms, ht, tsc, tscinvbit

/proc/cpuinfo:
processor	: 0
vendor_id	: GenuineIntel
cpu family	: 6
model		: 69
model name	: Intel(R) Core(TM) i3-4010U CPU @ 1.70GHz
stepping	: 1
microcode	: 0x16
cpu MHz		: 1197.437
cache size	: 3072 KB
physical id	: 0
siblings	: 4
core id		: 0
cpu cores	: 2
apicid		: 0
initial apicid	: 0
fpu		: yes
fpu_exception	: yes
cpuid level	: 13
wp		: yes
flags		: fpu vme de pse tsc msr pae mce cx8 apic sep mtrr pge mca cmov pat pse36 clflush dts acpi mmx fxsr sse sse2 ss ht tm pbe syscall nx pdpe1gb rdtscp lm constant_tsc arch_perfmon pebs bts rep_good nopl xtopology nonstop_tsc aperfmperf eagerfpu pni pclmulqdq dtes64 monitor ds_cpl vmx est tm2 ssse3 fma cx16 xtpr pdcm pcid sse4_1 sse4_2 x2apic movbe popcnt tsc_deadline_timer aes xsave avx f16c rdrand lahf_lm abm arat epb pln pts dtherm tpr_shadow vnmi flexpriority ept vpid fsgsbase tsc_adjust bmi1 avx2 smep bmi2 erms invpcid xsaveopt
bugs		:
bogomips	: 3392.32
clflush size	: 64
cache_alignment	: 64
address sizes	: 39 bits physical, 48 bits virtual
power management:

processor	: 1
vendor_id	: GenuineIntel
cpu family	: 6
model		: 69
model name	: Intel(R) Core(TM) i3-4010U CPU @ 1.70GHz
stepping	: 1
microcode	: 0x16
cpu MHz		: 833.863
cache size	: 3072 KB
physical id	: 0
siblings	: 4
core id		: 0
cpu cores	: 2
apicid		: 1
initial apicid	: 1
fpu		: yes
fpu_exception	: yes
cpuid level	: 13
wp		: yes
flags		: fpu vme de pse tsc msr pae mce cx8 apic sep mtrr pge mca cmov pat pse36 clflush dts acpi mmx fxsr sse sse2 ss ht tm pbe syscall nx pdpe1gb rdtscp lm constant_tsc arch_perfmon pebs bts rep_good nopl xtopology nonstop_tsc aperfmperf eagerfpu pni pclmulqdq dtes64 monitor ds_cpl vmx est tm2 ssse3 fma cx16 xtpr pdcm pcid sse4_1 sse4_2 x2apic movbe popcnt tsc_deadline_timer aes xsave avx f16c rdrand lahf_lm abm arat epb pln pts dtherm tpr_shadow vnmi flexpriority ept vpid fsgsbase tsc_adjust bmi1 avx2 smep bmi2 erms invpcid xsaveopt
bugs		:
bogomips	: 3392.32
clflush size	: 64
cache_alignment	: 64
address sizes	: 39 bits physical, 48 bits virtual
power management:

processor	: 2
vendor_id	: GenuineIntel
cpu family	: 6
model		: 69
model name	: Intel(R) Core(TM) i3-4010U CPU @ 1.70GHz
stepping	: 1
microcode	: 0x16
cpu MHz		: 961.761
cache size	: 3072 KB
physical id	: 0
siblings	: 4
core id		: 1
cpu cores	: 2
apicid		: 2
initial apicid	: 2
fpu		: yes
fpu_exception	: yes
cpuid level	: 13
wp		: yes
flags		: fpu vme de pse tsc msr pae mce cx8 apic sep mtrr pge mca cmov pat pse36 clflush dts acpi mmx fxsr sse sse2 ss ht tm pbe syscall nx pdpe1gb rdtscp lm constant_tsc arch_perfmon pebs bts rep_good nopl xtopology nonstop_tsc aperfmperf eagerfpu pni pclmulqdq dtes64 monitor ds_cpl vmx est tm2 ssse3 fma cx16 xtpr pdcm pcid sse4_1 sse4_2 x2apic movbe popcnt tsc_deadline_timer aes xsave avx f16c rdrand lahf_lm abm arat epb pln pts dtherm tpr_shadow vnmi flexpriority ept vpid fsgsbase tsc_adjust bmi1 avx2 smep bmi2 erms invpcid xsaveopt
bugs		:
bogomips	: 3392.32
clflush size	: 64
cache_alignment	: 64
address sizes	: 39 bits physical, 48 bits virtual
power management:

processor	: 3
vendor_id	: GenuineIntel
cpu family	: 6
model		: 69
model name	: Intel(R) Core(TM) i3-4010U CPU @ 1.70GHz
stepping	: 1
microcode	: 0x16
cpu MHz		: 1282.835
cache size	: 3072 KB
physical id	: 0
siblings	: 4
core id		: 1
cpu cores	: 2
apicid		: 3
initial apicid	: 3
fpu		: yes
fpu_exception	: yes
cpuid level	: 13
wp		: yes
flags		: fpu vme de pse tsc msr pae mce cx8 apic sep mtrr pge mca cmov pat pse36 clflush dts acpi mmx fxsr sse sse2 ss ht tm pbe syscall nx pdpe1gb rdtscp lm constant_tsc arch_perfmon pebs bts rep_good nopl xtopology nonstop_tsc aperfmperf eagerfpu pni pclmulqdq dtes64 monitor ds_cpl vmx est tm2 ssse3 fma cx16 xtpr pdcm pcid sse4_1 sse4_2 x2apic movbe popcnt tsc_deadline_timer aes xsave avx f16c rdrand lahf_lm abm arat epb pln pts dtherm tpr_shadow vnmi flexpriority ept vpid fsgsbase tsc_adjust bmi1 avx2 smep bmi2 erms invpcid xsaveopt
bugs		:
bogomips	: 3392.32
clflush size	: 64
cache_alignment	: 64
address sizes	: 39 bits physical, 48 bits virtual
power management:



Memory: 4k page, physical 3975384k(115048k free), swap 0k(0k free)

vm_info: Java HotSpot(TM) 64-Bit Server VM (24.72-b04) for linux-amd64 JRE (1.7.0_72-b14), built on Sep 26 2014 18:20:41 by "java_re" with gcc 4.3.0 20080428 (Red Hat 4.3.0-8)

time: Sun Aug  9 16:01:34 2015
elapsed time: 25 seconds

