#
# There is insufficient memory for the Java Runtime Environment to continue.
# Native memory allocation (malloc) failed to allocate 90177536 bytes for committing reserved memory.
# Possible reasons:
#   The system is out of physical RAM or swap space
#   In 32 bit mode, the process size limit was hit
# Possible solutions:
#   Reduce memory load on the system
#   Increase physical memory or swap space
#   Check if swap backing store is full
#   Use 64 bit Java on a 64 bit OS
#   Decrease Java heap size (-Xmx/-Xms)
#   Decrease number of Java threads
#   Decrease Java thread stack sizes (-Xss)
#   Set larger code cache with -XX:ReservedCodeCacheSize=
# This output file may be truncated or incomplete.
#
#  Out of Memory Error (os_linux.cpp:2756), pid=4235, tid=139879503091456
#
# JRE version: Java(TM) SE Runtime Environment (7.0_72-b14) (build 1.7.0_72-b14)
# Java VM: Java HotSpot(TM) 64-Bit Server VM (24.72-b04 mixed mode linux-amd64 compressed oops)
# Failed to write core dump. Core dumps have been disabled. To enable core dumping, try "ulimit -c unlimited" before starting Java again
#

---------------  T H R E A D  ---------------

Current thread (0x00007f3838135800):  VMThread [stack: 0x00007f383c07d000,0x00007f383c17e000] [id=4245]

Stack: [0x00007f383c07d000,0x00007f383c17e000],  sp=0x00007f383c17c000,  free space=1020k
Native frames: (J=compiled Java code, j=interpreted, Vv=VM code, C=native code)
V  [libjvm.so+0x9a10fa]  VMError::report_and_die()+0x2ea
V  [libjvm.so+0x49755b]  report_vm_out_of_memory(char const*, int, unsigned long, char const*)+0x9b
V  [libjvm.so+0x81ec4e]  os::Linux::commit_memory_impl(char*, unsigned long, bool)+0xfe
V  [libjvm.so+0x81f199]  os::pd_commit_memory(char*, unsigned long, unsigned long, bool)+0x29
V  [libjvm.so+0x818f2a]  os::commit_memory(char*, unsigned long, unsigned long, bool)+0x2a
V  [libjvm.so+0x88ba53]  PSVirtualSpace::expand_by(unsigned long)+0x53
V  [libjvm.so+0x88ce28]  PSYoungGen::resize_generation(unsigned long, unsigned long)+0xf8
V  [libjvm.so+0x88bf92]  PSYoungGen::resize(unsigned long, unsigned long)+0x22
V  [libjvm.so+0x8893e3]  PSScavenge::invoke_no_policy()+0xfb3
V  [libjvm.so+0x889b91]  PSScavenge::invoke()+0x41
V  [libjvm.so+0x8407c0]  ParallelScavengeHeap::failed_mem_allocate(unsigned long)+0x70
V  [libjvm.so+0x9a2987]  VM_ParallelGCFailedAllocation::doit()+0x97
V  [libjvm.so+0x9a9e25]  VM_Operation::evaluate()+0x55
V  [libjvm.so+0x9a81ea]  VMThread::evaluate_operation(VM_Operation*)+0xba
V  [libjvm.so+0x9a856e]  VMThread::loop()+0x1ce
V  [libjvm.so+0x9a89e0]  VMThread::run()+0x70
V  [libjvm.so+0x820c28]  java_start(Thread*)+0x108

VM_Operation (0x00007f3840d62520): ParallelGCFailedAllocation, mode: safepoint, requested by thread 0x00007f383800e800


---------------  P R O C E S S  ---------------

Java Threads: ( => current thread )
  0x00007f383818e000 JavaThread "Service Thread" daemon [_thread_blocked, id=4251, stack(0x00007f382d867000,0x00007f382d968000)]
  0x00007f383818b000 JavaThread "C2 CompilerThread1" daemon [_thread_blocked, id=4250, stack(0x00007f382d968000,0x00007f382da69000)]
  0x00007f3838189000 JavaThread "C2 CompilerThread0" daemon [_thread_blocked, id=4249, stack(0x00007f382da69000,0x00007f382db6a000)]
  0x00007f383815d000 JavaThread "Signal Dispatcher" daemon [_thread_blocked, id=4248, stack(0x00007f3834a34000,0x00007f3834b35000)]
  0x00007f383813c000 JavaThread "Finalizer" daemon [_thread_blocked, id=4247, stack(0x00007f3834dfe000,0x00007f3834eff000)]
  0x00007f383813a000 JavaThread "Reference Handler" daemon [_thread_blocked, id=4246, stack(0x00007f3834eff000,0x00007f3835000000)]
  0x00007f383800e800 JavaThread "main" [_thread_blocked, id=4240, stack(0x00007f3840c63000,0x00007f3840d64000)]

Other Threads:
=>0x00007f3838135800 VMThread [stack: 0x00007f383c07d000,0x00007f383c17e000] [id=4245]
  0x00007f3838199000 WatcherThread [stack: 0x00007f382d766000,0x00007f382d867000] [id=4252]

VM state:at safepoint (normal execution)

VM Mutex/Monitor currently owned by a thread:  ([mutex/lock_event])
[0x00007f383800ac00] Threads_lock - owner thread: 0x00007f3838135800
[0x00007f383800b100] Heap_lock - owner thread: 0x00007f383800e800

Heap
 PSYoungGen      total 66048K, used 2550K [0x00000000eaa80000, 0x00000000eed80000, 0x0000000100000000)
  eden space 63488K, 0% used [0x00000000eaa80000,0x00000000eaa80000,0x00000000ee880000)
  from space 2560K, 99% used [0x00000000ee880000,0x00000000eeafdbe8,0x00000000eeb00000)
  to   space 2560K, 0% used [0x00000000eeb00000,0x00000000eeb00000,0x00000000eed80000)
 ParOldGen       total 41472K, used 29215K [0x00000000c0000000, 0x00000000c2880000, 0x00000000eaa80000)
  object space 41472K, 70% used [0x00000000c0000000,0x00000000c1c87f60,0x00000000c2880000)
 PSPermGen       total 21504K, used 7436K [0x00000000bae00000, 0x00000000bc300000, 0x00000000c0000000)
  object space 21504K, 34% used [0x00000000bae00000,0x00000000bb5431e8,0x00000000bc300000)

Card table byte_map: [0x00007f383db15000,0x00007f383dd3f000] byte_map_base: 0x00007f383d53e000

Polling page: 0x00007f3840d83000

Code Cache  [0x00007f3835000000, 0x00007f3835300000, 0x00007f3838000000)
 total_blobs=1145 nmethods=890 adapters=208 free_code_cache=46167Kb largest_free_block=47231552

Compilation events (10 events):
Event: 9.582 Thread 0x00007f3838189000 nmethod 910 0x00007f38352ea810 code [0x00007f38352ea9c0, 0x00007f38352eafb8]
Event: 9.583 Thread 0x00007f3838189000  915             com.android.dx.merge.InstructionTransformer$GenericVisitor::visit (17 bytes)
Event: 9.585 Thread 0x00007f3838189000 nmethod 915 0x00007f38352f1850 code [0x00007f38352f19a0, 0x00007f38352f1a98]
Event: 9.589 Thread 0x00007f383818b000 nmethod 914 0x00007f38352e94d0 code [0x00007f38352e9620, 0x00007f38352e98d8]
Event: 9.604 Thread 0x00007f3838189000  916             com.android.dx.merge.IndexMap::adjustMethod (10 bytes)
Event: 9.605 Thread 0x00007f3838189000 nmethod 916 0x00007f38352ea590 code [0x00007f38352ea6e0, 0x00007f38352ea778]
Event: 9.619 Thread 0x00007f383818b000  917             com.android.dx.io.instructions.ShortArrayCodeOutput::write (11 bytes)
Event: 9.621 Thread 0x00007f383818b000 nmethod 917 0x00007f38352ea250 code [0x00007f38352ea3a0, 0x00007f38352ea478]
Event: 9.623 Thread 0x00007f3838189000  918             com.android.dx.io.instructions.ShortArrayCodeOutput::write (16 bytes)
Event: 9.624 Thread 0x00007f3838189000 nmethod 918 0x00007f38352e9e10 code [0x00007f38352e9f60, 0x00007f38352ea058]

GC Heap History (9 events):
Event: 1.721 GC heap before
{Heap before GC invocations=1 (full 0):
 PSYoungGen      total 18432K, used 15872K [0x00000000eaa80000, 0x00000000ebf00000, 0x0000000100000000)
  eden space 15872K, 100% used [0x00000000eaa80000,0x00000000eba00000,0x00000000eba00000)
  from space 2560K, 0% used [0x00000000ebc80000,0x00000000ebc80000,0x00000000ebf00000)
  to   space 2560K, 0% used [0x00000000eba00000,0x00000000eba00000,0x00000000ebc80000)
 ParOldGen       total 41472K, used 0K [0x00000000c0000000, 0x00000000c2880000, 0x00000000eaa80000)
  object space 41472K, 0% used [0x00000000c0000000,0x00000000c0000000,0x00000000c2880000)
 PSPermGen       total 21504K, used 5089K [0x00000000bae00000, 0x00000000bc300000, 0x00000000c0000000)
  object space 21504K, 23% used [0x00000000bae00000,0x00000000bb2f8450,0x00000000bc300000)
Event: 1.738 GC heap after
Heap after GC invocations=1 (full 0):
 PSYoungGen      total 18432K, used 2551K [0x00000000eaa80000, 0x00000000ece80000, 0x0000000100000000)
  eden space 15872K, 0% used [0x00000000eaa80000,0x00000000eaa80000,0x00000000eba00000)
  from space 2560K, 99% used [0x00000000eba00000,0x00000000ebc7dcd0,0x00000000ebc80000)
  to   space 2560K, 0% used [0x00000000ecc00000,0x00000000ecc00000,0x00000000ece80000)
 ParOldGen       total 41472K, used 2039K [0x00000000c0000000, 0x00000000c2880000, 0x00000000eaa80000)
  object space 41472K, 4% used [0x00000000c0000000,0x00000000c01fdc80,0x00000000c2880000)
 PSPermGen       total 21504K, used 5089K [0x00000000bae00000, 0x00000000bc300000, 0x00000000c0000000)
  object space 21504K, 23% used [0x00000000bae00000,0x00000000bb2f8450,0x00000000bc300000)
}
Event: 2.189 GC heap before
{Heap before GC invocations=2 (full 0):
 PSYoungGen      total 18432K, used 18423K [0x00000000eaa80000, 0x00000000ece80000, 0x0000000100000000)
  eden space 15872K, 100% used [0x00000000eaa80000,0x00000000eba00000,0x00000000eba00000)
  from space 2560K, 99% used [0x00000000eba00000,0x00000000ebc7dcd0,0x00000000ebc80000)
  to   space 2560K, 0% used [0x00000000ecc00000,0x00000000ecc00000,0x00000000ece80000)
 ParOldGen       total 41472K, used 2039K [0x00000000c0000000, 0x00000000c2880000, 0x00000000eaa80000)
  object space 41472K, 4% used [0x00000000c0000000,0x00000000c01fdc80,0x00000000c2880000)
 PSPermGen       total 21504K, used 5182K [0x00000000bae00000, 0x00000000bc300000, 0x00000000c0000000)
  object space 21504K, 24% used [0x00000000bae00000,0x00000000bb30fb40,0x00000000bc300000)
Event: 2.209 GC heap after
Heap after GC invocations=2 (full 0):
 PSYoungGen      total 34304K, used 2558K [0x00000000eaa80000, 0x00000000ece80000, 0x0000000100000000)
  eden space 31744K, 0% used [0x00000000eaa80000,0x00000000eaa80000,0x00000000ec980000)
  from space 2560K, 99% used [0x00000000ecc00000,0x00000000ece7f9c8,0x00000000ece80000)
  to   space 2560K, 0% used [0x00000000ec980000,0x00000000ec980000,0x00000000ecc00000)
 ParOldGen       total 41472K, used 5708K [0x00000000c0000000, 0x00000000c2880000, 0x00000000eaa80000)
  object space 41472K, 13% used [0x00000000c0000000,0x00000000c0593008,0x00000000c2880000)
 PSPermGen       total 21504K, used 5182K [0x00000000bae00000, 0x00000000bc300000, 0x00000000c0000000)
  object space 21504K, 24% used [0x00000000bae00000,0x00000000bb30fb40,0x00000000bc300000)
}
Event: 3.432 GC heap before
{Heap before GC invocations=3 (full 0):
 PSYoungGen      total 34304K, used 34302K [0x00000000eaa80000, 0x00000000ece80000, 0x0000000100000000)
  eden space 31744K, 100% used [0x00000000eaa80000,0x00000000ec980000,0x00000000ec980000)
  from space 2560K, 99% used [0x00000000ecc00000,0x00000000ece7f9c8,0x00000000ece80000)
  to   space 2560K, 0% used [0x00000000ec980000,0x00000000ec980000,0x00000000ecc00000)
 ParOldGen       total 41472K, used 5708K [0x00000000c0000000, 0x00000000c2880000, 0x00000000eaa80000)
  object space 41472K, 13% used [0x00000000c0000000,0x00000000c0593008,0x00000000c2880000)
 PSPermGen       total 21504K, used 5425K [0x00000000bae00000, 0x00000000bc300000, 0x00000000c0000000)
  object space 21504K, 25% used [0x00000000bae00000,0x00000000bb34c5d0,0x00000000bc300000)
Event: 3.484 GC heap after
Heap after GC invocations=3 (full 0):
 PSYoungGen      total 34304K, used 2529K [0x00000000eaa80000, 0x00000000eed80000, 0x0000000100000000)
  eden space 31744K, 0% used [0x00000000eaa80000,0x00000000eaa80000,0x00000000ec980000)
  from space 2560K, 98% used [0x00000000ec980000,0x00000000ecbf87c8,0x00000000ecc00000)
  to   space 2560K, 0% used [0x00000000eeb00000,0x00000000eeb00000,0x00000000eed80000)
 ParOldGen       total 41472K, used 11671K [0x00000000c0000000, 0x00000000c2880000, 0x00000000eaa80000)
  object space 41472K, 28% used [0x00000000c0000000,0x00000000c0b65f28,0x00000000c2880000)
 PSPermGen       total 21504K, used 5425K [0x00000000bae00000, 0x00000000bc300000, 0x00000000c0000000)
  object space 21504K, 25% used [0x00000000bae00000,0x00000000bb34c5d0,0x00000000bc300000)
}
Event: 4.671 GC heap before
{Heap before GC invocations=4 (full 0):
 PSYoungGen      total 34304K, used 34273K [0x00000000eaa80000, 0x00000000eed80000, 0x0000000100000000)
  eden space 31744K, 100% used [0x00000000eaa80000,0x00000000ec980000,0x00000000ec980000)
  from space 2560K, 98% used [0x00000000ec980000,0x00000000ecbf87c8,0x00000000ecc00000)
  to   space 2560K, 0% used [0x00000000eeb00000,0x00000000eeb00000,0x00000000eed80000)
 ParOldGen       total 41472K, used 11671K [0x00000000c0000000, 0x00000000c2880000, 0x00000000eaa80000)
  object space 41472K, 28% used [0x00000000c0000000,0x00000000c0b65f28,0x00000000c2880000)
 PSPermGen       total 21504K, used 5838K [0x00000000bae00000, 0x00000000bc300000, 0x00000000c0000000)
  object space 21504K, 27% used [0x00000000bae00000,0x00000000bb3b3828,0x00000000bc300000)
Event: 4.732 GC heap after
Heap after GC invocations=4 (full 0):
 PSYoungGen      total 66048K, used 2534K [0x00000000eaa80000, 0x00000000eed80000, 0x0000000100000000)
  eden space 63488K, 0% used [0x00000000eaa80000,0x00000000eaa80000,0x00000000ee880000)
  from space 2560K, 99% used [0x00000000eeb00000,0x00000000eed79ab0,0x00000000eed80000)
  to   space 2560K, 0% used [0x00000000ee880000,0x00000000ee880000,0x00000000eeb00000)
 ParOldGen       total 41472K, used 16931K [0x00000000c0000000, 0x00000000c2880000, 0x00000000eaa80000)
  object space 41472K, 40% used [0x00000000c0000000,0x00000000c1088c78,0x00000000c2880000)
 PSPermGen       total 21504K, used 5838K [0x00000000bae00000, 0x00000000bc300000, 0x00000000c0000000)
  object space 21504K, 27% used [0x00000000bae00000,0x00000000bb3b3828,0x00000000bc300000)
}
Event: 9.635 GC heap before
{Heap before GC invocations=5 (full 0):
 PSYoungGen      total 66048K, used 65021K [0x00000000eaa80000, 0x00000000eed80000, 0x0000000100000000)
  eden space 63488K, 98% used [0x00000000eaa80000,0x00000000ee785b10,0x00000000ee880000)
  from space 2560K, 99% used [0x00000000eeb00000,0x00000000eed79ab0,0x00000000eed80000)
  to   space 2560K, 0% used [0x00000000ee880000,0x00000000ee880000,0x00000000eeb00000)
 ParOldGen       total 41472K, used 16931K [0x00000000c0000000, 0x00000000c2880000, 0x00000000eaa80000)
  object space 41472K, 40% used [0x00000000c0000000,0x00000000c1088c78,0x00000000c2880000)
 PSPermGen       total 21504K, used 7436K [0x00000000bae00000, 0x00000000bc300000, 0x00000000c0000000)
  object space 21504K, 34% used [0x00000000bae00000,0x00000000bb5431e8,0x00000000bc300000)

Deoptimization events (10 events):
Event: 9.254 Thread 0x00007f383800e800 Uncommon trap: reason=class_check action=maybe_recompile pc=0x00007f38350e8bfc method=java.util.HashMap.<init>(IF)V @ 115
Event: 9.254 Thread 0x00007f383800e800 Uncommon trap: reason=class_check action=maybe_recompile pc=0x00007f38350f6024 method=java.util.HashMap.<init>(IF)V @ 115
Event: 9.322 Thread 0x00007f383800e800 Uncommon trap: reason=class_check action=maybe_recompile pc=0x00007f38351d1cd8 method=java.util.Collections.unmodifiableList(Ljava/util/List;)Ljava/util/List; @ 1
Event: 9.322 Thread 0x00007f383800e800 Uncommon trap: reason=class_check action=maybe_recompile pc=0x00007f38351d1cd8 method=java.util.Collections.unmodifiableList(Ljava/util/List;)Ljava/util/List; @ 1
Event: 9.322 Thread 0x00007f383800e800 Uncommon trap: reason=class_check action=maybe_recompile pc=0x00007f38351d1cd8 method=java.util.Collections.unmodifiableList(Ljava/util/List;)Ljava/util/List; @ 1
Event: 9.344 Thread 0x00007f383800e800 Uncommon trap: reason=class_check action=maybe_recompile pc=0x00007f38351275a8 method=java.util.ArrayList.<init>(Ljava/util/Collection;)V @ 6
Event: 9.371 Thread 0x00007f383800e800 Uncommon trap: reason=class_check action=maybe_recompile pc=0x00007f38350e8bfc method=java.util.HashMap.<init>(IF)V @ 115
Event: 9.371 Thread 0x00007f383800e800 Uncommon trap: reason=class_check action=maybe_recompile pc=0x00007f38351275a8 method=java.util.ArrayList.<init>(Ljava/util/Collection;)V @ 6
Event: 9.427 Thread 0x00007f383800e800 Uncommon trap: reason=predicate action=maybe_recompile pc=0x00007f38352d0990 method=com.android.dex.Leb128.readUnsignedLeb128(Lcom/android/dex/util/ByteInput;)I @ 41
Event: 9.540 Thread 0x00007f383800e800 Uncommon trap: reason=unreached action=reinterpret pc=0x00007f38352dff10 method=com.android.dx.merge.DexMerger$IdMerger.mergeSorted()V @ 261

Internal exceptions (10 events):
Event: 8.680 Thread 0x00007f383800e800 Threw 0x00000000ed96dde8 at /HUDSON/workspace/7u-2-build-linux-amd64/jdk7u72/1606/hotspot/src/share/vm/prims/jvm.cpp:1281
Event: 8.680 Thread 0x00007f383800e800 Threw 0x00000000ed971170 at /HUDSON/workspace/7u-2-build-linux-amd64/jdk7u72/1606/hotspot/src/share/vm/prims/jvm.cpp:1281
Event: 8.681 Thread 0x00007f383800e800 Threw 0x00000000ed974788 at /HUDSON/workspace/7u-2-build-linux-amd64/jdk7u72/1606/hotspot/src/share/vm/prims/jvm.cpp:1281
Event: 8.681 Thread 0x00007f383800e800 Threw 0x00000000ed978440 at /HUDSON/workspace/7u-2-build-linux-amd64/jdk7u72/1606/hotspot/src/share/vm/prims/jvm.cpp:1281
Event: 8.685 Thread 0x00007f383800e800 Threw 0x00000000ed97fb08 at /HUDSON/workspace/7u-2-build-linux-amd64/jdk7u72/1606/hotspot/src/share/vm/prims/jvm.cpp:1281
Event: 8.686 Thread 0x00007f383800e800 Threw 0x00000000ed982008 at /HUDSON/workspace/7u-2-build-linux-amd64/jdk7u72/1606/hotspot/src/share/vm/prims/jvm.cpp:1281
Event: 9.320 Thread 0x00007f383800e800 Threw 0x00000000edbdf6c0 at /HUDSON/workspace/7u-2-build-linux-amd64/jdk7u72/1606/hotspot/src/share/vm/prims/jvm.cpp:1281
Event: 9.320 Thread 0x00007f383800e800 Threw 0x00000000edbdf7e8 at /HUDSON/workspace/7u-2-build-linux-amd64/jdk7u72/1606/hotspot/src/share/vm/prims/jvm.cpp:1281
Event: 9.321 Thread 0x00007f383800e800 Threw 0x00000000edbe1b58 at /HUDSON/workspace/7u-2-build-linux-amd64/jdk7u72/1606/hotspot/src/share/vm/prims/jvm.cpp:1281
Event: 9.321 Thread 0x00007f383800e800 Threw 0x00000000edbe1c80 at /HUDSON/workspace/7u-2-build-linux-amd64/jdk7u72/1606/hotspot/src/share/vm/prims/jvm.cpp:1281

Events (10 events):
Event: 9.398 loading class 0x00007f380837c7c0 done
Event: 9.398 loading class 0x00007f380837d730
Event: 9.398 loading class 0x00007f380837d730 done
Event: 9.427 Thread 0x00007f383800e800 Uncommon trap: trap_request=0xffffff86 fr.pc=0x00007f38352d0990
Event: 9.427 Thread 0x00007f383800e800 DEOPT PACKING pc=0x00007f38352d0990 sp=0x00007f3840d622b0
Event: 9.427 Thread 0x00007f383800e800 DEOPT UNPACKING pc=0x00007f3835039445 sp=0x00007f3840d62278 mode 2
Event: 9.540 Thread 0x00007f383800e800 Uncommon trap: trap_request=0xffffffad fr.pc=0x00007f38352dff10
Event: 9.540 Thread 0x00007f383800e800 DEOPT PACKING pc=0x00007f38352dff10 sp=0x00007f3840d62610
Event: 9.540 Thread 0x00007f383800e800 DEOPT UNPACKING pc=0x00007f3835039445 sp=0x00007f3840d625b8 mode 2
Event: 9.635 Executing VM operation: ParallelGCFailedAllocation


Dynamic libraries:
00400000-00401000 r-xp 00000000 08:06 2498323                            /usr/lib/jvm/java-7-oracle/bin/java
00600000-00601000 rw-p 00000000 08:06 2498323                            /usr/lib/jvm/java-7-oracle/bin/java
01622000-01643000 rw-p 00000000 00:00 0                                  [heap]
bae00000-bc300000 rw-p 00000000 00:00 0 
bc300000-c0000000 rw-p 00000000 00:00 0 
c0000000-c2880000 rw-p 00000000 00:00 0 
c2880000-eaa80000 rw-p 00000000 00:00 0 
eaa80000-eed80000 rw-p 00000000 00:00 0 
f4380000-100000000 rw-p 00000000 00:00 0 
7f37e8000000-7f37e8021000 rw-p 00000000 00:00 0 
7f37e8021000-7f37ec000000 ---p 00000000 00:00 0 
7f37f0000000-7f37f0021000 rw-p 00000000 00:00 0 
7f37f0021000-7f37f4000000 ---p 00000000 00:00 0 
7f37f4000000-7f37f402b000 rw-p 00000000 00:00 0 
7f37f402b000-7f37f8000000 ---p 00000000 00:00 0 
7f37f8000000-7f37f8024000 rw-p 00000000 00:00 0 
7f37f8024000-7f37fc000000 ---p 00000000 00:00 0 
7f37fc000000-7f37fc021000 rw-p 00000000 00:00 0 
7f37fc021000-7f3800000000 ---p 00000000 00:00 0 
7f3800000000-7f3800021000 rw-p 00000000 00:00 0 
7f3800021000-7f3804000000 ---p 00000000 00:00 0 
7f3804000000-7f3804021000 rw-p 00000000 00:00 0 
7f3804021000-7f3808000000 ---p 00000000 00:00 0 
7f3808000000-7f3809356000 rw-p 00000000 00:00 0 
7f3809356000-7f380c000000 ---p 00000000 00:00 0 
7f380c000000-7f380d475000 rw-p 00000000 00:00 0 
7f380d475000-7f3810000000 ---p 00000000 00:00 0 
7f3810000000-7f3810021000 rw-p 00000000 00:00 0 
7f3810021000-7f3814000000 ---p 00000000 00:00 0 
7f3814000000-7f3814021000 rw-p 00000000 00:00 0 
7f3814021000-7f3818000000 ---p 00000000 00:00 0 
7f3818000000-7f381824e000 rw-p 00000000 00:00 0 
7f381824e000-7f381c000000 ---p 00000000 00:00 0 
7f381c000000-7f381c021000 rw-p 00000000 00:00 0 
7f381c021000-7f3820000000 ---p 00000000 00:00 0 
7f3820000000-7f3820021000 rw-p 00000000 00:00 0 
7f3820021000-7f3824000000 ---p 00000000 00:00 0 
7f3824000000-7f3824021000 rw-p 00000000 00:00 0 
7f3824021000-7f3828000000 ---p 00000000 00:00 0 
7f3828000000-7f3828021000 rw-p 00000000 00:00 0 
7f3828021000-7f382c000000 ---p 00000000 00:00 0 
7f382cb38000-7f382ce39000 rw-p 00000000 00:00 0 
7f382ce39000-7f382ce4f000 r-xp 00000000 08:06 545865                     /usr/lib/jvm/java-7-oracle/jre/lib/amd64/libnet.so
7f382ce4f000-7f382d04f000 ---p 00016000 08:06 545865                     /usr/lib/jvm/java-7-oracle/jre/lib/amd64/libnet.so
7f382d04f000-7f382d050000 rw-p 00016000 08:06 545865                     /usr/lib/jvm/java-7-oracle/jre/lib/amd64/libnet.so
7f382d050000-7f382d060000 r-xp 00000000 08:06 545905                     /usr/lib/jvm/java-7-oracle/jre/lib/amd64/libnio.so
7f382d060000-7f382d260000 ---p 00010000 08:06 545905                     /usr/lib/jvm/java-7-oracle/jre/lib/amd64/libnio.so
7f382d260000-7f382d261000 rw-p 00010000 08:06 545905                     /usr/lib/jvm/java-7-oracle/jre/lib/amd64/libnio.so
7f382d261000-7f382d264000 ---p 00000000 00:00 0 
7f382d264000-7f382d362000 rw-p 00000000 00:00 0 
7f382d362000-7f382d365000 ---p 00000000 00:00 0 
7f382d365000-7f382d463000 rw-p 00000000 00:00 0 
7f382d463000-7f382d466000 ---p 00000000 00:00 0 
7f382d466000-7f382d564000 rw-p 00000000 00:00 0 
7f382d564000-7f382d567000 ---p 00000000 00:00 0 
7f382d567000-7f382d665000 rw-p 00000000 00:00 0 
7f382d665000-7f382d668000 ---p 00000000 00:00 0 
7f382d668000-7f382d766000 rw-p 00000000 00:00 0 
7f382d766000-7f382d767000 ---p 00000000 00:00 0 
7f382d767000-7f382d867000 rw-p 00000000 00:00 0                          [stack:4252]
7f382d867000-7f382d86a000 ---p 00000000 00:00 0 
7f382d86a000-7f382d968000 rw-p 00000000 00:00 0                          [stack:4251]
7f382d968000-7f382d96b000 ---p 00000000 00:00 0 
7f382d96b000-7f382da69000 rw-p 00000000 00:00 0                          [stack:4250]
7f382da69000-7f382da6c000 ---p 00000000 00:00 0 
7f382da6c000-7f382db6a000 rw-p 00000000 00:00 0                          [stack:4249]
7f382db6a000-7f382db6f000 r-xp 00000000 08:06 2504688                    /usr/lib/x86_64-linux-gnu/libXdmcp.so.6.0.0
7f382db6f000-7f382dd6e000 ---p 00005000 08:06 2504688                    /usr/lib/x86_64-linux-gnu/libXdmcp.so.6.0.0
7f382dd6e000-7f382dd6f000 r--p 00004000 08:06 2504688                    /usr/lib/x86_64-linux-gnu/libXdmcp.so.6.0.0
7f382dd6f000-7f382dd70000 rw-p 00005000 08:06 2504688                    /usr/lib/x86_64-linux-gnu/libXdmcp.so.6.0.0
7f382dd70000-7f3830000000 rw-p 00000000 00:00 0 
7f3830000000-7f3830021000 rw-p 00000000 00:00 0 
7f3830021000-7f3834000000 ---p 00000000 00:00 0 
7f38340d5000-7f38340d7000 r-xp 00000000 08:06 2504677                    /usr/lib/x86_64-linux-gnu/libXau.so.6.0.0
7f38340d7000-7f38342d7000 ---p 00002000 08:06 2504677                    /usr/lib/x86_64-linux-gnu/libXau.so.6.0.0
7f38342d7000-7f38342d8000 r--p 00002000 08:06 2504677                    /usr/lib/x86_64-linux-gnu/libXau.so.6.0.0
7f38342d8000-7f38342d9000 rw-p 00003000 08:06 2504677                    /usr/lib/x86_64-linux-gnu/libXau.so.6.0.0
7f38342d9000-7f38342f6000 r-xp 00000000 08:06 2505797                    /usr/lib/x86_64-linux-gnu/libxcb.so.1.1.0
7f38342f6000-7f38344f6000 ---p 0001d000 08:06 2505797                    /usr/lib/x86_64-linux-gnu/libxcb.so.1.1.0
7f38344f6000-7f38344f7000 r--p 0001d000 08:06 2505797                    /usr/lib/x86_64-linux-gnu/libxcb.so.1.1.0
7f38344f7000-7f38344f8000 rw-p 0001e000 08:06 2505797                    /usr/lib/x86_64-linux-gnu/libxcb.so.1.1.0
7f38344f8000-7f383462b000 r-xp 00000000 08:06 2504673                    /usr/lib/x86_64-linux-gnu/libX11.so.6.3.0
7f383462b000-7f383482b000 ---p 00133000 08:06 2504673                    /usr/lib/x86_64-linux-gnu/libX11.so.6.3.0
7f383482b000-7f383482c000 r--p 00133000 08:06 2504673                    /usr/lib/x86_64-linux-gnu/libX11.so.6.3.0
7f383482c000-7f3834830000 rw-p 00134000 08:06 2504673                    /usr/lib/x86_64-linux-gnu/libX11.so.6.3.0
7f3834830000-7f3834831000 rw-p 00000000 00:00 0 
7f3834831000-7f3834833000 r-xp 00000000 08:06 2495818                    /usr/lib/jayatana/libjayatanaag.so
7f3834833000-7f3834a32000 ---p 00002000 08:06 2495818                    /usr/lib/jayatana/libjayatanaag.so
7f3834a32000-7f3834a33000 r--p 00001000 08:06 2495818                    /usr/lib/jayatana/libjayatanaag.so
7f3834a33000-7f3834a34000 rw-p 00002000 08:06 2495818                    /usr/lib/jayatana/libjayatanaag.so
7f3834a34000-7f3834a37000 ---p 00000000 00:00 0 
7f3834a37000-7f3834b35000 rw-p 00000000 00:00 0                          [stack:4248]
7f3834b35000-7f3834dfe000 r--p 00000000 08:06 2495346                    /usr/lib/locale/locale-archive
7f3834dfe000-7f3834e01000 ---p 00000000 00:00 0 
7f3834e01000-7f3834eff000 rw-p 00000000 00:00 0                          [stack:4247]
7f3834eff000-7f3834f02000 ---p 00000000 00:00 0 
7f3834f02000-7f3835000000 rw-p 00000000 00:00 0                          [stack:4246]
7f3835000000-7f3835300000 rwxp 00000000 00:00 0 
7f3835300000-7f3838266000 rw-p 00000000 00:00 0 
7f3838266000-7f383c000000 ---p 00000000 00:00 0 
7f383c07d000-7f383c07e000 ---p 00000000 00:00 0 
7f383c07e000-7f383d0d8000 rw-p 00000000 00:00 0                          [stack:4245]
7f383d0d8000-7f383d298000 r--s 039ea000 08:06 2766848                    /usr/lib/jvm/java-7-oracle/jre/lib/rt.jar
7f383d298000-7f383d592000 rw-p 00000000 00:00 0 
7f383d592000-7f383d593000 ---p 00000000 00:00 0 
7f383d593000-7f383d693000 rw-p 00000000 00:00 0                          [stack:4244]
7f383d693000-7f383d694000 ---p 00000000 00:00 0 
7f383d694000-7f383d794000 rw-p 00000000 00:00 0                          [stack:4243]
7f383d794000-7f383d795000 ---p 00000000 00:00 0 
7f383d795000-7f383d895000 rw-p 00000000 00:00 0                          [stack:4242]
7f383d895000-7f383d896000 ---p 00000000 00:00 0 
7f383d896000-7f383d9a1000 rw-p 00000000 00:00 0                          [stack:4241]
7f383d9a1000-7f383d9bf000 rw-p 00000000 00:00 0 
7f383d9bf000-7f383d9d4000 rw-p 00000000 00:00 0 
7f383d9d4000-7f383db15000 rw-p 00000000 00:00 0 
7f383db15000-7f383db20000 rw-p 00000000 00:00 0 
7f383db20000-7f383db3e000 rw-p 00000000 00:00 0 
7f383db3e000-7f383db53000 rw-p 00000000 00:00 0 
7f383db53000-7f383dc93000 rw-p 00000000 00:00 0 
7f383dc93000-7f383dcb5000 rw-p 00000000 00:00 0 
7f383dcb5000-7f383dd3e000 rw-p 00000000 00:00 0 
7f383dd3e000-7f383dd3f000 rw-p 00000000 00:00 0 
7f383dd3f000-7f383dd59000 r-xp 00000000 08:06 545919                     /usr/lib/jvm/java-7-oracle/jre/lib/amd64/libzip.so
7f383dd59000-7f383df59000 ---p 0001a000 08:06 545919                     /usr/lib/jvm/java-7-oracle/jre/lib/amd64/libzip.so
7f383df59000-7f383df5a000 rw-p 0001a000 08:06 545919                     /usr/lib/jvm/java-7-oracle/jre/lib/amd64/libzip.so
7f383df5a000-7f383df66000 r-xp 00000000 08:06 262724                     /lib/x86_64-linux-gnu/libnss_files-2.21.so
7f383df66000-7f383e165000 ---p 0000c000 08:06 262724                     /lib/x86_64-linux-gnu/libnss_files-2.21.so
7f383e165000-7f383e166000 r--p 0000b000 08:06 262724                     /lib/x86_64-linux-gnu/libnss_files-2.21.so
7f383e166000-7f383e167000 rw-p 0000c000 08:06 262724                     /lib/x86_64-linux-gnu/libnss_files-2.21.so
7f383e167000-7f383e172000 r-xp 00000000 08:06 262712                     /lib/x86_64-linux-gnu/libnss_nis-2.21.so
7f383e172000-7f383e371000 ---p 0000b000 08:06 262712                     /lib/x86_64-linux-gnu/libnss_nis-2.21.so
7f383e371000-7f383e372000 r--p 0000a000 08:06 262712                     /lib/x86_64-linux-gnu/libnss_nis-2.21.so
7f383e372000-7f383e373000 rw-p 0000b000 08:06 262712                     /lib/x86_64-linux-gnu/libnss_nis-2.21.so
7f383e373000-7f383e38a000 r-xp 00000000 08:06 262730                     /lib/x86_64-linux-gnu/libnsl-2.21.so
7f383e38a000-7f383e589000 ---p 00017000 08:06 262730                     /lib/x86_64-linux-gnu/libnsl-2.21.so
7f383e589000-7f383e58a000 r--p 00016000 08:06 262730                     /lib/x86_64-linux-gnu/libnsl-2.21.so
7f383e58a000-7f383e58b000 rw-p 00017000 08:06 262730                     /lib/x86_64-linux-gnu/libnsl-2.21.so
7f383e58b000-7f383e58d000 rw-p 00000000 00:00 0 
7f383e58d000-7f383e595000 r-xp 00000000 08:06 262726                     /lib/x86_64-linux-gnu/libnss_compat-2.21.so
7f383e595000-7f383e794000 ---p 00008000 08:06 262726                     /lib/x86_64-linux-gnu/libnss_compat-2.21.so
7f383e794000-7f383e795000 r--p 00007000 08:06 262726                     /lib/x86_64-linux-gnu/libnss_compat-2.21.so
7f383e795000-7f383e796000 rw-p 00008000 08:06 262726                     /lib/x86_64-linux-gnu/libnss_compat-2.21.so
7f383e796000-7f383e7a0000 r-xp 00000000 08:06 545917                     /usr/lib/jvm/java-7-oracle/jre/lib/amd64/libinstrument.so
7f383e7a0000-7f383e99f000 ---p 0000a000 08:06 545917                     /usr/lib/jvm/java-7-oracle/jre/lib/amd64/libinstrument.so
7f383e99f000-7f383e9a0000 rw-p 00009000 08:06 545917                     /usr/lib/jvm/java-7-oracle/jre/lib/amd64/libinstrument.so
7f383e9a0000-7f383e9c9000 r-xp 00000000 08:06 545902                     /usr/lib/jvm/java-7-oracle/jre/lib/amd64/libjava.so
7f383e9c9000-7f383ebc9000 ---p 00029000 08:06 545902                     /usr/lib/jvm/java-7-oracle/jre/lib/amd64/libjava.so
7f383ebc9000-7f383ebcb000 rw-p 00029000 08:06 545902                     /usr/lib/jvm/java-7-oracle/jre/lib/amd64/libjava.so
7f383ebcb000-7f383ebd8000 r-xp 00000000 08:06 545864                     /usr/lib/jvm/java-7-oracle/jre/lib/amd64/libverify.so
7f383ebd8000-7f383edd7000 ---p 0000d000 08:06 545864                     /usr/lib/jvm/java-7-oracle/jre/lib/amd64/libverify.so
7f383edd7000-7f383edd9000 rw-p 0000c000 08:06 545864                     /usr/lib/jvm/java-7-oracle/jre/lib/amd64/libverify.so
7f383edd9000-7f383ede0000 r-xp 00000000 08:06 262731                     /lib/x86_64-linux-gnu/librt-2.21.so
7f383ede0000-7f383efdf000 ---p 00007000 08:06 262731                     /lib/x86_64-linux-gnu/librt-2.21.so
7f383efdf000-7f383efe0000 r--p 00006000 08:06 262731                     /lib/x86_64-linux-gnu/librt-2.21.so
7f383efe0000-7f383efe1000 rw-p 00007000 08:06 262731                     /lib/x86_64-linux-gnu/librt-2.21.so
7f383efe1000-7f383f0e8000 r-xp 00000000 08:06 262729                     /lib/x86_64-linux-gnu/libm-2.21.so
7f383f0e8000-7f383f2e7000 ---p 00107000 08:06 262729                     /lib/x86_64-linux-gnu/libm-2.21.so
7f383f2e7000-7f383f2e8000 r--p 00106000 08:06 262729                     /lib/x86_64-linux-gnu/libm-2.21.so
7f383f2e8000-7f383f2e9000 rw-p 00107000 08:06 262729                     /lib/x86_64-linux-gnu/libm-2.21.so
7f383f2e9000-7f383fe5c000 r-xp 00000000 08:06 545878                     /usr/lib/jvm/java-7-oracle/jre/lib/amd64/server/libjvm.so
7f383fe5c000-7f384005b000 ---p 00b73000 08:06 545878                     /usr/lib/jvm/java-7-oracle/jre/lib/amd64/server/libjvm.so
7f384005b000-7f384011f000 rw-p 00b72000 08:06 545878                     /usr/lib/jvm/java-7-oracle/jre/lib/amd64/server/libjvm.so
7f384011f000-7f3840160000 rw-p 00000000 00:00 0 
7f3840160000-7f3840320000 r-xp 00000000 08:06 262734                     /lib/x86_64-linux-gnu/libc-2.21.so
7f3840320000-7f3840520000 ---p 001c0000 08:06 262734                     /lib/x86_64-linux-gnu/libc-2.21.so
7f3840520000-7f3840524000 r--p 001c0000 08:06 262734                     /lib/x86_64-linux-gnu/libc-2.21.so
7f3840524000-7f3840526000 rw-p 001c4000 08:06 262734                     /lib/x86_64-linux-gnu/libc-2.21.so
7f3840526000-7f384052a000 rw-p 00000000 00:00 0 
7f384052a000-7f384052d000 r-xp 00000000 08:06 262717                     /lib/x86_64-linux-gnu/libdl-2.21.so
7f384052d000-7f384072c000 ---p 00003000 08:06 262717                     /lib/x86_64-linux-gnu/libdl-2.21.so
7f384072c000-7f384072d000 r--p 00002000 08:06 262717                     /lib/x86_64-linux-gnu/libdl-2.21.so
7f384072d000-7f384072e000 rw-p 00003000 08:06 262717                     /lib/x86_64-linux-gnu/libdl-2.21.so
7f384072e000-7f3840744000 r-xp 00000000 08:06 2498187                    /usr/lib/jvm/java-7-oracle/lib/amd64/jli/libjli.so
7f3840744000-7f3840944000 ---p 00016000 08:06 2498187                    /usr/lib/jvm/java-7-oracle/lib/amd64/jli/libjli.so
7f3840944000-7f3840945000 rw-p 00016000 08:06 2498187                    /usr/lib/jvm/java-7-oracle/lib/amd64/jli/libjli.so
7f3840945000-7f384095d000 r-xp 00000000 08:06 262721                     /lib/x86_64-linux-gnu/libpthread-2.21.so
7f384095d000-7f3840b5d000 ---p 00018000 08:06 262721                     /lib/x86_64-linux-gnu/libpthread-2.21.so
7f3840b5d000-7f3840b5e000 r--p 00018000 08:06 262721                     /lib/x86_64-linux-gnu/libpthread-2.21.so
7f3840b5e000-7f3840b5f000 rw-p 00019000 08:06 262721                     /lib/x86_64-linux-gnu/libpthread-2.21.so
7f3840b5f000-7f3840b63000 rw-p 00000000 00:00 0 
7f3840b63000-7f3840b87000 r-xp 00000000 08:06 262720                     /lib/x86_64-linux-gnu/ld-2.21.so
7f3840b88000-7f3840b8d000 r--s 0008a000 08:06 2766855                    /usr/lib/jvm/java-7-oracle/jre/lib/jsse.jar
7f3840b8d000-7f3840baf000 rw-p 00000000 00:00 0 
7f3840baf000-7f3840c63000 rw-p 00000000 00:00 0 
7f3840c63000-7f3840c66000 ---p 00000000 00:00 0 
7f3840c66000-7f3840d68000 rw-p 00000000 00:00 0                          [stack:4240]
7f3840d69000-7f3840d6a000 rw-p 00000000 00:00 0 
7f3840d6a000-7f3840d6b000 r--s 00000000 08:06 2900168                    /usr/share/java/jayatanaag.jar
7f3840d6b000-7f3840d7a000 r--s 000df000 08:06 1979647                    /home/jincy/Android/Sdk/build-tools/23.0.0-preview/lib/dx.jar
7f3840d7a000-7f3840d82000 rw-s 00000000 08:06 3168613                    /tmp/hsperfdata_jincy/4235
7f3840d82000-7f3840d83000 rw-p 00000000 00:00 0 
7f3840d83000-7f3840d84000 ---p 00000000 00:00 0 
7f3840d84000-7f3840d86000 rw-p 00000000 00:00 0 
7f3840d86000-7f3840d87000 r--p 00023000 08:06 262720                     /lib/x86_64-linux-gnu/ld-2.21.so
7f3840d87000-7f3840d88000 rw-p 00024000 08:06 262720                     /lib/x86_64-linux-gnu/ld-2.21.so
7f3840d88000-7f3840d89000 rw-p 00000000 00:00 0 
7fff866d3000-7fff866f6000 rw-p 00000000 00:00 0                          [stack]
7fff867b7000-7fff867b9000 r--p 00000000 00:00 0                          [vvar]
7fff867b9000-7fff867bb000 r-xp 00000000 00:00 0                          [vdso]
ffffffffff600000-ffffffffff601000 r-xp 00000000 00:00 0                  [vsyscall]

VM Arguments:
jvm_args: -javaagent:/usr/share/java/jayatanaag.jar -Xmx1024M -Dfile.encoding=UTF-8 -Duser.country=IN -Duser.language=en -Duser.variant 
java_command: com.android.dx.command.Main --dex --num-threads=4 --output /home/jincy/AndroidStudioProjects/Excel/finalexcelapp/excelapp/app/build/intermediates/dex/debug /home/jincy/AndroidStudioProjects/Excel/finalexcelapp/excelapp/app/build/intermediates/classes/debug /home/jincy/AndroidStudioProjects/Excel/finalexcelapp/excelapp/app/build/intermediates/pre-dexed/debug/support-annotations-22.2.0-07b7629f4e55bfd474e7c0831333c466560b71e2.jar /home/jincy/AndroidStudioProjects/Excel/finalexcelapp/excelapp/app/build/intermediates/pre-dexed/debug/classes-e53b77f8e295cf98a15bac3b3f8c6fd1a24e8f0e.jar /home/jincy/AndroidStudioProjects/Excel/finalexcelapp/excelapp/app/build/intermediates/pre-dexed/debug/classes-175e4a8a5cce7ce376288dadf4ec5e2bc07f2491.jar /home/jincy/AndroidStudioProjects/Excel/finalexcelapp/excelapp/app/build/intermediates/pre-dexed/debug/classes-9912dc9f2c6292798865a07f1c5b6dcb392616ad.jar /home/jincy/AndroidStudioProjects/Excel/finalexcelapp/excelapp/app/build/intermediates/pre-dexed/debug/kenburnsview-1.0.6-0b0897b813fe37756f011ffd6431f5165c8a264a.jar /home/jincy/AndroidStudioProjects/Excel/finalexcelapp/excelapp/app/build/intermediates/pre-dexed/debug/classes-f1427f44c0c4972874f31a96161e09a0aa1748fd.jar /home/jincy/AndroidStudioProjects/Excel/finalexcelapp/excelapp/app/build/intermediates/pre-dexed/debug/classes-213fd21654dec8b784dfade13de9febf62a90840.jar /home/jincy/AndroidStudioProjects/Excel/finalexcelapp/excelapp/app/build/intermediates/pre-dexed/debug/internal_impl-22.0.0-bea1be4ecfbe03fc991d997cf8d675359fc26110.jar /home/jincy/AndroidStudioProjects/Excel/finalexcelapp/excelapp/app/build/intermediates/pre-dexed/debug/classes-f4e22f20cad1889949ce243e109f8908afba4aaf.jar /home/jincy/AndroidStudioProjects/Excel/finalexcelapp/excelapp/app/build/intermediates/pre-dexed/debug/classes-e8d9703c61ce1ec6c1e01d698fd9e65459524870.jar /home/jincy/AndroidStudioProjects/Excel/finalexcelapp/excelapp/app/build/intermediates/pre-dexed/debug/classes-d3de8a34d59ee
Launcher Type: SUN_STANDARD

Environment Variables:
JAVA_TOOL_OPTIONS=-javaagent:/usr/share/java/jayatanaag.jar 
PATH=/usr/local/sbin:/usr/local/bin:/usr/sbin:/usr/bin:/sbin:/bin:/usr/games:/usr/local/games
SHELL=/bin/bash
DISPLAY=:0

Signal Handlers:
SIGSEGV: [libjvm.so+0x9a1a10], sa_mask[0]=0x7ffbfeff, sa_flags=0x10000004
SIGBUS: [libjvm.so+0x9a1a10], sa_mask[0]=0x7ffbfeff, sa_flags=0x10000004
SIGFPE: [libjvm.so+0x81bae0], sa_mask[0]=0x7ffbfeff, sa_flags=0x10000004
SIGPIPE: [libjvm.so+0x81bae0], sa_mask[0]=0x7ffbfeff, sa_flags=0x10000004
SIGXFSZ: [libjvm.so+0x81bae0], sa_mask[0]=0x7ffbfeff, sa_flags=0x10000004
SIGILL: [libjvm.so+0x81bae0], sa_mask[0]=0x7ffbfeff, sa_flags=0x10000004
SIGUSR1: SIG_DFL, sa_mask[0]=0x00000000, sa_flags=0x00000000
SIGUSR2: [libjvm.so+0x81d2e0], sa_mask[0]=0x00000004, sa_flags=0x10000004
SIGHUP: [libjvm.so+0x81e400], sa_mask[0]=0x7ffbfeff, sa_flags=0x10000004
SIGINT: [libjvm.so+0x81e400], sa_mask[0]=0x7ffbfeff, sa_flags=0x10000004
SIGTERM: [libjvm.so+0x81e400], sa_mask[0]=0x7ffbfeff, sa_flags=0x10000004
SIGQUIT: [libjvm.so+0x81e400], sa_mask[0]=0x7ffbfeff, sa_flags=0x10000004


---------------  S Y S T E M  ---------------

OS:jessie/sid

uname:Linux 3.19.0-22-generic #22-Ubuntu SMP Tue Jun 16 17:15:15 UTC 2015 x86_64
libc:glibc 2.21 NPTL 2.21 
rlimit: STACK 8192k, CORE 0k, NPROC 15184, NOFILE 65536, AS infinity
load average:2.93 1.35 0.86

/proc/meminfo:
MemTotal:        3975384 kB
MemFree:          124588 kB
MemAvailable:      74460 kB
Buffers:            1908 kB
Cached:           541956 kB
SwapCached:            0 kB
Active:          2413908 kB
Inactive:         475108 kB
Active(anon):    2398704 kB
Inactive(anon):   456012 kB
Active(file):      15204 kB
Inactive(file):    19096 kB
Unevictable:          32 kB
Mlocked:              32 kB
SwapTotal:             0 kB
SwapFree:              0 kB
Dirty:              3076 kB
Writeback:           220 kB
AnonPages:       2346008 kB
Mapped:           941920 kB
Shmem:            508740 kB
Slab:              74996 kB
SReclaimable:      34376 kB
SUnreclaim:        40620 kB
KernelStack:        9648 kB
PageTables:        34528 kB
NFS_Unstable:          0 kB
Bounce:                0 kB
WritebackTmp:          0 kB
CommitLimit:     1987692 kB
Committed_AS:    6777408 kB
VmallocTotal:   34359738367 kB
VmallocUsed:      558448 kB
VmallocChunk:   34359110020 kB
HardwareCorrupted:     0 kB
AnonHugePages:   1150976 kB
CmaTotal:              0 kB
CmaFree:               0 kB
HugePages_Total:       0
HugePages_Free:        0
HugePages_Rsvd:        0
HugePages_Surp:        0
Hugepagesize:       2048 kB
DirectMap4k:      150144 kB
DirectMap2M:     2924544 kB
DirectMap1G:     2097152 kB


CPU:total 4 (2 cores per cpu, 2 threads per core) family 6 model 69 stepping 1, cmov, cx8, fxsr, mmx, sse, sse2, sse3, ssse3, sse4.1, sse4.2, popcnt, avx, avx2, aes, erms, ht, tsc, tscinvbit

/proc/cpuinfo:
processor	: 0
vendor_id	: GenuineIntel
cpu family	: 6
model		: 69
model name	: Intel(R) Core(TM) i3-4010U CPU @ 1.70GHz
stepping	: 1
microcode	: 0x16
cpu MHz		: 1700.000
cache size	: 3072 KB
physical id	: 0
siblings	: 4
core id		: 0
cpu cores	: 2
apicid		: 0
initial apicid	: 0
fpu		: yes
fpu_exception	: yes
cpuid level	: 13
wp		: yes
flags		: fpu vme de pse tsc msr pae mce cx8 apic sep mtrr pge mca cmov pat pse36 clflush dts acpi mmx fxsr sse sse2 ss ht tm pbe syscall nx pdpe1gb rdtscp lm constant_tsc arch_perfmon pebs bts rep_good nopl xtopology nonstop_tsc aperfmperf eagerfpu pni pclmulqdq dtes64 monitor ds_cpl vmx est tm2 ssse3 fma cx16 xtpr pdcm pcid sse4_1 sse4_2 x2apic movbe popcnt tsc_deadline_timer aes xsave avx f16c rdrand lahf_lm abm arat epb pln pts dtherm tpr_shadow vnmi flexpriority ept vpid fsgsbase tsc_adjust bmi1 avx2 smep bmi2 erms invpcid xsaveopt
bugs		:
bogomips	: 3392.26
clflush size	: 64
cache_alignment	: 64
address sizes	: 39 bits physical, 48 bits virtual
power management:

processor	: 1
vendor_id	: GenuineIntel
cpu family	: 6
model		: 69
model name	: Intel(R) Core(TM) i3-4010U CPU @ 1.70GHz
stepping	: 1
microcode	: 0x16
cpu MHz		: 1700.066
cache size	: 3072 KB
physical id	: 0
siblings	: 4
core id		: 0
cpu cores	: 2
apicid		: 1
initial apicid	: 1
fpu		: yes
fpu_exception	: yes
cpuid level	: 13
wp		: yes
flags		: fpu vme de pse tsc msr pae mce cx8 apic sep mtrr pge mca cmov pat pse36 clflush dts acpi mmx fxsr sse sse2 ss ht tm pbe syscall nx pdpe1gb rdtscp lm constant_tsc arch_perfmon pebs bts rep_good nopl xtopology nonstop_tsc aperfmperf eagerfpu pni pclmulqdq dtes64 monitor ds_cpl vmx est tm2 ssse3 fma cx16 xtpr pdcm pcid sse4_1 sse4_2 x2apic movbe popcnt tsc_deadline_timer aes xsave avx f16c rdrand lahf_lm abm arat epb pln pts dtherm tpr_shadow vnmi flexpriority ept vpid fsgsbase tsc_adjust bmi1 avx2 smep bmi2 erms invpcid xsaveopt
bugs		:
bogomips	: 3392.26
clflush size	: 64
cache_alignment	: 64
address sizes	: 39 bits physical, 48 bits virtual
power management:

processor	: 2
vendor_id	: GenuineIntel
cpu family	: 6
model		: 69
model name	: Intel(R) Core(TM) i3-4010U CPU @ 1.70GHz
stepping	: 1
microcode	: 0x16
cpu MHz		: 1690.570
cache size	: 3072 KB
physical id	: 0
siblings	: 4
core id		: 1
cpu cores	: 2
apicid		: 2
initial apicid	: 2
fpu		: yes
fpu_exception	: yes
cpuid level	: 13
wp		: yes
flags		: fpu vme de pse tsc msr pae mce cx8 apic sep mtrr pge mca cmov pat pse36 clflush dts acpi mmx fxsr sse sse2 ss ht tm pbe syscall nx pdpe1gb rdtscp lm constant_tsc arch_perfmon pebs bts rep_good nopl xtopology nonstop_tsc aperfmperf eagerfpu pni pclmulqdq dtes64 monitor ds_cpl vmx est tm2 ssse3 fma cx16 xtpr pdcm pcid sse4_1 sse4_2 x2apic movbe popcnt tsc_deadline_timer aes xsave avx f16c rdrand lahf_lm abm arat epb pln pts dtherm tpr_shadow vnmi flexpriority ept vpid fsgsbase tsc_adjust bmi1 avx2 smep bmi2 erms invpcid xsaveopt
bugs		:
bogomips	: 3392.26
clflush size	: 64
cache_alignment	: 64
address sizes	: 39 bits physical, 48 bits virtual
power management:

processor	: 3
vendor_id	: GenuineIntel
cpu family	: 6
model		: 69
model name	: Intel(R) Core(TM) i3-4010U CPU @ 1.70GHz
stepping	: 1
microcode	: 0x16
cpu MHz		: 1699.933
cache size	: 3072 KB
physical id	: 0
siblings	: 4
core id		: 1
cpu cores	: 2
apicid		: 3
initial apicid	: 3
fpu		: yes
fpu_exception	: yes
cpuid level	: 13
wp		: yes
flags		: fpu vme de pse tsc msr pae mce cx8 apic sep mtrr pge mca cmov pat pse36 clflush dts acpi mmx fxsr sse sse2 ss ht tm pbe syscall nx pdpe1gb rdtscp lm constant_tsc arch_perfmon pebs bts rep_good nopl xtopology nonstop_tsc aperfmperf eagerfpu pni pclmulqdq dtes64 monitor ds_cpl vmx est tm2 ssse3 fma cx16 xtpr pdcm pcid sse4_1 sse4_2 x2apic movbe popcnt tsc_deadline_timer aes xsave avx f16c rdrand lahf_lm abm arat epb pln pts dtherm tpr_shadow vnmi flexpriority ept vpid fsgsbase tsc_adjust bmi1 avx2 smep bmi2 erms invpcid xsaveopt
bugs		:
bogomips	: 3392.26
clflush size	: 64
cache_alignment	: 64
address sizes	: 39 bits physical, 48 bits virtual
power management:



Memory: 4k page, physical 3975384k(124588k free), swap 0k(0k free)

vm_info: Java HotSpot(TM) 64-Bit Server VM (24.72-b04) for linux-amd64 JRE (1.7.0_72-b14), built on Sep 26 2014 18:20:41 by "java_re" with gcc 4.3.0 20080428 (Red Hat 4.3.0-8)

time: Sun Aug 16 15:44:53 2015
elapsed time: 11 seconds

