#
# There is insufficient memory for the Java Runtime Environment to continue.
# Native memory allocation (malloc) failed to allocate 30408704 bytes for committing reserved memory.
# Possible reasons:
#   The system is out of physical RAM or swap space
#   In 32 bit mode, the process size limit was hit
# Possible solutions:
#   Reduce memory load on the system
#   Increase physical memory or swap space
#   Check if swap backing store is full
#   Use 64 bit Java on a 64 bit OS
#   Decrease Java heap size (-Xmx/-Xms)
#   Decrease number of Java threads
#   Decrease Java thread stack sizes (-Xss)
#   Set larger code cache with -XX:ReservedCodeCacheSize=
# This output file may be truncated or incomplete.
#
#  Out of Memory Error (os_linux.cpp:2756), pid=17663, tid=140584408823552
#
# JRE version: Java(TM) SE Runtime Environment (7.0_72-b14) (build 1.7.0_72-b14)
# Java VM: Java HotSpot(TM) 64-Bit Server VM (24.72-b04 mixed mode linux-amd64 compressed oops)
# Failed to write core dump. Core dumps have been disabled. To enable core dumping, try "ulimit -c unlimited" before starting Java again
#

---------------  T H R E A D  ---------------

Current thread (0x00007fdc64132000):  VMThread [stack: 0x00007fdc5bafb000,0x00007fdc5bbfc000] [id=17675]

Stack: [0x00007fdc5bafb000,0x00007fdc5bbfc000],  sp=0x00007fdc5bbfa200,  free space=1020k
Native frames: (J=compiled Java code, j=interpreted, Vv=VM code, C=native code)
V  [libjvm.so+0x9a10fa]  VMError::report_and_die()+0x2ea
V  [libjvm.so+0x49755b]  report_vm_out_of_memory(char const*, int, unsigned long, char const*)+0x9b
V  [libjvm.so+0x81ec4e]  os::Linux::commit_memory_impl(char*, unsigned long, bool)+0xfe
V  [libjvm.so+0x81f199]  os::pd_commit_memory(char*, unsigned long, unsigned long, bool)+0x29
V  [libjvm.so+0x818f2a]  os::commit_memory(char*, unsigned long, unsigned long, bool)+0x2a
V  [libjvm.so+0x88ba53]  PSVirtualSpace::expand_by(unsigned long)+0x53
V  [libjvm.so+0x88ce28]  PSYoungGen::resize_generation(unsigned long, unsigned long)+0xf8
V  [libjvm.so+0x88bf92]  PSYoungGen::resize(unsigned long, unsigned long)+0x22
V  [libjvm.so+0x8893e3]  PSScavenge::invoke_no_policy()+0xfb3
V  [libjvm.so+0x889b91]  PSScavenge::invoke()+0x41
V  [libjvm.so+0x8407c0]  ParallelScavengeHeap::failed_mem_allocate(unsigned long)+0x70
V  [libjvm.so+0x9a2987]  VM_ParallelGCFailedAllocation::doit()+0x97
V  [libjvm.so+0x9a9e25]  VM_Operation::evaluate()+0x55
V  [libjvm.so+0x9a81ea]  VMThread::evaluate_operation(VM_Operation*)+0xba
V  [libjvm.so+0x9a856e]  VMThread::loop()+0x1ce
V  [libjvm.so+0x9a89e0]  VMThread::run()+0x70
V  [libjvm.so+0x820c28]  java_start(Thread*)+0x108

VM_Operation (0x00007fdc6dae58b0): ParallelGCFailedAllocation, mode: safepoint, requested by thread 0x00007fdc6400b000


---------------  P R O C E S S  ---------------

Java Threads: ( => current thread )
  0x00007fdc6422f000 JavaThread "pool-1-thread-4" [_thread_blocked, id=17690, stack(0x00007fdc59998000,0x00007fdc59a99000)]
  0x00007fdc64223000 JavaThread "pool-1-thread-3" [_thread_blocked, id=17689, stack(0x00007fdc59a99000,0x00007fdc59b9a000)]
  0x00007fdc64221000 JavaThread "pool-1-thread-2" [_thread_blocked, id=17688, stack(0x00007fdc59b9a000,0x00007fdc59c9b000)]
  0x00007fdc6421b800 JavaThread "pool-2-thread-1" [_thread_blocked, id=17687, stack(0x00007fdc59c9b000,0x00007fdc59d9c000)]
  0x00007fdc64219800 JavaThread "pool-1-thread-1" [_thread_blocked, id=17686, stack(0x00007fdc59d9c000,0x00007fdc59e9d000)]
  0x00007fdc64192000 JavaThread "Service Thread" daemon [_thread_blocked, id=17684, stack(0x00007fdc5a6c7000,0x00007fdc5a7c8000)]
  0x00007fdc64190000 JavaThread "C2 CompilerThread1" daemon [_thread_blocked, id=17683, stack(0x00007fdc5a7c8000,0x00007fdc5a8c9000)]
  0x00007fdc6418d800 JavaThread "C2 CompilerThread0" daemon [_thread_blocked, id=17682, stack(0x00007fdc5a8c9000,0x00007fdc5a9ca000)]
  0x00007fdc64159800 JavaThread "Signal Dispatcher" daemon [_thread_blocked, id=17681, stack(0x00007fdc5b52f000,0x00007fdc5b630000)]
  0x00007fdc64138800 JavaThread "Finalizer" daemon [_thread_blocked, id=17679, stack(0x00007fdc5b8f9000,0x00007fdc5b9fa000)]
  0x00007fdc64136800 JavaThread "Reference Handler" daemon [_thread_blocked, id=17677, stack(0x00007fdc5b9fa000,0x00007fdc5bafb000)]
  0x00007fdc6400b000 JavaThread "main" [_thread_blocked, id=17664, stack(0x00007fdc6d9e7000,0x00007fdc6dae8000)]

Other Threads:
=>0x00007fdc64132000 VMThread [stack: 0x00007fdc5bafb000,0x00007fdc5bbfc000] [id=17675]
  0x00007fdc6419d000 WatcherThread [stack: 0x00007fdc5a5c6000,0x00007fdc5a6c7000] [id=17685]

VM state:at safepoint (normal execution)

VM Mutex/Monitor currently owned by a thread:  ([mutex/lock_event])
[0x00007fdc64007520] Threads_lock - owner thread: 0x00007fdc64132000
[0x00007fdc64007a20] Heap_lock - owner thread: 0x00007fdc6400b000

Heap
 PSYoungGen      total 231936K, used 67056K [0x00000000eaa80000, 0x00000000fe300000, 0x0000000100000000)
  eden space 164864K, 0% used [0x00000000eaa80000,0x00000000eaa80000,0x00000000f4b80000)
  from space 67072K, 99% used [0x00000000fa180000,0x00000000fe2fc220,0x00000000fe300000)
  to   space 64000K, 0% used [0x00000000f4b80000,0x00000000f4b80000,0x00000000f8a00000)
 ParOldGen       total 161792K, used 115665K [0x00000000c0000000, 0x00000000c9e00000, 0x00000000eaa80000)
  object space 161792K, 71% used [0x00000000c0000000,0x00000000c70f4520,0x00000000c9e00000)
 PSPermGen       total 21504K, used 5894K [0x00000000bae00000, 0x00000000bc300000, 0x00000000c0000000)
  object space 21504K, 27% used [0x00000000bae00000,0x00000000bb3c1ae0,0x00000000bc300000)

Card table byte_map: [0x00007fdc6a899000,0x00007fdc6aac3000] byte_map_base: 0x00007fdc6a2c2000

Polling page: 0x00007fdc6db07000

Code Cache  [0x00007fdc61000000, 0x00007fdc61270000, 0x00007fdc64000000)
 total_blobs=745 nmethods=513 adapters=185 free_code_cache=46845Kb largest_free_block=47908672

Compilation events (10 events):
Event: 42.296 Thread 0x00007fdc6418d800 nmethod 464 0x00007fdc61240750 code [0x00007fdc612413e0, 0x00007fdc61247bf8]
Event: 42.296 Thread 0x00007fdc6418d800  514             com.android.dx.rop.code.RegisterSpec::<init> (8 bytes)
Event: 42.317 Thread 0x00007fdc6418d800 nmethod 514 0x00007fdc61231310 code [0x00007fdc61231460, 0x00007fdc61231518]
Event: 42.317 Thread 0x00007fdc6418d800  515             com.android.dx.rop.code.RegisterSpec::<init> (48 bytes)
Event: 42.323 Thread 0x00007fdc6418d800 nmethod 515 0x00007fdc61231050 code [0x00007fdc612311a0, 0x00007fdc61231258]
Event: 42.323 Thread 0x00007fdc6418d800  516             com.android.dx.ssa.back.IdenticalBlockCombiner::combineBlocks (102 bytes)
Event: 42.413 Thread 0x00007fdc6418d800 nmethod 516 0x00007fdc6123ca50 code [0x00007fdc6123cc80, 0x00007fdc6123d690]
Event: 42.413 Thread 0x00007fdc6418d800  517             com.android.dx.rop.code.BasicBlock::getFirstInsn (9 bytes)
Event: 42.438 Thread 0x00007fdc6418d800 nmethod 517 0x00007fdc61230bd0 code [0x00007fdc61230d20, 0x00007fdc61230df8]
Event: 42.438 Thread 0x00007fdc6418d800  518   !         com.android.dx.cf.cst.ConstantPoolParser::parse0 (731 bytes)

GC Heap History (10 events):
Event: 27.924 GC heap after
Heap after GC invocations=9 (full 0):
 PSYoungGen      total 139776K, used 18929K [0x00000000eaa80000, 0x00000000fc880000, 0x0000000100000000)
  eden space 120832K, 0% used [0x00000000eaa80000,0x00000000eaa80000,0x00000000f2080000)
  from space 18944K, 99% used [0x00000000f2080000,0x00000000f32fc550,0x00000000f3300000)
  to   space 49664K, 0% used [0x00000000f9800000,0x00000000f9800000,0x00000000fc880000)
 ParOldGen       total 99328K, used 99279K [0x00000000c0000000, 0x00000000c6100000, 0x00000000eaa80000)
  object space 99328K, 99% used [0x00000000c0000000,0x00000000c60f3f68,0x00000000c6100000)
 PSPermGen       total 21504K, used 5878K [0x00000000bae00000, 0x00000000bc300000, 0x00000000c0000000)
  object space 21504K, 27% used [0x00000000bae00000,0x00000000bb3bdba0,0x00000000bc300000)
}
Event: 27.924 GC heap before
{Heap before GC invocations=10 (full 1):
 PSYoungGen      total 139776K, used 18929K [0x00000000eaa80000, 0x00000000fc880000, 0x0000000100000000)
  eden space 120832K, 0% used [0x00000000eaa80000,0x00000000eaa80000,0x00000000f2080000)
  from space 18944K, 99% used [0x00000000f2080000,0x00000000f32fc550,0x00000000f3300000)
  to   space 49664K, 0% used [0x00000000f9800000,0x00000000f9800000,0x00000000fc880000)
 ParOldGen       total 99328K, used 99279K [0x00000000c0000000, 0x00000000c6100000, 0x00000000eaa80000)
  object space 99328K, 99% used [0x00000000c0000000,0x00000000c60f3f68,0x00000000c6100000)
 PSPermGen       total 21504K, used 5878K [0x00000000bae00000, 0x00000000bc300000, 0x00000000c0000000)
  object space 21504K, 27% used [0x00000000bae00000,0x00000000bb3bdba0,0x00000000bc300000)
Event: 31.055 GC heap after
Heap after GC invocations=10 (full 1):
 PSYoungGen      total 139776K, used 8326K [0x00000000eaa80000, 0x00000000fc880000, 0x0000000100000000)
  eden space 120832K, 0% used [0x00000000eaa80000,0x00000000eaa80000,0x00000000f2080000)
  from space 18944K, 43% used [0x00000000f2080000,0x00000000f28a1b78,0x00000000f3300000)
  to   space 49664K, 0% used [0x00000000f9800000,0x00000000f9800000,0x00000000fc880000)
 ParOldGen       total 160768K, used 98991K [0x00000000c0000000, 0x00000000c9d00000, 0x00000000eaa80000)
  object space 160768K, 61% used [0x00000000c0000000,0x00000000c60abfe0,0x00000000c9d00000)
 PSPermGen       total 21504K, used 5876K [0x00000000bae00000, 0x00000000bc300000, 0x00000000c0000000)
  object space 21504K, 27% used [0x00000000bae00000,0x00000000bb3bd210,0x00000000bc300000)
}
Event: 31.954 GC heap before
{Heap before GC invocations=11 (full 1):
 PSYoungGen      total 139776K, used 129158K [0x00000000eaa80000, 0x00000000fc880000, 0x0000000100000000)
  eden space 120832K, 100% used [0x00000000eaa80000,0x00000000f2080000,0x00000000f2080000)
  from space 18944K, 43% used [0x00000000f2080000,0x00000000f28a1b78,0x00000000f3300000)
  to   space 49664K, 0% used [0x00000000f9800000,0x00000000f9800000,0x00000000fc880000)
 ParOldGen       total 160768K, used 98991K [0x00000000c0000000, 0x00000000c9d00000, 0x00000000eaa80000)
  object space 160768K, 61% used [0x00000000c0000000,0x00000000c60abfe0,0x00000000c9d00000)
 PSPermGen       total 21504K, used 5886K [0x00000000bae00000, 0x00000000bc300000, 0x00000000c0000000)
  object space 21504K, 27% used [0x00000000bae00000,0x00000000bb3bfab0,0x00000000bc300000)
Event: 32.483 GC heap after
Heap after GC invocations=11 (full 1):
 PSYoungGen      total 199168K, used 49657K [0x00000000eaa80000, 0x00000000fc880000, 0x0000000100000000)
  eden space 149504K, 0% used [0x00000000eaa80000,0x00000000eaa80000,0x00000000f3c80000)
  from space 49664K, 99% used [0x00000000f9800000,0x00000000fc87e568,0x00000000fc880000)
  to   space 64000K, 0% used [0x00000000f4b80000,0x00000000f4b80000,0x00000000f8a00000)
 ParOldGen       total 160768K, used 114015K [0x00000000c0000000, 0x00000000c9d00000, 0x00000000eaa80000)
  object space 160768K, 70% used [0x00000000c0000000,0x00000000c6f57fe0,0x00000000c9d00000)
 PSPermGen       total 21504K, used 5886K [0x00000000bae00000, 0x00000000bc300000, 0x00000000c0000000)
  object space 21504K, 27% used [0x00000000bae00000,0x00000000bb3bfab0,0x00000000bc300000)
}
Event: 38.090 GC heap before
{Heap before GC invocations=12 (full 1):
 PSYoungGen      total 199168K, used 199161K [0x00000000eaa80000, 0x00000000fc880000, 0x0000000100000000)
  eden space 149504K, 100% used [0x00000000eaa80000,0x00000000f3c80000,0x00000000f3c80000)
  from space 49664K, 99% used [0x00000000f9800000,0x00000000fc87e568,0x00000000fc880000)
  to   space 64000K, 0% used [0x00000000f4b80000,0x00000000f4b80000,0x00000000f8a00000)
 ParOldGen       total 160768K, used 114015K [0x00000000c0000000, 0x00000000c9d00000, 0x00000000eaa80000)
  object space 160768K, 70% used [0x00000000c0000000,0x00000000c6f57fe0,0x00000000c9d00000)
 PSPermGen       total 21504K, used 5895K [0x00000000bae00000, 0x00000000bc300000, 0x00000000c0000000)
  object space 21504K, 27% used [0x00000000bae00000,0x00000000bb3c1c28,0x00000000bc300000)
Event: 38.587 GC heap after
Heap after GC invocations=12 (full 1):
 PSYoungGen      total 228864K, used 41991K [0x00000000eaa80000, 0x00000000fe300000, 0x0000000100000000)
  eden space 164864K, 0% used [0x00000000eaa80000,0x00000000eaa80000,0x00000000f4b80000)
  from space 64000K, 65% used [0x00000000f4b80000,0x00000000f7481c58,0x00000000f8a00000)
  to   space 67072K, 0% used [0x00000000fa180000,0x00000000fa180000,0x00000000fe300000)
 ParOldGen       total 160768K, used 159170K [0x00000000c0000000, 0x00000000c9d00000, 0x00000000eaa80000)
  object space 160768K, 99% used [0x00000000c0000000,0x00000000c9b70a40,0x00000000c9d00000)
 PSPermGen       total 21504K, used 5895K [0x00000000bae00000, 0x00000000bc300000, 0x00000000c0000000)
  object space 21504K, 27% used [0x00000000bae00000,0x00000000bb3c1c28,0x00000000bc300000)
}
Event: 38.587 GC heap before
{Heap before GC invocations=13 (full 2):
 PSYoungGen      total 228864K, used 41991K [0x00000000eaa80000, 0x00000000fe300000, 0x0000000100000000)
  eden space 164864K, 0% used [0x00000000eaa80000,0x00000000eaa80000,0x00000000f4b80000)
  from space 64000K, 65% used [0x00000000f4b80000,0x00000000f7481c58,0x00000000f8a00000)
  to   space 67072K, 0% used [0x00000000fa180000,0x00000000fa180000,0x00000000fe300000)
 ParOldGen       total 160768K, used 159170K [0x00000000c0000000, 0x00000000c9d00000, 0x00000000eaa80000)
  object space 160768K, 99% used [0x00000000c0000000,0x00000000c9b70a40,0x00000000c9d00000)
 PSPermGen       total 21504K, used 5895K [0x00000000bae00000, 0x00000000bc300000, 0x00000000c0000000)
  object space 21504K, 27% used [0x00000000bae00000,0x00000000bb3c1c28,0x00000000bc300000)
Event: 39.760 GC heap after
Heap after GC invocations=13 (full 2):
 PSYoungGen      total 228864K, used 0K [0x00000000eaa80000, 0x00000000fe300000, 0x0000000100000000)
  eden space 164864K, 0% used [0x00000000eaa80000,0x00000000eaa80000,0x00000000f4b80000)
  from space 64000K, 0% used [0x00000000f4b80000,0x00000000f4b80000,0x00000000f8a00000)
  to   space 67072K, 0% used [0x00000000fa180000,0x00000000fa180000,0x00000000fe300000)
 ParOldGen       total 161792K, used 73251K [0x00000000c0000000, 0x00000000c9e00000, 0x00000000eaa80000)
  object space 161792K, 45% used [0x00000000c0000000,0x00000000c4788fb0,0x00000000c9e00000)
 PSPermGen       total 21504K, used 5893K [0x00000000bae00000, 0x00000000bc300000, 0x00000000c0000000)
  object space 21504K, 27% used [0x00000000bae00000,0x00000000bb3c16a8,0x00000000bc300000)
}
Event: 43.511 GC heap before
{Heap before GC invocations=14 (full 2):
 PSYoungGen      total 228864K, used 164864K [0x00000000eaa80000, 0x00000000fe300000, 0x0000000100000000)
  eden space 164864K, 100% used [0x00000000eaa80000,0x00000000f4b80000,0x00000000f4b80000)
  from space 64000K, 0% used [0x00000000f4b80000,0x00000000f4b80000,0x00000000f8a00000)
  to   space 67072K, 0% used [0x00000000fa180000,0x00000000fa180000,0x00000000fe300000)
 ParOldGen       total 161792K, used 73251K [0x00000000c0000000, 0x00000000c9e00000, 0x00000000eaa80000)
  object space 161792K, 45% used [0x00000000c0000000,0x00000000c4788fb0,0x00000000c9e00000)
 PSPermGen       total 21504K, used 5894K [0x00000000bae00000, 0x00000000bc300000, 0x00000000c0000000)
  object space 21504K, 27% used [0x00000000bae00000,0x00000000bb3c1ae0,0x00000000bc300000)

Deoptimization events (10 events):
Event: 31.614 Thread 0x00007fdc64223000 Uncommon trap: reason=class_check action=maybe_recompile pc=0x00007fdc610bf5a4 method=com.android.dx.ssa.SsaConverter.placePhiFunctions(Lcom/android/dx/ssa/SsaMethod;Lcom/android/dx/ssa/LocalVariableInfo;I)V @ 257
Event: 32.537 Thread 0x00007fdc6400b000 Uncommon trap: reason=class_check action=maybe_recompile pc=0x00007fdc610bf5a4 method=com.android.dx.ssa.SsaConverter.placePhiFunctions(Lcom/android/dx/ssa/SsaMethod;Lcom/android/dx/ssa/LocalVariableInfo;I)V @ 257
Event: 33.132 Thread 0x00007fdc6422f000 Uncommon trap: reason=unloaded action=reinterpret pc=0x00007fdc6108e360 method=com.android.dx.ssa.SetFactory.makeLivenessSet(I)Lcom/android/dx/util/IntSet; @ 18
Event: 35.615 Thread 0x00007fdc6422f000 Uncommon trap: reason=class_check action=maybe_recompile pc=0x00007fdc611c97b4 method=com.android.dx.ssa.back.InterferenceGraph.mergeInterferenceSet(ILcom/android/dx/util/IntSet;)V @ 20
Event: 35.895 Thread 0x00007fdc64223000 Uncommon trap: reason=class_check action=maybe_recompile pc=0x00007fdc611c97b4 method=com.android.dx.ssa.back.InterferenceGraph.mergeInterferenceSet(ILcom/android/dx/util/IntSet;)V @ 20
Event: 36.321 Thread 0x00007fdc6400b000 Uncommon trap: reason=class_check action=maybe_recompile pc=0x00007fdc611c97b4 method=com.android.dx.ssa.back.InterferenceGraph.mergeInterferenceSet(ILcom/android/dx/util/IntSet;)V @ 20
Event: 37.186 Thread 0x00007fdc6400b000 Uncommon trap: reason=null_check action=make_not_entrant pc=0x00007fdc6114b64c method=com.android.dx.rop.type.Type.putIntern(Lcom/android/dx/rop/type/Type;)Lcom/android/dx/rop/type/Type; @ 18
Event: 37.483 Thread 0x00007fdc6422f000 Uncommon trap: reason=null_check action=make_not_entrant pc=0x00007fdc611fe154 method=com.android.dx.rop.cst.CstType.intern(Lcom/android/dx/rop/type/Type;)Lcom/android/dx/rop/cst/CstType; @ 13
Event: 37.677 Thread 0x00007fdc6400b000 Uncommon trap: reason=unreached action=reinterpret pc=0x00007fdc6119c69c method=com.android.dx.ssa.back.FirstFitLocalCombiningAllocator$1.processInsn(Lcom/android/dx/ssa/SsaInsn;)V @ 34
Event: 43.296 Thread 0x00007fdc64223000 Uncommon trap: reason=class_check action=maybe_recompile pc=0x00007fdc610bf5a4 method=com.android.dx.ssa.SsaConverter.placePhiFunctions(Lcom/android/dx/ssa/SsaMethod;Lcom/android/dx/ssa/LocalVariableInfo;I)V @ 257

Internal exceptions (10 events):
Event: 4.109 Thread 0x00007fdc6400b000 Threw 0x00000000eaebd418 at /HUDSON/workspace/7u-2-build-linux-amd64/jdk7u72/1606/hotspot/src/share/vm/prims/jvm.cpp:1281
Event: 4.699 Thread 0x00007fdc64223000 Threw 0x00000000eb741870 at /HUDSON/workspace/7u-2-build-linux-amd64/jdk7u72/1606/hotspot/src/share/vm/prims/jvm.cpp:1281
Event: 6.329 Thread 0x00007fdc64219800 Threw 0x00000000eadc3918 at /HUDSON/workspace/7u-2-build-linux-amd64/jdk7u72/1606/hotspot/src/share/vm/prims/jvm.cpp:1281
Event: 7.382 Thread 0x00007fdc64219800 Threw 0x00000000ebc7d510 at /HUDSON/workspace/7u-2-build-linux-amd64/jdk7u72/1606/hotspot/src/share/vm/prims/jvm.cpp:1281
Event: 17.540 Thread 0x00007fdc64219800 Implicit null exception at 0x00007fdc6112ed35 to 0x00007fdc61132d71
Event: 18.258 Thread 0x00007fdc64223000 Threw 0x00000000ece01050 at /HUDSON/workspace/7u-2-build-linux-amd64/jdk7u72/1606/hotspot/src/share/vm/prims/jvm.cpp:1281
Event: 31.069 Thread 0x00007fdc6422f000 Threw 0x00000000eb6b1fe8 at /HUDSON/workspace/7u-2-build-linux-amd64/jdk7u72/1606/hotspot/src/share/vm/prims/jvm.cpp:1281
Event: 31.143 Thread 0x00007fdc6422f000 Threw 0x00000000ec0ceb60 at /HUDSON/workspace/7u-2-build-linux-amd64/jdk7u72/1606/hotspot/src/share/vm/prims/jvm.cpp:1281
Event: 37.186 Thread 0x00007fdc6400b000 Implicit null exception at 0x00007fdc6114af13 to 0x00007fdc6114b63d
Event: 37.483 Thread 0x00007fdc6422f000 Implicit null exception at 0x00007fdc611fb613 to 0x00007fdc611fe139

Events (10 events):
Event: 37.677 Thread 0x00007fdc6400b000 Uncommon trap: trap_request=0xffffffad fr.pc=0x00007fdc6119c69c
Event: 37.677 Thread 0x00007fdc6400b000 DEOPT PACKING pc=0x00007fdc6119c69c sp=0x00007fdc6dae5900
Event: 37.677 Thread 0x00007fdc6400b000 DEOPT UNPACKING pc=0x00007fdc61039445 sp=0x00007fdc6dae5880 mode 2
Event: 38.070 Executing VM operation: ParallelGCFailedAllocation
Event: 39.760 Executing VM operation: ParallelGCFailedAllocation done
Event: 42.438 Thread 0x00007fdc6418d800 flushing nmethod 0x00007fdc6108d790
Event: 43.296 Thread 0x00007fdc64223000 Uncommon trap: trap_request=0xffffffde fr.pc=0x00007fdc610bf5a4
Event: 43.296 Thread 0x00007fdc64223000 DEOPT PACKING pc=0x00007fdc610bf5a4 sp=0x00007fdc59b982c0
Event: 43.296 Thread 0x00007fdc64223000 DEOPT UNPACKING pc=0x00007fdc61039445 sp=0x00007fdc59b98280 mode 2
Event: 43.487 Executing VM operation: ParallelGCFailedAllocation


Dynamic libraries:
00400000-00401000 r-xp 00000000 08:06 2498323                            /usr/lib/jvm/java-7-oracle/bin/java
00600000-00601000 rw-p 00000000 08:06 2498323                            /usr/lib/jvm/java-7-oracle/bin/java
01b1b000-01b3c000 rw-p 00000000 00:00 0                                  [heap]
bae00000-bc300000 rw-p 00000000 00:00 0 
bc300000-c0000000 rw-p 00000000 00:00 0 
c0000000-c9e00000 rw-p 00000000 00:00 0 
c9e00000-eaa80000 rw-p 00000000 00:00 0 
eaa80000-fe300000 rw-p 00000000 00:00 0 
7fdc14000000-7fdc14027000 rw-p 00000000 00:00 0 
7fdc14027000-7fdc18000000 ---p 00000000 00:00 0 
7fdc1c000000-7fdc1c025000 rw-p 00000000 00:00 0 
7fdc1c025000-7fdc20000000 ---p 00000000 00:00 0 
7fdc20000000-7fdc20021000 rw-p 00000000 00:00 0 
7fdc20021000-7fdc24000000 ---p 00000000 00:00 0 
7fdc24000000-7fdc24030000 rw-p 00000000 00:00 0 
7fdc24030000-7fdc28000000 ---p 00000000 00:00 0 
7fdc28000000-7fdc28021000 rw-p 00000000 00:00 0 
7fdc28021000-7fdc2c000000 ---p 00000000 00:00 0 
7fdc2c000000-7fdc2c021000 rw-p 00000000 00:00 0 
7fdc2c021000-7fdc30000000 ---p 00000000 00:00 0 
7fdc30000000-7fdc30021000 rw-p 00000000 00:00 0 
7fdc30021000-7fdc34000000 ---p 00000000 00:00 0 
7fdc34000000-7fdc35893000 rw-p 00000000 00:00 0 
7fdc35893000-7fdc38000000 ---p 00000000 00:00 0 
7fdc38000000-7fdc39628000 rw-p 00000000 00:00 0 
7fdc39628000-7fdc3c000000 ---p 00000000 00:00 0 
7fdc3c000000-7fdc3c021000 rw-p 00000000 00:00 0 
7fdc3c021000-7fdc40000000 ---p 00000000 00:00 0 
7fdc40000000-7fdc40021000 rw-p 00000000 00:00 0 
7fdc40021000-7fdc44000000 ---p 00000000 00:00 0 
7fdc44000000-7fdc44250000 rw-p 00000000 00:00 0 
7fdc44250000-7fdc48000000 ---p 00000000 00:00 0 
7fdc48000000-7fdc48021000 rw-p 00000000 00:00 0 
7fdc48021000-7fdc4c000000 ---p 00000000 00:00 0 
7fdc4c000000-7fdc4c021000 rw-p 00000000 00:00 0 
7fdc4c021000-7fdc50000000 ---p 00000000 00:00 0 
7fdc50000000-7fdc50021000 rw-p 00000000 00:00 0 
7fdc50021000-7fdc54000000 ---p 00000000 00:00 0 
7fdc54000000-7fdc54021000 rw-p 00000000 00:00 0 
7fdc54021000-7fdc58000000 ---p 00000000 00:00 0 
7fdc59998000-7fdc5999b000 ---p 00000000 00:00 0 
7fdc5999b000-7fdc59a99000 rw-p 00000000 00:00 0                          [stack:17690]
7fdc59a99000-7fdc59a9c000 ---p 00000000 00:00 0 
7fdc59a9c000-7fdc59b9a000 rw-p 00000000 00:00 0                          [stack:17689]
7fdc59b9a000-7fdc59b9d000 ---p 00000000 00:00 0 
7fdc59b9d000-7fdc59c9b000 rw-p 00000000 00:00 0                          [stack:17688]
7fdc59c9b000-7fdc59c9e000 ---p 00000000 00:00 0 
7fdc59c9e000-7fdc59d9c000 rw-p 00000000 00:00 0                          [stack:17687]
7fdc59d9c000-7fdc59d9f000 ---p 00000000 00:00 0 
7fdc59d9f000-7fdc5a19e000 rw-p 00000000 00:00 0                          [stack:17686]
7fdc5a19e000-7fdc5a1b4000 r-xp 00000000 08:06 545865                     /usr/lib/jvm/java-7-oracle/jre/lib/amd64/libnet.so
7fdc5a1b4000-7fdc5a3b4000 ---p 00016000 08:06 545865                     /usr/lib/jvm/java-7-oracle/jre/lib/amd64/libnet.so
7fdc5a3b4000-7fdc5a3b5000 rw-p 00016000 08:06 545865                     /usr/lib/jvm/java-7-oracle/jre/lib/amd64/libnet.so
7fdc5a3b5000-7fdc5a3c5000 r-xp 00000000 08:06 545905                     /usr/lib/jvm/java-7-oracle/jre/lib/amd64/libnio.so
7fdc5a3c5000-7fdc5a5c5000 ---p 00010000 08:06 545905                     /usr/lib/jvm/java-7-oracle/jre/lib/amd64/libnio.so
7fdc5a5c5000-7fdc5a5c6000 rw-p 00010000 08:06 545905                     /usr/lib/jvm/java-7-oracle/jre/lib/amd64/libnio.so
7fdc5a5c6000-7fdc5a5c7000 ---p 00000000 00:00 0 
7fdc5a5c7000-7fdc5a6c7000 rw-p 00000000 00:00 0                          [stack:17685]
7fdc5a6c7000-7fdc5a6ca000 ---p 00000000 00:00 0 
7fdc5a6ca000-7fdc5a7c8000 rw-p 00000000 00:00 0                          [stack:17684]
7fdc5a7c8000-7fdc5a7cb000 ---p 00000000 00:00 0 
7fdc5a7cb000-7fdc5a8c9000 rw-p 00000000 00:00 0                          [stack:17683]
7fdc5a8c9000-7fdc5a8cc000 ---p 00000000 00:00 0 
7fdc5a8cc000-7fdc5a9ca000 rw-p 00000000 00:00 0                          [stack:17682]
7fdc5a9ca000-7fdc5a9cf000 r-xp 00000000 08:06 2504688                    /usr/lib/x86_64-linux-gnu/libXdmcp.so.6.0.0
7fdc5a9cf000-7fdc5abce000 ---p 00005000 08:06 2504688                    /usr/lib/x86_64-linux-gnu/libXdmcp.so.6.0.0
7fdc5abce000-7fdc5abcf000 r--p 00004000 08:06 2504688                    /usr/lib/x86_64-linux-gnu/libXdmcp.so.6.0.0
7fdc5abcf000-7fdc5abd0000 rw-p 00005000 08:06 2504688                    /usr/lib/x86_64-linux-gnu/libXdmcp.so.6.0.0
7fdc5abd0000-7fdc5abd2000 r-xp 00000000 08:06 2504677                    /usr/lib/x86_64-linux-gnu/libXau.so.6.0.0
7fdc5abd2000-7fdc5add2000 ---p 00002000 08:06 2504677                    /usr/lib/x86_64-linux-gnu/libXau.so.6.0.0
7fdc5add2000-7fdc5add3000 r--p 00002000 08:06 2504677                    /usr/lib/x86_64-linux-gnu/libXau.so.6.0.0
7fdc5add3000-7fdc5add4000 rw-p 00003000 08:06 2504677                    /usr/lib/x86_64-linux-gnu/libXau.so.6.0.0
7fdc5add4000-7fdc5adf1000 r-xp 00000000 08:06 2505797                    /usr/lib/x86_64-linux-gnu/libxcb.so.1.1.0
7fdc5adf1000-7fdc5aff1000 ---p 0001d000 08:06 2505797                    /usr/lib/x86_64-linux-gnu/libxcb.so.1.1.0
7fdc5aff1000-7fdc5aff2000 r--p 0001d000 08:06 2505797                    /usr/lib/x86_64-linux-gnu/libxcb.so.1.1.0
7fdc5aff2000-7fdc5aff3000 rw-p 0001e000 08:06 2505797                    /usr/lib/x86_64-linux-gnu/libxcb.so.1.1.0
7fdc5aff3000-7fdc5b126000 r-xp 00000000 08:06 2504673                    /usr/lib/x86_64-linux-gnu/libX11.so.6.3.0
7fdc5b126000-7fdc5b326000 ---p 00133000 08:06 2504673                    /usr/lib/x86_64-linux-gnu/libX11.so.6.3.0
7fdc5b326000-7fdc5b327000 r--p 00133000 08:06 2504673                    /usr/lib/x86_64-linux-gnu/libX11.so.6.3.0
7fdc5b327000-7fdc5b32b000 rw-p 00134000 08:06 2504673                    /usr/lib/x86_64-linux-gnu/libX11.so.6.3.0
7fdc5b32b000-7fdc5b32c000 rw-p 00000000 00:00 0 
7fdc5b32c000-7fdc5b32e000 r-xp 00000000 08:06 2495818                    /usr/lib/jayatana/libjayatanaag.so
7fdc5b32e000-7fdc5b52d000 ---p 00002000 08:06 2495818                    /usr/lib/jayatana/libjayatanaag.so
7fdc5b52d000-7fdc5b52e000 r--p 00001000 08:06 2495818                    /usr/lib/jayatana/libjayatanaag.so
7fdc5b52e000-7fdc5b52f000 rw-p 00002000 08:06 2495818                    /usr/lib/jayatana/libjayatanaag.so
7fdc5b52f000-7fdc5b532000 ---p 00000000 00:00 0 
7fdc5b532000-7fdc5b630000 rw-p 00000000 00:00 0                          [stack:17681]
7fdc5b630000-7fdc5b8f9000 r--p 00000000 08:06 2495346                    /usr/lib/locale/locale-archive
7fdc5b8f9000-7fdc5b8fc000 ---p 00000000 00:00 0 
7fdc5b8fc000-7fdc5b9fa000 rw-p 00000000 00:00 0                          [stack:17679]
7fdc5b9fa000-7fdc5b9fd000 ---p 00000000 00:00 0 
7fdc5b9fd000-7fdc5bafb000 rw-p 00000000 00:00 0                          [stack:17677]
7fdc5bafb000-7fdc5bafc000 ---p 00000000 00:00 0 
7fdc5bafc000-7fdc5c000000 rw-p 00000000 00:00 0                          [stack:17675]
7fdc5c000000-7fdc5c021000 rw-p 00000000 00:00 0 
7fdc5c021000-7fdc60000000 ---p 00000000 00:00 0 
7fdc6004b000-7fdc60ba1000 rw-p 00000000 00:00 0 
7fdc60ba1000-7fdc60d61000 r--s 039ea000 08:06 2766848                    /usr/lib/jvm/java-7-oracle/jre/lib/rt.jar
7fdc60d61000-7fdc61000000 rw-p 00000000 00:00 0 
7fdc61000000-7fdc61270000 rwxp 00000000 00:00 0 
7fdc61270000-7fdc64252000 rw-p 00000000 00:00 0 
7fdc64252000-7fdc68000000 ---p 00000000 00:00 0 
7fdc68020000-7fdc6802b000 r--s 00079000 08:06 1848334                    /home/jincy/AndroidStudioProjects/Excel/excelapp/app/build/intermediates/exploded-aar/com.google.android.gms/play-services-analytics/7.5.0/jars/classes.jar
7fdc6802b000-7fdc6a316000 rw-p 00000000 00:00 0 
7fdc6a316000-7fdc6a317000 ---p 00000000 00:00 0 
7fdc6a317000-7fdc6a417000 rw-p 00000000 00:00 0                          [stack:17672]
7fdc6a417000-7fdc6a418000 ---p 00000000 00:00 0 
7fdc6a418000-7fdc6a518000 rw-p 00000000 00:00 0                          [stack:17670]
7fdc6a518000-7fdc6a519000 ---p 00000000 00:00 0 
7fdc6a519000-7fdc6a619000 rw-p 00000000 00:00 0                          [stack:17669]
7fdc6a619000-7fdc6a61a000 ---p 00000000 00:00 0 
7fdc6a61a000-7fdc6a725000 rw-p 00000000 00:00 0                          [stack:17668]
7fdc6a725000-7fdc6a743000 rw-p 00000000 00:00 0 
7fdc6a743000-7fdc6a792000 rw-p 00000000 00:00 0 
7fdc6a792000-7fdc6a899000 rw-p 00000000 00:00 0 
7fdc6a899000-7fdc6a8a4000 rw-p 00000000 00:00 0 
7fdc6a8a4000-7fdc6a8c2000 rw-p 00000000 00:00 0 
7fdc6a8c2000-7fdc6a911000 rw-p 00000000 00:00 0 
7fdc6a911000-7fdc6aa17000 rw-p 00000000 00:00 0 
7fdc6aa17000-7fdc6aab4000 rw-p 00000000 00:00 0 
7fdc6aab4000-7fdc6aac2000 rw-p 00000000 00:00 0 
7fdc6aac2000-7fdc6aac3000 rw-p 00000000 00:00 0 
7fdc6aac3000-7fdc6aadd000 r-xp 00000000 08:06 545919                     /usr/lib/jvm/java-7-oracle/jre/lib/amd64/libzip.so
7fdc6aadd000-7fdc6acdd000 ---p 0001a000 08:06 545919                     /usr/lib/jvm/java-7-oracle/jre/lib/amd64/libzip.so
7fdc6acdd000-7fdc6acde000 rw-p 0001a000 08:06 545919                     /usr/lib/jvm/java-7-oracle/jre/lib/amd64/libzip.so
7fdc6acde000-7fdc6acea000 r-xp 00000000 08:06 262724                     /lib/x86_64-linux-gnu/libnss_files-2.21.so
7fdc6acea000-7fdc6aee9000 ---p 0000c000 08:06 262724                     /lib/x86_64-linux-gnu/libnss_files-2.21.so
7fdc6aee9000-7fdc6aeea000 r--p 0000b000 08:06 262724                     /lib/x86_64-linux-gnu/libnss_files-2.21.so
7fdc6aeea000-7fdc6aeeb000 rw-p 0000c000 08:06 262724                     /lib/x86_64-linux-gnu/libnss_files-2.21.so
7fdc6aeeb000-7fdc6aef6000 r-xp 00000000 08:06 262712                     /lib/x86_64-linux-gnu/libnss_nis-2.21.so
7fdc6aef6000-7fdc6b0f5000 ---p 0000b000 08:06 262712                     /lib/x86_64-linux-gnu/libnss_nis-2.21.so
7fdc6b0f5000-7fdc6b0f6000 r--p 0000a000 08:06 262712                     /lib/x86_64-linux-gnu/libnss_nis-2.21.so
7fdc6b0f6000-7fdc6b0f7000 rw-p 0000b000 08:06 262712                     /lib/x86_64-linux-gnu/libnss_nis-2.21.so
7fdc6b0f7000-7fdc6b10e000 r-xp 00000000 08:06 262730                     /lib/x86_64-linux-gnu/libnsl-2.21.so
7fdc6b10e000-7fdc6b30d000 ---p 00017000 08:06 262730                     /lib/x86_64-linux-gnu/libnsl-2.21.so
7fdc6b30d000-7fdc6b30e000 r--p 00016000 08:06 262730                     /lib/x86_64-linux-gnu/libnsl-2.21.so
7fdc6b30e000-7fdc6b30f000 rw-p 00017000 08:06 262730                     /lib/x86_64-linux-gnu/libnsl-2.21.so
7fdc6b30f000-7fdc6b311000 rw-p 00000000 00:00 0 
7fdc6b311000-7fdc6b319000 r-xp 00000000 08:06 262726                     /lib/x86_64-linux-gnu/libnss_compat-2.21.so
7fdc6b319000-7fdc6b518000 ---p 00008000 08:06 262726                     /lib/x86_64-linux-gnu/libnss_compat-2.21.so
7fdc6b518000-7fdc6b519000 r--p 00007000 08:06 262726                     /lib/x86_64-linux-gnu/libnss_compat-2.21.so
7fdc6b519000-7fdc6b51a000 rw-p 00008000 08:06 262726                     /lib/x86_64-linux-gnu/libnss_compat-2.21.so
7fdc6b51a000-7fdc6b524000 r-xp 00000000 08:06 545917                     /usr/lib/jvm/java-7-oracle/jre/lib/amd64/libinstrument.so
7fdc6b524000-7fdc6b723000 ---p 0000a000 08:06 545917                     /usr/lib/jvm/java-7-oracle/jre/lib/amd64/libinstrument.so
7fdc6b723000-7fdc6b724000 rw-p 00009000 08:06 545917                     /usr/lib/jvm/java-7-oracle/jre/lib/amd64/libinstrument.so
7fdc6b724000-7fdc6b74d000 r-xp 00000000 08:06 545902                     /usr/lib/jvm/java-7-oracle/jre/lib/amd64/libjava.so
7fdc6b74d000-7fdc6b94d000 ---p 00029000 08:06 545902                     /usr/lib/jvm/java-7-oracle/jre/lib/amd64/libjava.so
7fdc6b94d000-7fdc6b94f000 rw-p 00029000 08:06 545902                     /usr/lib/jvm/java-7-oracle/jre/lib/amd64/libjava.so
7fdc6b94f000-7fdc6b95c000 r-xp 00000000 08:06 545864                     /usr/lib/jvm/java-7-oracle/jre/lib/amd64/libverify.so
7fdc6b95c000-7fdc6bb5b000 ---p 0000d000 08:06 545864                     /usr/lib/jvm/java-7-oracle/jre/lib/amd64/libverify.so
7fdc6bb5b000-7fdc6bb5d000 rw-p 0000c000 08:06 545864                     /usr/lib/jvm/java-7-oracle/jre/lib/amd64/libverify.so
7fdc6bb5d000-7fdc6bb64000 r-xp 00000000 08:06 262731                     /lib/x86_64-linux-gnu/librt-2.21.so
7fdc6bb64000-7fdc6bd63000 ---p 00007000 08:06 262731                     /lib/x86_64-linux-gnu/librt-2.21.so
7fdc6bd63000-7fdc6bd64000 r--p 00006000 08:06 262731                     /lib/x86_64-linux-gnu/librt-2.21.so
7fdc6bd64000-7fdc6bd65000 rw-p 00007000 08:06 262731                     /lib/x86_64-linux-gnu/librt-2.21.so
7fdc6bd65000-7fdc6be6c000 r-xp 00000000 08:06 262729                     /lib/x86_64-linux-gnu/libm-2.21.so
7fdc6be6c000-7fdc6c06b000 ---p 00107000 08:06 262729                     /lib/x86_64-linux-gnu/libm-2.21.so
7fdc6c06b000-7fdc6c06c000 r--p 00106000 08:06 262729                     /lib/x86_64-linux-gnu/libm-2.21.so
7fdc6c06c000-7fdc6c06d000 rw-p 00107000 08:06 262729                     /lib/x86_64-linux-gnu/libm-2.21.so
7fdc6c06d000-7fdc6cbe0000 r-xp 00000000 08:06 545878                     /usr/lib/jvm/java-7-oracle/jre/lib/amd64/server/libjvm.so
7fdc6cbe0000-7fdc6cddf000 ---p 00b73000 08:06 545878                     /usr/lib/jvm/java-7-oracle/jre/lib/amd64/server/libjvm.so
7fdc6cddf000-7fdc6cea3000 rw-p 00b72000 08:06 545878                     /usr/lib/jvm/java-7-oracle/jre/lib/amd64/server/libjvm.so
7fdc6cea3000-7fdc6cee4000 rw-p 00000000 00:00 0 
7fdc6cee4000-7fdc6d0a4000 r-xp 00000000 08:06 262734                     /lib/x86_64-linux-gnu/libc-2.21.so
7fdc6d0a4000-7fdc6d2a4000 ---p 001c0000 08:06 262734                     /lib/x86_64-linux-gnu/libc-2.21.so
7fdc6d2a4000-7fdc6d2a8000 r--p 001c0000 08:06 262734                     /lib/x86_64-linux-gnu/libc-2.21.so
7fdc6d2a8000-7fdc6d2aa000 rw-p 001c4000 08:06 262734                     /lib/x86_64-linux-gnu/libc-2.21.so
7fdc6d2aa000-7fdc6d2ae000 rw-p 00000000 00:00 0 
7fdc6d2ae000-7fdc6d2b1000 r-xp 00000000 08:06 262717                     /lib/x86_64-linux-gnu/libdl-2.21.so
7fdc6d2b1000-7fdc6d4b0000 ---p 00003000 08:06 262717                     /lib/x86_64-linux-gnu/libdl-2.21.so
7fdc6d4b0000-7fdc6d4b1000 r--p 00002000 08:06 262717                     /lib/x86_64-linux-gnu/libdl-2.21.so
7fdc6d4b1000-7fdc6d4b2000 rw-p 00003000 08:06 262717                     /lib/x86_64-linux-gnu/libdl-2.21.so
7fdc6d4b2000-7fdc6d4c8000 r-xp 00000000 08:06 2498187                    /usr/lib/jvm/java-7-oracle/lib/amd64/jli/libjli.so
7fdc6d4c8000-7fdc6d6c8000 ---p 00016000 08:06 2498187                    /usr/lib/jvm/java-7-oracle/lib/amd64/jli/libjli.so
7fdc6d6c8000-7fdc6d6c9000 rw-p 00016000 08:06 2498187                    /usr/lib/jvm/java-7-oracle/lib/amd64/jli/libjli.so
7fdc6d6c9000-7fdc6d6e1000 r-xp 00000000 08:06 262721                     /lib/x86_64-linux-gnu/libpthread-2.21.so
7fdc6d6e1000-7fdc6d8e1000 ---p 00018000 08:06 262721                     /lib/x86_64-linux-gnu/libpthread-2.21.so
7fdc6d8e1000-7fdc6d8e2000 r--p 00018000 08:06 262721                     /lib/x86_64-linux-gnu/libpthread-2.21.so
7fdc6d8e2000-7fdc6d8e3000 rw-p 00019000 08:06 262721                     /lib/x86_64-linux-gnu/libpthread-2.21.so
7fdc6d8e3000-7fdc6d8e7000 rw-p 00000000 00:00 0 
7fdc6d8e7000-7fdc6d90b000 r-xp 00000000 08:06 262720                     /lib/x86_64-linux-gnu/ld-2.21.so
7fdc6d911000-7fdc6d931000 rw-p 00000000 00:00 0 
7fdc6d931000-7fdc6d9e7000 rw-p 00000000 00:00 0 
7fdc6d9e7000-7fdc6d9ea000 ---p 00000000 00:00 0 
7fdc6d9ea000-7fdc6daec000 rw-p 00000000 00:00 0                          [stack:17664]
7fdc6daed000-7fdc6daee000 rw-p 00000000 00:00 0 
7fdc6daee000-7fdc6daef000 r--s 00000000 08:06 2900168                    /usr/share/java/jayatanaag.jar
7fdc6daef000-7fdc6dafe000 r--s 000df000 08:06 1979647                    /home/jincy/Android/Sdk/build-tools/23.0.0-preview/lib/dx.jar
7fdc6dafe000-7fdc6db06000 rw-s 00000000 08:06 1466264                    /tmp/hsperfdata_jincy/17663
7fdc6db06000-7fdc6db07000 rw-p 00000000 00:00 0 
7fdc6db07000-7fdc6db08000 ---p 00000000 00:00 0 
7fdc6db08000-7fdc6db0a000 rw-p 00000000 00:00 0 
7fdc6db0a000-7fdc6db0b000 r--p 00023000 08:06 262720                     /lib/x86_64-linux-gnu/ld-2.21.so
7fdc6db0b000-7fdc6db0c000 rw-p 00024000 08:06 262720                     /lib/x86_64-linux-gnu/ld-2.21.so
7fdc6db0c000-7fdc6db0d000 rw-p 00000000 00:00 0 
7ffe8dc4e000-7ffe8dc6f000 rw-p 00000000 00:00 0                          [stack]
7ffe8ddd3000-7ffe8ddd5000 r--p 00000000 00:00 0                          [vvar]
7ffe8ddd5000-7ffe8ddd7000 r-xp 00000000 00:00 0                          [vdso]
ffffffffff600000-ffffffffff601000 r-xp 00000000 00:00 0                  [vsyscall]

VM Arguments:
jvm_args: -javaagent:/usr/share/java/jayatanaag.jar -Xmx1024M -Dfile.encoding=UTF-8 -Duser.country=IN -Duser.language=en -Duser.variant 
java_command: com.android.dx.command.Main --dex --num-threads=4 --output /home/jincy/AndroidStudioProjects/Excel/excelapp/app/build/intermediates/pre-dexed/debug/classes-7980201dd015b5ed5a810c3c7c50703aec01a224.jar /home/jincy/AndroidStudioProjects/Excel/excelapp/app/build/intermediates/exploded-aar/com.google.android.gms/play-services-analytics/7.5.0/jars/classes.jar
Launcher Type: SUN_STANDARD

Environment Variables:
JAVA_TOOL_OPTIONS=-javaagent:/usr/share/java/jayatanaag.jar 
PATH=/usr/local/sbin:/usr/local/bin:/usr/sbin:/usr/bin:/sbin:/bin:/usr/games:/usr/local/games
SHELL=/bin/bash
DISPLAY=:0

Signal Handlers:
SIGSEGV: [libjvm.so+0x9a1a10], sa_mask[0]=0x7ffbfeff, sa_flags=0x10000004
SIGBUS: [libjvm.so+0x9a1a10], sa_mask[0]=0x7ffbfeff, sa_flags=0x10000004
SIGFPE: [libjvm.so+0x81bae0], sa_mask[0]=0x7ffbfeff, sa_flags=0x10000004
SIGPIPE: [libjvm.so+0x81bae0], sa_mask[0]=0x7ffbfeff, sa_flags=0x10000004
SIGXFSZ: [libjvm.so+0x81bae0], sa_mask[0]=0x7ffbfeff, sa_flags=0x10000004
SIGILL: [libjvm.so+0x81bae0], sa_mask[0]=0x7ffbfeff, sa_flags=0x10000004
SIGUSR1: SIG_DFL, sa_mask[0]=0x00000000, sa_flags=0x00000000
SIGUSR2: [libjvm.so+0x81d2e0], sa_mask[0]=0x00000004, sa_flags=0x10000004
SIGHUP: [libjvm.so+0x81e400], sa_mask[0]=0x7ffbfeff, sa_flags=0x10000004
SIGINT: [libjvm.so+0x81e400], sa_mask[0]=0x7ffbfeff, sa_flags=0x10000004
SIGTERM: [libjvm.so+0x81e400], sa_mask[0]=0x7ffbfeff, sa_flags=0x10000004
SIGQUIT: [libjvm.so+0x81e400], sa_mask[0]=0x7ffbfeff, sa_flags=0x10000004


---------------  S Y S T E M  ---------------

OS:jessie/sid

uname:Linux 3.19.0-22-generic #22-Ubuntu SMP Tue Jun 16 17:15:15 UTC 2015 x86_64
libc:glibc 2.21 NPTL 2.21 
rlimit: STACK 8192k, CORE 0k, NPROC 15184, NOFILE 65536, AS infinity
load average:22.03 16.34 13.16

/proc/meminfo:
MemTotal:        3975384 kB
MemFree:          107608 kB
MemAvailable:      49800 kB
Buffers:             300 kB
Cached:           304704 kB
SwapCached:            0 kB
Active:          3425632 kB
Inactive:         273944 kB
Active(anon):    3422024 kB
Inactive(anon):   255148 kB
Active(file):       3608 kB
Inactive(file):    18796 kB
Unevictable:          32 kB
Mlocked:              32 kB
SwapTotal:             0 kB
SwapFree:              0 kB
Dirty:               260 kB
Writeback:             0 kB
AnonPages:       3394648 kB
Mapped:            81328 kB
Shmem:            282556 kB
Slab:              66984 kB
SReclaimable:      30912 kB
SUnreclaim:        36072 kB
KernelStack:        9552 kB
PageTables:        32892 kB
NFS_Unstable:          0 kB
Bounce:                0 kB
WritebackTmp:          0 kB
CommitLimit:     1987692 kB
Committed_AS:    6922308 kB
VmallocTotal:   34359738367 kB
VmallocUsed:      556512 kB
VmallocChunk:   34359171736 kB
HardwareCorrupted:     0 kB
AnonHugePages:   2191360 kB
CmaTotal:              0 kB
CmaFree:               0 kB
HugePages_Total:       0
HugePages_Free:        0
HugePages_Rsvd:        0
HugePages_Surp:        0
Hugepagesize:       2048 kB
DirectMap4k:      174720 kB
DirectMap2M:     2899968 kB
DirectMap1G:     2097152 kB


CPU:total 4 (2 cores per cpu, 2 threads per core) family 6 model 69 stepping 1, cmov, cx8, fxsr, mmx, sse, sse2, sse3, ssse3, sse4.1, sse4.2, popcnt, avx, avx2, aes, erms, ht, tsc, tscinvbit

/proc/cpuinfo:
processor	: 0
vendor_id	: GenuineIntel
cpu family	: 6
model		: 69
model name	: Intel(R) Core(TM) i3-4010U CPU @ 1.70GHz
stepping	: 1
microcode	: 0x16
cpu MHz		: 1693.824
cache size	: 3072 KB
physical id	: 0
siblings	: 4
core id		: 0
cpu cores	: 2
apicid		: 0
initial apicid	: 0
fpu		: yes
fpu_exception	: yes
cpuid level	: 13
wp		: yes
flags		: fpu vme de pse tsc msr pae mce cx8 apic sep mtrr pge mca cmov pat pse36 clflush dts acpi mmx fxsr sse sse2 ss ht tm pbe syscall nx pdpe1gb rdtscp lm constant_tsc arch_perfmon pebs bts rep_good nopl xtopology nonstop_tsc aperfmperf eagerfpu pni pclmulqdq dtes64 monitor ds_cpl vmx est tm2 ssse3 fma cx16 xtpr pdcm pcid sse4_1 sse4_2 x2apic movbe popcnt tsc_deadline_timer aes xsave avx f16c rdrand lahf_lm abm arat epb pln pts dtherm tpr_shadow vnmi flexpriority ept vpid fsgsbase tsc_adjust bmi1 avx2 smep bmi2 erms invpcid xsaveopt
bugs		:
bogomips	: 3392.32
clflush size	: 64
cache_alignment	: 64
address sizes	: 39 bits physical, 48 bits virtual
power management:

processor	: 1
vendor_id	: GenuineIntel
cpu family	: 6
model		: 69
model name	: Intel(R) Core(TM) i3-4010U CPU @ 1.70GHz
stepping	: 1
microcode	: 0x16
cpu MHz		: 1641.828
cache size	: 3072 KB
physical id	: 0
siblings	: 4
core id		: 0
cpu cores	: 2
apicid		: 1
initial apicid	: 1
fpu		: yes
fpu_exception	: yes
cpuid level	: 13
wp		: yes
flags		: fpu vme de pse tsc msr pae mce cx8 apic sep mtrr pge mca cmov pat pse36 clflush dts acpi mmx fxsr sse sse2 ss ht tm pbe syscall nx pdpe1gb rdtscp lm constant_tsc arch_perfmon pebs bts rep_good nopl xtopology nonstop_tsc aperfmperf eagerfpu pni pclmulqdq dtes64 monitor ds_cpl vmx est tm2 ssse3 fma cx16 xtpr pdcm pcid sse4_1 sse4_2 x2apic movbe popcnt tsc_deadline_timer aes xsave avx f16c rdrand lahf_lm abm arat epb pln pts dtherm tpr_shadow vnmi flexpriority ept vpid fsgsbase tsc_adjust bmi1 avx2 smep bmi2 erms invpcid xsaveopt
bugs		:
bogomips	: 3392.32
clflush size	: 64
cache_alignment	: 64
address sizes	: 39 bits physical, 48 bits virtual
power management:

processor	: 2
vendor_id	: GenuineIntel
cpu family	: 6
model		: 69
model name	: Intel(R) Core(TM) i3-4010U CPU @ 1.70GHz
stepping	: 1
microcode	: 0x16
cpu MHz		: 1639.238
cache size	: 3072 KB
physical id	: 0
siblings	: 4
core id		: 1
cpu cores	: 2
apicid		: 2
initial apicid	: 2
fpu		: yes
fpu_exception	: yes
cpuid level	: 13
wp		: yes
flags		: fpu vme de pse tsc msr pae mce cx8 apic sep mtrr pge mca cmov pat pse36 clflush dts acpi mmx fxsr sse sse2 ss ht tm pbe syscall nx pdpe1gb rdtscp lm constant_tsc arch_perfmon pebs bts rep_good nopl xtopology nonstop_tsc aperfmperf eagerfpu pni pclmulqdq dtes64 monitor ds_cpl vmx est tm2 ssse3 fma cx16 xtpr pdcm pcid sse4_1 sse4_2 x2apic movbe popcnt tsc_deadline_timer aes xsave avx f16c rdrand lahf_lm abm arat epb pln pts dtherm tpr_shadow vnmi flexpriority ept vpid fsgsbase tsc_adjust bmi1 avx2 smep bmi2 erms invpcid xsaveopt
bugs		:
bogomips	: 3392.32
clflush size	: 64
cache_alignment	: 64
address sizes	: 39 bits physical, 48 bits virtual
power management:

processor	: 3
vendor_id	: GenuineIntel
cpu family	: 6
model		: 69
model name	: Intel(R) Core(TM) i3-4010U CPU @ 1.70GHz
stepping	: 1
microcode	: 0x16
cpu MHz		: 1691.566
cache size	: 3072 KB
physical id	: 0
siblings	: 4
core id		: 1
cpu cores	: 2
apicid		: 3
initial apicid	: 3
fpu		: yes
fpu_exception	: yes
cpuid level	: 13
wp		: yes
flags		: fpu vme de pse tsc msr pae mce cx8 apic sep mtrr pge mca cmov pat pse36 clflush dts acpi mmx fxsr sse sse2 ss ht tm pbe syscall nx pdpe1gb rdtscp lm constant_tsc arch_perfmon pebs bts rep_good nopl xtopology nonstop_tsc aperfmperf eagerfpu pni pclmulqdq dtes64 monitor ds_cpl vmx est tm2 ssse3 fma cx16 xtpr pdcm pcid sse4_1 sse4_2 x2apic movbe popcnt tsc_deadline_timer aes xsave avx f16c rdrand lahf_lm abm arat epb pln pts dtherm tpr_shadow vnmi flexpriority ept vpid fsgsbase tsc_adjust bmi1 avx2 smep bmi2 erms invpcid xsaveopt
bugs		:
bogomips	: 3392.32
clflush size	: 64
cache_alignment	: 64
address sizes	: 39 bits physical, 48 bits virtual
power management:



Memory: 4k page, physical 3975384k(107608k free), swap 0k(0k free)

vm_info: Java HotSpot(TM) 64-Bit Server VM (24.72-b04) for linux-amd64 JRE (1.7.0_72-b14), built on Sep 26 2014 18:20:41 by "java_re" with gcc 4.3.0 20080428 (Red Hat 4.3.0-8)

time: Fri Aug 14 14:21:38 2015
elapsed time: 77 seconds

