#
# There is insufficient memory for the Java Runtime Environment to continue.
# Native memory allocation (malloc) failed to allocate 114819072 bytes for committing reserved memory.
# Possible reasons:
#   The system is out of physical RAM or swap space
#   In 32 bit mode, the process size limit was hit
# Possible solutions:
#   Reduce memory load on the system
#   Increase physical memory or swap space
#   Check if swap backing store is full
#   Use 64 bit Java on a 64 bit OS
#   Decrease Java heap size (-Xmx/-Xms)
#   Decrease number of Java threads
#   Decrease Java thread stack sizes (-Xss)
#   Set larger code cache with -XX:ReservedCodeCacheSize=
# This output file may be truncated or incomplete.
#
#  Out of Memory Error (os_linux.cpp:2756), pid=11277, tid=140391493592832
#
# JRE version: Java(TM) SE Runtime Environment (7.0_72-b14) (build 1.7.0_72-b14)
# Java VM: Java HotSpot(TM) 64-Bit Server VM (24.72-b04 mixed mode linux-amd64 compressed oops)
# Failed to write core dump. Core dumps have been disabled. To enable core dumping, try "ulimit -c unlimited" before starting Java again
#

---------------  T H R E A D  ---------------

Current thread (0x00007faf78135800):  VMThread [stack: 0x00007faf710ae000,0x00007faf711af000] [id=11288]

Stack: [0x00007faf710ae000,0x00007faf711af000],  sp=0x00007faf711ad300,  free space=1020k
Native frames: (J=compiled Java code, j=interpreted, Vv=VM code, C=native code)
V  [libjvm.so+0x9a10fa]  VMError::report_and_die()+0x2ea
V  [libjvm.so+0x49755b]  report_vm_out_of_memory(char const*, int, unsigned long, char const*)+0x9b
V  [libjvm.so+0x81ec4e]  os::Linux::commit_memory_impl(char*, unsigned long, bool)+0xfe
V  [libjvm.so+0x81f199]  os::pd_commit_memory(char*, unsigned long, unsigned long, bool)+0x29
V  [libjvm.so+0x818f2a]  os::commit_memory(char*, unsigned long, unsigned long, bool)+0x2a
V  [libjvm.so+0x88ba53]  PSVirtualSpace::expand_by(unsigned long)+0x53
V  [libjvm.so+0x88ce28]  PSYoungGen::resize_generation(unsigned long, unsigned long)+0xf8
V  [libjvm.so+0x88bf92]  PSYoungGen::resize(unsigned long, unsigned long)+0x22
V  [libjvm.so+0x8893e3]  PSScavenge::invoke_no_policy()+0xfb3
V  [libjvm.so+0x889b91]  PSScavenge::invoke()+0x41
V  [libjvm.so+0x8407c0]  ParallelScavengeHeap::failed_mem_allocate(unsigned long)+0x70
V  [libjvm.so+0x9a2987]  VM_ParallelGCFailedAllocation::doit()+0x97
V  [libjvm.so+0x9a9e25]  VM_Operation::evaluate()+0x55
V  [libjvm.so+0x9a81ea]  VMThread::evaluate_operation(VM_Operation*)+0xba
V  [libjvm.so+0x9a856e]  VMThread::loop()+0x1ce
V  [libjvm.so+0x9a89e0]  VMThread::run()+0x70
V  [libjvm.so+0x820c28]  java_start(Thread*)+0x108

VM_Operation (0x00007faf7f042630): ParallelGCFailedAllocation, mode: safepoint, requested by thread 0x00007faf7800e800


---------------  P R O C E S S  ---------------

Java Threads: ( => current thread )
  0x00007faf7818e000 JavaThread "Service Thread" daemon [_thread_blocked, id=11294, stack(0x00007faf6bbf8000,0x00007faf6bcf9000)]
  0x00007faf78189000 JavaThread "C2 CompilerThread1" daemon [_thread_blocked, id=11293, stack(0x00007faf6bcf9000,0x00007faf6bdfa000)]
  0x00007faf78187000 JavaThread "C2 CompilerThread0" daemon [_thread_blocked, id=11292, stack(0x00007faf70082000,0x00007faf70183000)]
  0x00007faf7815d000 JavaThread "Signal Dispatcher" daemon [_thread_blocked, id=11291, stack(0x00007faf70ae2000,0x00007faf70be3000)]
  0x00007faf7813c000 JavaThread "Finalizer" daemon [_thread_blocked, id=11290, stack(0x00007faf70eac000,0x00007faf70fad000)]
  0x00007faf7813a000 JavaThread "Reference Handler" daemon [_thread_blocked, id=11289, stack(0x00007faf70fad000,0x00007faf710ae000)]
  0x00007faf7800e800 JavaThread "main" [_thread_blocked, id=11283, stack(0x00007faf7ef43000,0x00007faf7f044000)]

Other Threads:
=>0x00007faf78135800 VMThread [stack: 0x00007faf710ae000,0x00007faf711af000] [id=11288]
  0x00007faf78199000 WatcherThread [stack: 0x00007faf6baf7000,0x00007faf6bbf8000] [id=11295]

VM state:at safepoint (normal execution)

VM Mutex/Monitor currently owned by a thread:  ([mutex/lock_event])
[0x00007faf7800ac00] Threads_lock - owner thread: 0x00007faf78135800
[0x00007faf7800b100] Heap_lock - owner thread: 0x00007faf7800e800

Heap
 PSYoungGen      total 204800K, used 7482K [0x00000000eaa80000, 0x00000000f8200000, 0x0000000100000000)
  eden space 189952K, 0% used [0x00000000eaa80000,0x00000000eaa80000,0x00000000f6400000)
  from space 14848K, 50% used [0x00000000f6400000,0x00000000f6b4e970,0x00000000f7280000)
  to   space 13824K, 0% used [0x00000000f7280000,0x00000000f7280000,0x00000000f8000000)
 ParOldGen       total 41472K, used 34259K [0x00000000c0000000, 0x00000000c2880000, 0x00000000eaa80000)
  object space 41472K, 82% used [0x00000000c0000000,0x00000000c2174d50,0x00000000c2880000)
 PSPermGen       total 21504K, used 7614K [0x00000000bae00000, 0x00000000bc300000, 0x00000000c0000000)
  object space 21504K, 35% used [0x00000000bae00000,0x00000000bb56fb98,0x00000000bc300000)

Card table byte_map: [0x00007faf74dd6000,0x00007faf75000000] byte_map_base: 0x00007faf747ff000

Polling page: 0x00007faf7f063000

Code Cache  [0x00007faf75000000, 0x00007faf75390000, 0x00007faf78000000)
 total_blobs=1410 nmethods=1154 adapters=209 free_code_cache=45582Kb largest_free_block=46625088

Compilation events (10 events):
Event: 11.587 Thread 0x00007faf78189000 nmethod 1177 0x00007faf75388cd0 code [0x00007faf75388e00, 0x00007faf75388e58]
Event: 11.587 Thread 0x00007faf78189000 1178             com.android.dx.io.instructions.FiveRegisterDecodedInstruction::getA (5 bytes)
Event: 11.587 Thread 0x00007faf78189000 nmethod 1178 0x00007faf75388ad0 code [0x00007faf75388c00, 0x00007faf75388c58]
Event: 11.587 Thread 0x00007faf78189000 1179             com.android.dx.io.instructions.FiveRegisterDecodedInstruction::getB (5 bytes)
Event: 11.587 Thread 0x00007faf78189000 nmethod 1179 0x00007faf753888d0 code [0x00007faf75388a00, 0x00007faf75388a58]
Event: 11.587 Thread 0x00007faf78189000 1180             com.android.dx.io.instructions.FiveRegisterDecodedInstruction::getC (5 bytes)
Event: 11.588 Thread 0x00007faf78189000 nmethod 1180 0x00007faf753886d0 code [0x00007faf75388800, 0x00007faf75388858]
Event: 11.588 Thread 0x00007faf78189000 1181             com.android.dx.io.instructions.FiveRegisterDecodedInstruction::getD (5 bytes)
Event: 11.588 Thread 0x00007faf78189000 nmethod 1181 0x00007faf753884d0 code [0x00007faf75388600, 0x00007faf75388658]
Event: 11.589 Thread 0x00007faf78187000 nmethod 1175 0x00007faf75388010 code [0x00007faf75388160, 0x00007faf75388338]

GC Heap History (10 events):
Event: 5.136 GC heap after
Heap after GC invocations=6 (full 0):
 PSYoungGen      total 68096K, used 7670K [0x00000000eaa80000, 0x00000000efd80000, 0x0000000100000000)
  eden space 60416K, 0% used [0x00000000eaa80000,0x00000000eaa80000,0x00000000ee580000)
  from space 7680K, 99% used [0x00000000ef000000,0x00000000ef77da28,0x00000000ef780000)
  to   space 10752K, 0% used [0x00000000ee580000,0x00000000ee580000,0x00000000ef000000)
 ParOldGen       total 41472K, used 20394K [0x00000000c0000000, 0x00000000c2880000, 0x00000000eaa80000)
  object space 41472K, 49% used [0x00000000c0000000,0x00000000c13eab88,0x00000000c2880000)
 PSPermGen       total 21504K, used 5837K [0x00000000bae00000, 0x00000000bc300000, 0x00000000c0000000)
  object space 21504K, 27% used [0x00000000bae00000,0x00000000bb3b3500,0x00000000bc300000)
}
Event: 9.373 GC heap before
{Heap before GC invocations=7 (full 0):
 PSYoungGen      total 68096K, used 67223K [0x00000000eaa80000, 0x00000000efd80000, 0x0000000100000000)
  eden space 60416K, 98% used [0x00000000eaa80000,0x00000000ee4a8218,0x00000000ee580000)
  from space 7680K, 99% used [0x00000000ef000000,0x00000000ef77da28,0x00000000ef780000)
  to   space 10752K, 0% used [0x00000000ee580000,0x00000000ee580000,0x00000000ef000000)
 ParOldGen       total 41472K, used 20394K [0x00000000c0000000, 0x00000000c2880000, 0x00000000eaa80000)
  object space 41472K, 49% used [0x00000000c0000000,0x00000000c13eab88,0x00000000c2880000)
 PSPermGen       total 21504K, used 7473K [0x00000000bae00000, 0x00000000bc300000, 0x00000000c0000000)
  object space 21504K, 34% used [0x00000000bae00000,0x00000000bb54c6a8,0x00000000bc300000)
Event: 9.423 GC heap after
Heap after GC invocations=7 (full 0):
 PSYoungGen      total 71168K, used 9159K [0x00000000eaa80000, 0x00000000f3680000, 0x0000000100000000)
  eden space 60416K, 0% used [0x00000000eaa80000,0x00000000eaa80000,0x00000000ee580000)
  from space 10752K, 85% used [0x00000000ee580000,0x00000000eee71eb8,0x00000000ef000000)
  to   space 11264K, 0% used [0x00000000f2b80000,0x00000000f2b80000,0x00000000f3680000)
 ParOldGen       total 41472K, used 22314K [0x00000000c0000000, 0x00000000c2880000, 0x00000000eaa80000)
  object space 41472K, 53% used [0x00000000c0000000,0x00000000c15ca9d0,0x00000000c2880000)
 PSPermGen       total 21504K, used 7473K [0x00000000bae00000, 0x00000000bc300000, 0x00000000c0000000)
  object space 21504K, 34% used [0x00000000bae00000,0x00000000bb54c6a8,0x00000000bc300000)
}
Event: 9.863 GC heap before
{Heap before GC invocations=8 (full 0):
 PSYoungGen      total 71168K, used 69575K [0x00000000eaa80000, 0x00000000f3680000, 0x0000000100000000)
  eden space 60416K, 100% used [0x00000000eaa80000,0x00000000ee580000,0x00000000ee580000)
  from space 10752K, 85% used [0x00000000ee580000,0x00000000eee71eb8,0x00000000ef000000)
  to   space 11264K, 0% used [0x00000000f2b80000,0x00000000f2b80000,0x00000000f3680000)
 ParOldGen       total 41472K, used 22314K [0x00000000c0000000, 0x00000000c2880000, 0x00000000eaa80000)
  object space 41472K, 53% used [0x00000000c0000000,0x00000000c15ca9d0,0x00000000c2880000)
 PSPermGen       total 21504K, used 7578K [0x00000000bae00000, 0x00000000bc300000, 0x00000000c0000000)
  object space 21504K, 35% used [0x00000000bae00000,0x00000000bb566b20,0x00000000bc300000)
Event: 9.912 GC heap after
Heap after GC invocations=8 (full 0):
 PSYoungGen      total 130560K, used 11260K [0x00000000eaa80000, 0x00000000f3980000, 0x0000000100000000)
  eden space 119296K, 0% used [0x00000000eaa80000,0x00000000eaa80000,0x00000000f1f00000)
  from space 11264K, 99% used [0x00000000f2b80000,0x00000000f367f058,0x00000000f3680000)
  to   space 12800K, 0% used [0x00000000f1f00000,0x00000000f1f00000,0x00000000f2b80000)
 ParOldGen       total 41472K, used 22712K [0x00000000c0000000, 0x00000000c2880000, 0x00000000eaa80000)
  object space 41472K, 54% used [0x00000000c0000000,0x00000000c162e3b8,0x00000000c2880000)
 PSPermGen       total 21504K, used 7578K [0x00000000bae00000, 0x00000000bc300000, 0x00000000c0000000)
  object space 21504K, 35% used [0x00000000bae00000,0x00000000bb566b20,0x00000000bc300000)
}
Event: 10.676 GC heap before
{Heap before GC invocations=9 (full 0):
 PSYoungGen      total 130560K, used 130556K [0x00000000eaa80000, 0x00000000f3980000, 0x0000000100000000)
  eden space 119296K, 100% used [0x00000000eaa80000,0x00000000f1f00000,0x00000000f1f00000)
  from space 11264K, 99% used [0x00000000f2b80000,0x00000000f367f058,0x00000000f3680000)
  to   space 12800K, 0% used [0x00000000f1f00000,0x00000000f1f00000,0x00000000f2b80000)
 ParOldGen       total 41472K, used 22712K [0x00000000c0000000, 0x00000000c2880000, 0x00000000eaa80000)
  object space 41472K, 54% used [0x00000000c0000000,0x00000000c162e3b8,0x00000000c2880000)
 PSPermGen       total 21504K, used 7599K [0x00000000bae00000, 0x00000000bc300000, 0x00000000c0000000)
  object space 21504K, 35% used [0x00000000bae00000,0x00000000bb56bfc0,0x00000000bc300000)
Event: 10.694 GC heap after
Heap after GC invocations=9 (full 0):
 PSYoungGen      total 132096K, used 11414K [0x00000000eaa80000, 0x00000000f8000000, 0x0000000100000000)
  eden space 119296K, 0% used [0x00000000eaa80000,0x00000000eaa80000,0x00000000f1f00000)
  from space 12800K, 89% used [0x00000000f1f00000,0x00000000f2a25908,0x00000000f2b80000)
  to   space 13824K, 0% used [0x00000000f7280000,0x00000000f7280000,0x00000000f8000000)
 ParOldGen       total 41472K, used 27248K [0x00000000c0000000, 0x00000000c2880000, 0x00000000eaa80000)
  object space 41472K, 65% used [0x00000000c0000000,0x00000000c1a9c2d0,0x00000000c2880000)
 PSPermGen       total 21504K, used 7599K [0x00000000bae00000, 0x00000000bc300000, 0x00000000c0000000)
  object space 21504K, 35% used [0x00000000bae00000,0x00000000bb56bfc0,0x00000000bc300000)
}
Event: 11.087 GC heap before
{Heap before GC invocations=10 (full 0):
 PSYoungGen      total 132096K, used 130710K [0x00000000eaa80000, 0x00000000f8000000, 0x0000000100000000)
  eden space 119296K, 100% used [0x00000000eaa80000,0x00000000f1f00000,0x00000000f1f00000)
  from space 12800K, 89% used [0x00000000f1f00000,0x00000000f2a25908,0x00000000f2b80000)
  to   space 13824K, 0% used [0x00000000f7280000,0x00000000f7280000,0x00000000f8000000)
 ParOldGen       total 41472K, used 27248K [0x00000000c0000000, 0x00000000c2880000, 0x00000000eaa80000)
  object space 41472K, 65% used [0x00000000c0000000,0x00000000c1a9c2d0,0x00000000c2880000)
 PSPermGen       total 21504K, used 7613K [0x00000000bae00000, 0x00000000bc300000, 0x00000000c0000000)
  object space 21504K, 35% used [0x00000000bae00000,0x00000000bb56f540,0x00000000bc300000)
Event: 11.145 GC heap after
Heap after GC invocations=10 (full 0):
 PSYoungGen      total 203776K, used 11860K [0x00000000eaa80000, 0x00000000f8200000, 0x0000000100000000)
  eden space 189952K, 0% used [0x00000000eaa80000,0x00000000eaa80000,0x00000000f6400000)
  from space 13824K, 85% used [0x00000000f7280000,0x00000000f7e153c8,0x00000000f8000000)
  to   space 14848K, 0% used [0x00000000f6400000,0x00000000f6400000,0x00000000f7280000)
 ParOldGen       total 41472K, used 34259K [0x00000000c0000000, 0x00000000c2880000, 0x00000000eaa80000)
  object space 41472K, 82% used [0x00000000c0000000,0x00000000c2174d50,0x00000000c2880000)
 PSPermGen       total 21504K, used 7613K [0x00000000bae00000, 0x00000000bc300000, 0x00000000c0000000)
  object space 21504K, 35% used [0x00000000bae00000,0x00000000bb56f540,0x00000000bc300000)
}
Event: 11.927 GC heap before
{Heap before GC invocations=11 (full 0):
 PSYoungGen      total 203776K, used 200952K [0x00000000eaa80000, 0x00000000f8200000, 0x0000000100000000)
  eden space 189952K, 99% used [0x00000000eaa80000,0x00000000f6329000,0x00000000f6400000)
  from space 13824K, 85% used [0x00000000f7280000,0x00000000f7e153c8,0x00000000f8000000)
  to   space 14848K, 0% used [0x00000000f6400000,0x00000000f6400000,0x00000000f7280000)
 ParOldGen       total 41472K, used 34259K [0x00000000c0000000, 0x00000000c2880000, 0x00000000eaa80000)
  object space 41472K, 82% used [0x00000000c0000000,0x00000000c2174d50,0x00000000c2880000)
 PSPermGen       total 21504K, used 7614K [0x00000000bae00000, 0x00000000bc300000, 0x00000000c0000000)
  object space 21504K, 35% used [0x00000000bae00000,0x00000000bb56fb98,0x00000000bc300000)

Deoptimization events (10 events):
Event: 9.635 Thread 0x00007faf7800e800 Uncommon trap: reason=array_check action=maybe_recompile pc=0x00007faf75308d50 method=java.util.TimSort.binarySort([Ljava/lang/Object;IIILjava/util/Comparator;)V @ 215
Event: 9.635 Thread 0x00007faf7800e800 Uncommon trap: reason=array_check action=maybe_recompile pc=0x00007faf75308e4c method=java.util.TimSort.binarySort([Ljava/lang/Object;IIILjava/util/Comparator;)V @ 193
Event: 9.635 Thread 0x00007faf7800e800 Uncommon trap: reason=array_check action=maybe_recompile pc=0x00007faf75308d50 method=java.util.TimSort.binarySort([Ljava/lang/Object;IIILjava/util/Comparator;)V @ 215
Event: 9.796 Thread 0x00007faf7800e800 Uncommon trap: reason=array_check action=maybe_recompile pc=0x00007faf75314c40 method=java.util.ComparableTimSort.binarySort([Ljava/lang/Object;III)V @ 193
Event: 9.951 Thread 0x00007faf7800e800 Uncommon trap: reason=array_check action=maybe_recompile pc=0x00007faf75314c40 method=java.util.ComparableTimSort.binarySort([Ljava/lang/Object;III)V @ 193
Event: 10.007 Thread 0x00007faf7800e800 Uncommon trap: reason=array_check action=maybe_recompile pc=0x00007faf75314c40 method=java.util.ComparableTimSort.binarySort([Ljava/lang/Object;III)V @ 193
Event: 10.051 Thread 0x00007faf7800e800 Uncommon trap: reason=array_check action=maybe_recompile pc=0x00007faf75314c40 method=java.util.ComparableTimSort.binarySort([Ljava/lang/Object;III)V @ 193
Event: 10.295 Thread 0x00007faf7800e800 Uncommon trap: reason=array_check action=maybe_recompile pc=0x00007faf75356588 method=java.util.ComparableTimSort.binarySort([Ljava/lang/Object;III)V @ 215
Event: 10.403 Thread 0x00007faf7800e800 Uncommon trap: reason=array_check action=maybe_recompile pc=0x00007faf7535aa9c method=java.util.ComparableTimSort.binarySort([Ljava/lang/Object;III)V @ 183
Event: 10.637 Thread 0x00007faf7800e800 Uncommon trap: reason=array_check action=maybe_recompile pc=0x00007faf7535aa9c method=java.util.ComparableTimSort.binarySort([Ljava/lang/Object;III)V @ 183

Internal exceptions (10 events):
Event: 8.411 Thread 0x00007faf7800e800 Threw 0x00000000eb9c1870 at /HUDSON/workspace/7u-2-build-linux-amd64/jdk7u72/1606/hotspot/src/share/vm/prims/jvm.cpp:1281
Event: 8.411 Thread 0x00007faf7800e800 Threw 0x00000000eb9c4e88 at /HUDSON/workspace/7u-2-build-linux-amd64/jdk7u72/1606/hotspot/src/share/vm/prims/jvm.cpp:1281
Event: 8.412 Thread 0x00007faf7800e800 Threw 0x00000000eb9c8b40 at /HUDSON/workspace/7u-2-build-linux-amd64/jdk7u72/1606/hotspot/src/share/vm/prims/jvm.cpp:1281
Event: 8.414 Thread 0x00007faf7800e800 Threw 0x00000000eb9d0208 at /HUDSON/workspace/7u-2-build-linux-amd64/jdk7u72/1606/hotspot/src/share/vm/prims/jvm.cpp:1281
Event: 8.415 Thread 0x00007faf7800e800 Threw 0x00000000eb9d2708 at /HUDSON/workspace/7u-2-build-linux-amd64/jdk7u72/1606/hotspot/src/share/vm/prims/jvm.cpp:1281
Event: 8.640 Thread 0x00007faf7800e800 Threw 0x00000000ebc2b300 at /HUDSON/workspace/7u-2-build-linux-amd64/jdk7u72/1606/hotspot/src/share/vm/prims/jvm.cpp:1281
Event: 8.640 Thread 0x00007faf7800e800 Threw 0x00000000ebc2b428 at /HUDSON/workspace/7u-2-build-linux-amd64/jdk7u72/1606/hotspot/src/share/vm/prims/jvm.cpp:1281
Event: 8.640 Thread 0x00007faf7800e800 Threw 0x00000000ebc2d798 at /HUDSON/workspace/7u-2-build-linux-amd64/jdk7u72/1606/hotspot/src/share/vm/prims/jvm.cpp:1281
Event: 8.640 Thread 0x00007faf7800e800 Threw 0x00000000ebc2d8c0 at /HUDSON/workspace/7u-2-build-linux-amd64/jdk7u72/1606/hotspot/src/share/vm/prims/jvm.cpp:1281
Event: 9.029 Thread 0x00007faf7800e800 Threw 0x00000000ecc349e8 at /HUDSON/workspace/7u-2-build-linux-amd64/jdk7u72/1606/hotspot/src/share/vm/prims/jvm.cpp:1281

Events (10 events):
Event: 10.403 Thread 0x00007faf7800e800 DEOPT UNPACKING pc=0x00007faf75039445 sp=0x00007faf7f042428 mode 2
Event: 10.637 Thread 0x00007faf7800e800 Uncommon trap: trap_request=0xffffffd6 fr.pc=0x00007faf7535aa9c
Event: 10.637 Thread 0x00007faf7800e800 DEOPT PACKING pc=0x00007faf7535aa9c sp=0x00007faf7f042450
Event: 10.637 Thread 0x00007faf7800e800 DEOPT UNPACKING pc=0x00007faf75039445 sp=0x00007faf7f042428 mode 2
Event: 10.676 Executing VM operation: ParallelGCFailedAllocation
Event: 10.694 Executing VM operation: ParallelGCFailedAllocation done
Event: 10.804 Thread 0x00007faf78189000 flushing nmethod 0x00007faf750eefd0
Event: 11.087 Executing VM operation: ParallelGCFailedAllocation
Event: 11.145 Executing VM operation: ParallelGCFailedAllocation done
Event: 11.926 Executing VM operation: ParallelGCFailedAllocation


Dynamic libraries:
00400000-00401000 r-xp 00000000 08:06 2498323                            /usr/lib/jvm/java-7-oracle/bin/java
00600000-00601000 rw-p 00000000 08:06 2498323                            /usr/lib/jvm/java-7-oracle/bin/java
01b09000-01b2a000 rw-p 00000000 00:00 0                                  [heap]
bae00000-bc300000 rw-p 00000000 00:00 0 
bc300000-c0000000 rw-p 00000000 00:00 0 
c0000000-c2880000 rw-p 00000000 00:00 0 
c2880000-eaa80000 rw-p 00000000 00:00 0 
eaa80000-f8200000 rw-p 00000000 00:00 0 
fef80000-100000000 rw-p 00000000 00:00 0 
7faf24000000-7faf24023000 rw-p 00000000 00:00 0 
7faf24023000-7faf28000000 ---p 00000000 00:00 0 
7faf2c000000-7faf2c021000 rw-p 00000000 00:00 0 
7faf2c021000-7faf30000000 ---p 00000000 00:00 0 
7faf30000000-7faf30039000 rw-p 00000000 00:00 0 
7faf30039000-7faf34000000 ---p 00000000 00:00 0 
7faf34000000-7faf34027000 rw-p 00000000 00:00 0 
7faf34027000-7faf38000000 ---p 00000000 00:00 0 
7faf38000000-7faf38021000 rw-p 00000000 00:00 0 
7faf38021000-7faf3c000000 ---p 00000000 00:00 0 
7faf3c000000-7faf3c021000 rw-p 00000000 00:00 0 
7faf3c021000-7faf40000000 ---p 00000000 00:00 0 
7faf40000000-7faf40021000 rw-p 00000000 00:00 0 
7faf40021000-7faf44000000 ---p 00000000 00:00 0 
7faf44000000-7faf45788000 rw-p 00000000 00:00 0 
7faf45788000-7faf48000000 ---p 00000000 00:00 0 
7faf48000000-7faf49258000 rw-p 00000000 00:00 0 
7faf49258000-7faf4c000000 ---p 00000000 00:00 0 
7faf4c000000-7faf4c021000 rw-p 00000000 00:00 0 
7faf4c021000-7faf50000000 ---p 00000000 00:00 0 
7faf50000000-7faf50021000 rw-p 00000000 00:00 0 
7faf50021000-7faf54000000 ---p 00000000 00:00 0 
7faf54000000-7faf5424e000 rw-p 00000000 00:00 0 
7faf5424e000-7faf58000000 ---p 00000000 00:00 0 
7faf58000000-7faf58021000 rw-p 00000000 00:00 0 
7faf58021000-7faf5c000000 ---p 00000000 00:00 0 
7faf5c000000-7faf5c021000 rw-p 00000000 00:00 0 
7faf5c021000-7faf60000000 ---p 00000000 00:00 0 
7faf60000000-7faf60021000 rw-p 00000000 00:00 0 
7faf60021000-7faf64000000 ---p 00000000 00:00 0 
7faf64000000-7faf64021000 rw-p 00000000 00:00 0 
7faf64021000-7faf68000000 ---p 00000000 00:00 0 
7faf6aec9000-7faf6b1ca000 rw-p 00000000 00:00 0 
7faf6b1ca000-7faf6b1e0000 r-xp 00000000 08:06 545865                     /usr/lib/jvm/java-7-oracle/jre/lib/amd64/libnet.so
7faf6b1e0000-7faf6b3e0000 ---p 00016000 08:06 545865                     /usr/lib/jvm/java-7-oracle/jre/lib/amd64/libnet.so
7faf6b3e0000-7faf6b3e1000 rw-p 00016000 08:06 545865                     /usr/lib/jvm/java-7-oracle/jre/lib/amd64/libnet.so
7faf6b3e1000-7faf6b3f1000 r-xp 00000000 08:06 545905                     /usr/lib/jvm/java-7-oracle/jre/lib/amd64/libnio.so
7faf6b3f1000-7faf6b5f1000 ---p 00010000 08:06 545905                     /usr/lib/jvm/java-7-oracle/jre/lib/amd64/libnio.so
7faf6b5f1000-7faf6b5f2000 rw-p 00010000 08:06 545905                     /usr/lib/jvm/java-7-oracle/jre/lib/amd64/libnio.so
7faf6b5f2000-7faf6b5f5000 ---p 00000000 00:00 0 
7faf6b5f5000-7faf6b6f3000 rw-p 00000000 00:00 0 
7faf6b6f3000-7faf6b6f6000 ---p 00000000 00:00 0 
7faf6b6f6000-7faf6b7f4000 rw-p 00000000 00:00 0 
7faf6b7f4000-7faf6b7f7000 ---p 00000000 00:00 0 
7faf6b7f7000-7faf6b8f5000 rw-p 00000000 00:00 0 
7faf6b8f5000-7faf6b8f8000 ---p 00000000 00:00 0 
7faf6b8f8000-7faf6b9f6000 rw-p 00000000 00:00 0 
7faf6b9f6000-7faf6b9f9000 ---p 00000000 00:00 0 
7faf6b9f9000-7faf6baf7000 rw-p 00000000 00:00 0 
7faf6baf7000-7faf6baf8000 ---p 00000000 00:00 0 
7faf6baf8000-7faf6bbf8000 rw-p 00000000 00:00 0                          [stack:11295]
7faf6bbf8000-7faf6bbfb000 ---p 00000000 00:00 0 
7faf6bbfb000-7faf6bcf9000 rw-p 00000000 00:00 0                          [stack:11294]
7faf6bcf9000-7faf6bcfc000 ---p 00000000 00:00 0 
7faf6bcfc000-7faf6bdfa000 rw-p 00000000 00:00 0                          [stack:11293]
7faf6bdfa000-7faf6bdff000 r-xp 00000000 08:06 2504688                    /usr/lib/x86_64-linux-gnu/libXdmcp.so.6.0.0
7faf6bdff000-7faf6bffe000 ---p 00005000 08:06 2504688                    /usr/lib/x86_64-linux-gnu/libXdmcp.so.6.0.0
7faf6bffe000-7faf6bfff000 r--p 00004000 08:06 2504688                    /usr/lib/x86_64-linux-gnu/libXdmcp.so.6.0.0
7faf6bfff000-7faf6c000000 rw-p 00005000 08:06 2504688                    /usr/lib/x86_64-linux-gnu/libXdmcp.so.6.0.0
7faf6c000000-7faf6c021000 rw-p 00000000 00:00 0 
7faf6c021000-7faf70000000 ---p 00000000 00:00 0 
7faf70082000-7faf70085000 ---p 00000000 00:00 0 
7faf70085000-7faf70183000 rw-p 00000000 00:00 0                          [stack:11292]
7faf70183000-7faf70185000 r-xp 00000000 08:06 2504677                    /usr/lib/x86_64-linux-gnu/libXau.so.6.0.0
7faf70185000-7faf70385000 ---p 00002000 08:06 2504677                    /usr/lib/x86_64-linux-gnu/libXau.so.6.0.0
7faf70385000-7faf70386000 r--p 00002000 08:06 2504677                    /usr/lib/x86_64-linux-gnu/libXau.so.6.0.0
7faf70386000-7faf70387000 rw-p 00003000 08:06 2504677                    /usr/lib/x86_64-linux-gnu/libXau.so.6.0.0
7faf70387000-7faf703a4000 r-xp 00000000 08:06 2505797                    /usr/lib/x86_64-linux-gnu/libxcb.so.1.1.0
7faf703a4000-7faf705a4000 ---p 0001d000 08:06 2505797                    /usr/lib/x86_64-linux-gnu/libxcb.so.1.1.0
7faf705a4000-7faf705a5000 r--p 0001d000 08:06 2505797                    /usr/lib/x86_64-linux-gnu/libxcb.so.1.1.0
7faf705a5000-7faf705a6000 rw-p 0001e000 08:06 2505797                    /usr/lib/x86_64-linux-gnu/libxcb.so.1.1.0
7faf705a6000-7faf706d9000 r-xp 00000000 08:06 2504673                    /usr/lib/x86_64-linux-gnu/libX11.so.6.3.0
7faf706d9000-7faf708d9000 ---p 00133000 08:06 2504673                    /usr/lib/x86_64-linux-gnu/libX11.so.6.3.0
7faf708d9000-7faf708da000 r--p 00133000 08:06 2504673                    /usr/lib/x86_64-linux-gnu/libX11.so.6.3.0
7faf708da000-7faf708de000 rw-p 00134000 08:06 2504673                    /usr/lib/x86_64-linux-gnu/libX11.so.6.3.0
7faf708de000-7faf708df000 rw-p 00000000 00:00 0 
7faf708df000-7faf708e1000 r-xp 00000000 08:06 2495818                    /usr/lib/jayatana/libjayatanaag.so
7faf708e1000-7faf70ae0000 ---p 00002000 08:06 2495818                    /usr/lib/jayatana/libjayatanaag.so
7faf70ae0000-7faf70ae1000 r--p 00001000 08:06 2495818                    /usr/lib/jayatana/libjayatanaag.so
7faf70ae1000-7faf70ae2000 rw-p 00002000 08:06 2495818                    /usr/lib/jayatana/libjayatanaag.so
7faf70ae2000-7faf70ae5000 ---p 00000000 00:00 0 
7faf70ae5000-7faf70be3000 rw-p 00000000 00:00 0                          [stack:11291]
7faf70be3000-7faf70eac000 r--p 00000000 08:06 2495346                    /usr/lib/locale/locale-archive
7faf70eac000-7faf70eaf000 ---p 00000000 00:00 0 
7faf70eaf000-7faf70fad000 rw-p 00000000 00:00 0                          [stack:11290]
7faf70fad000-7faf70fb0000 ---p 00000000 00:00 0 
7faf70fb0000-7faf710ae000 rw-p 00000000 00:00 0                          [stack:11289]
7faf710ae000-7faf710af000 ---p 00000000 00:00 0 
7faf710af000-7faf72109000 rw-p 00000000 00:00 0                          [stack:11288]
7faf72109000-7faf722c9000 r--s 039ea000 08:06 2766848                    /usr/lib/jvm/java-7-oracle/jre/lib/rt.jar
7faf722c9000-7faf74853000 rw-p 00000000 00:00 0 
7faf74853000-7faf74854000 ---p 00000000 00:00 0 
7faf74854000-7faf74954000 rw-p 00000000 00:00 0                          [stack:11287]
7faf74954000-7faf74955000 ---p 00000000 00:00 0 
7faf74955000-7faf74a55000 rw-p 00000000 00:00 0                          [stack:11286]
7faf74a55000-7faf74a56000 ---p 00000000 00:00 0 
7faf74a56000-7faf74b56000 rw-p 00000000 00:00 0                          [stack:11285]
7faf74b56000-7faf74b57000 ---p 00000000 00:00 0 
7faf74b57000-7faf74c62000 rw-p 00000000 00:00 0                          [stack:11284]
7faf74c62000-7faf74c80000 rw-p 00000000 00:00 0 
7faf74c80000-7faf74c95000 rw-p 00000000 00:00 0 
7faf74c95000-7faf74dd6000 rw-p 00000000 00:00 0 
7faf74dd6000-7faf74de1000 rw-p 00000000 00:00 0 
7faf74de1000-7faf74dff000 rw-p 00000000 00:00 0 
7faf74dff000-7faf74e14000 rw-p 00000000 00:00 0 
7faf74e14000-7faf74f54000 rw-p 00000000 00:00 0 
7faf74f54000-7faf74fc0000 rw-p 00000000 00:00 0 
7faf74fc0000-7faf74fff000 rw-p 00000000 00:00 0 
7faf74fff000-7faf75000000 rw-p 00000000 00:00 0 
7faf75000000-7faf75390000 rwxp 00000000 00:00 0 
7faf75390000-7faf7826e000 rw-p 00000000 00:00 0 
7faf7826e000-7faf7c000000 ---p 00000000 00:00 0 
7faf7c01f000-7faf7c039000 r-xp 00000000 08:06 545919                     /usr/lib/jvm/java-7-oracle/jre/lib/amd64/libzip.so
7faf7c039000-7faf7c239000 ---p 0001a000 08:06 545919                     /usr/lib/jvm/java-7-oracle/jre/lib/amd64/libzip.so
7faf7c239000-7faf7c23a000 rw-p 0001a000 08:06 545919                     /usr/lib/jvm/java-7-oracle/jre/lib/amd64/libzip.so
7faf7c23a000-7faf7c246000 r-xp 00000000 08:06 262724                     /lib/x86_64-linux-gnu/libnss_files-2.21.so
7faf7c246000-7faf7c445000 ---p 0000c000 08:06 262724                     /lib/x86_64-linux-gnu/libnss_files-2.21.so
7faf7c445000-7faf7c446000 r--p 0000b000 08:06 262724                     /lib/x86_64-linux-gnu/libnss_files-2.21.so
7faf7c446000-7faf7c447000 rw-p 0000c000 08:06 262724                     /lib/x86_64-linux-gnu/libnss_files-2.21.so
7faf7c447000-7faf7c452000 r-xp 00000000 08:06 262712                     /lib/x86_64-linux-gnu/libnss_nis-2.21.so
7faf7c452000-7faf7c651000 ---p 0000b000 08:06 262712                     /lib/x86_64-linux-gnu/libnss_nis-2.21.so
7faf7c651000-7faf7c652000 r--p 0000a000 08:06 262712                     /lib/x86_64-linux-gnu/libnss_nis-2.21.so
7faf7c652000-7faf7c653000 rw-p 0000b000 08:06 262712                     /lib/x86_64-linux-gnu/libnss_nis-2.21.so
7faf7c653000-7faf7c66a000 r-xp 00000000 08:06 262730                     /lib/x86_64-linux-gnu/libnsl-2.21.so
7faf7c66a000-7faf7c869000 ---p 00017000 08:06 262730                     /lib/x86_64-linux-gnu/libnsl-2.21.so
7faf7c869000-7faf7c86a000 r--p 00016000 08:06 262730                     /lib/x86_64-linux-gnu/libnsl-2.21.so
7faf7c86a000-7faf7c86b000 rw-p 00017000 08:06 262730                     /lib/x86_64-linux-gnu/libnsl-2.21.so
7faf7c86b000-7faf7c86d000 rw-p 00000000 00:00 0 
7faf7c86d000-7faf7c875000 r-xp 00000000 08:06 262726                     /lib/x86_64-linux-gnu/libnss_compat-2.21.so
7faf7c875000-7faf7ca74000 ---p 00008000 08:06 262726                     /lib/x86_64-linux-gnu/libnss_compat-2.21.so
7faf7ca74000-7faf7ca75000 r--p 00007000 08:06 262726                     /lib/x86_64-linux-gnu/libnss_compat-2.21.so
7faf7ca75000-7faf7ca76000 rw-p 00008000 08:06 262726                     /lib/x86_64-linux-gnu/libnss_compat-2.21.so
7faf7ca76000-7faf7ca80000 r-xp 00000000 08:06 545917                     /usr/lib/jvm/java-7-oracle/jre/lib/amd64/libinstrument.so
7faf7ca80000-7faf7cc7f000 ---p 0000a000 08:06 545917                     /usr/lib/jvm/java-7-oracle/jre/lib/amd64/libinstrument.so
7faf7cc7f000-7faf7cc80000 rw-p 00009000 08:06 545917                     /usr/lib/jvm/java-7-oracle/jre/lib/amd64/libinstrument.so
7faf7cc80000-7faf7cca9000 r-xp 00000000 08:06 545902                     /usr/lib/jvm/java-7-oracle/jre/lib/amd64/libjava.so
7faf7cca9000-7faf7cea9000 ---p 00029000 08:06 545902                     /usr/lib/jvm/java-7-oracle/jre/lib/amd64/libjava.so
7faf7cea9000-7faf7ceab000 rw-p 00029000 08:06 545902                     /usr/lib/jvm/java-7-oracle/jre/lib/amd64/libjava.so
7faf7ceab000-7faf7ceb8000 r-xp 00000000 08:06 545864                     /usr/lib/jvm/java-7-oracle/jre/lib/amd64/libverify.so
7faf7ceb8000-7faf7d0b7000 ---p 0000d000 08:06 545864                     /usr/lib/jvm/java-7-oracle/jre/lib/amd64/libverify.so
7faf7d0b7000-7faf7d0b9000 rw-p 0000c000 08:06 545864                     /usr/lib/jvm/java-7-oracle/jre/lib/amd64/libverify.so
7faf7d0b9000-7faf7d0c0000 r-xp 00000000 08:06 262731                     /lib/x86_64-linux-gnu/librt-2.21.so
7faf7d0c0000-7faf7d2bf000 ---p 00007000 08:06 262731                     /lib/x86_64-linux-gnu/librt-2.21.so
7faf7d2bf000-7faf7d2c0000 r--p 00006000 08:06 262731                     /lib/x86_64-linux-gnu/librt-2.21.so
7faf7d2c0000-7faf7d2c1000 rw-p 00007000 08:06 262731                     /lib/x86_64-linux-gnu/librt-2.21.so
7faf7d2c1000-7faf7d3c8000 r-xp 00000000 08:06 262729                     /lib/x86_64-linux-gnu/libm-2.21.so
7faf7d3c8000-7faf7d5c7000 ---p 00107000 08:06 262729                     /lib/x86_64-linux-gnu/libm-2.21.so
7faf7d5c7000-7faf7d5c8000 r--p 00106000 08:06 262729                     /lib/x86_64-linux-gnu/libm-2.21.so
7faf7d5c8000-7faf7d5c9000 rw-p 00107000 08:06 262729                     /lib/x86_64-linux-gnu/libm-2.21.so
7faf7d5c9000-7faf7e13c000 r-xp 00000000 08:06 545878                     /usr/lib/jvm/java-7-oracle/jre/lib/amd64/server/libjvm.so
7faf7e13c000-7faf7e33b000 ---p 00b73000 08:06 545878                     /usr/lib/jvm/java-7-oracle/jre/lib/amd64/server/libjvm.so
7faf7e33b000-7faf7e3ff000 rw-p 00b72000 08:06 545878                     /usr/lib/jvm/java-7-oracle/jre/lib/amd64/server/libjvm.so
7faf7e3ff000-7faf7e440000 rw-p 00000000 00:00 0 
7faf7e440000-7faf7e600000 r-xp 00000000 08:06 262734                     /lib/x86_64-linux-gnu/libc-2.21.so
7faf7e600000-7faf7e800000 ---p 001c0000 08:06 262734                     /lib/x86_64-linux-gnu/libc-2.21.so
7faf7e800000-7faf7e804000 r--p 001c0000 08:06 262734                     /lib/x86_64-linux-gnu/libc-2.21.so
7faf7e804000-7faf7e806000 rw-p 001c4000 08:06 262734                     /lib/x86_64-linux-gnu/libc-2.21.so
7faf7e806000-7faf7e80a000 rw-p 00000000 00:00 0 
7faf7e80a000-7faf7e80d000 r-xp 00000000 08:06 262717                     /lib/x86_64-linux-gnu/libdl-2.21.so
7faf7e80d000-7faf7ea0c000 ---p 00003000 08:06 262717                     /lib/x86_64-linux-gnu/libdl-2.21.so
7faf7ea0c000-7faf7ea0d000 r--p 00002000 08:06 262717                     /lib/x86_64-linux-gnu/libdl-2.21.so
7faf7ea0d000-7faf7ea0e000 rw-p 00003000 08:06 262717                     /lib/x86_64-linux-gnu/libdl-2.21.so
7faf7ea0e000-7faf7ea24000 r-xp 00000000 08:06 2498187                    /usr/lib/jvm/java-7-oracle/lib/amd64/jli/libjli.so
7faf7ea24000-7faf7ec24000 ---p 00016000 08:06 2498187                    /usr/lib/jvm/java-7-oracle/lib/amd64/jli/libjli.so
7faf7ec24000-7faf7ec25000 rw-p 00016000 08:06 2498187                    /usr/lib/jvm/java-7-oracle/lib/amd64/jli/libjli.so
7faf7ec25000-7faf7ec3d000 r-xp 00000000 08:06 262721                     /lib/x86_64-linux-gnu/libpthread-2.21.so
7faf7ec3d000-7faf7ee3d000 ---p 00018000 08:06 262721                     /lib/x86_64-linux-gnu/libpthread-2.21.so
7faf7ee3d000-7faf7ee3e000 r--p 00018000 08:06 262721                     /lib/x86_64-linux-gnu/libpthread-2.21.so
7faf7ee3e000-7faf7ee3f000 rw-p 00019000 08:06 262721                     /lib/x86_64-linux-gnu/libpthread-2.21.so
7faf7ee3f000-7faf7ee43000 rw-p 00000000 00:00 0 
7faf7ee43000-7faf7ee67000 r-xp 00000000 08:06 262720                     /lib/x86_64-linux-gnu/ld-2.21.so
7faf7ee68000-7faf7ee6d000 r--s 0008a000 08:06 2766855                    /usr/lib/jvm/java-7-oracle/jre/lib/jsse.jar
7faf7ee6d000-7faf7ee92000 rw-p 00000000 00:00 0 
7faf7ee92000-7faf7ef43000 rw-p 00000000 00:00 0 
7faf7ef43000-7faf7ef46000 ---p 00000000 00:00 0 
7faf7ef46000-7faf7f048000 rw-p 00000000 00:00 0                          [stack:11283]
7faf7f049000-7faf7f04a000 rw-p 00000000 00:00 0 
7faf7f04a000-7faf7f04b000 r--s 00000000 08:06 2900168                    /usr/share/java/jayatanaag.jar
7faf7f04b000-7faf7f05a000 r--s 000df000 08:06 1979647                    /home/jincy/Android/Sdk/build-tools/23.0.0-preview/lib/dx.jar
7faf7f05a000-7faf7f062000 rw-s 00000000 08:06 2915877                    /tmp/hsperfdata_jincy/11277
7faf7f062000-7faf7f063000 rw-p 00000000 00:00 0 
7faf7f063000-7faf7f064000 ---p 00000000 00:00 0 
7faf7f064000-7faf7f066000 rw-p 00000000 00:00 0 
7faf7f066000-7faf7f067000 r--p 00023000 08:06 262720                     /lib/x86_64-linux-gnu/ld-2.21.so
7faf7f067000-7faf7f068000 rw-p 00024000 08:06 262720                     /lib/x86_64-linux-gnu/ld-2.21.so
7faf7f068000-7faf7f069000 rw-p 00000000 00:00 0 
7ffe3561b000-7ffe3563e000 rw-p 00000000 00:00 0                          [stack]
7ffe356ba000-7ffe356bc000 r--p 00000000 00:00 0                          [vvar]
7ffe356bc000-7ffe356be000 r-xp 00000000 00:00 0                          [vdso]
ffffffffff600000-ffffffffff601000 r-xp 00000000 00:00 0                  [vsyscall]

VM Arguments:
jvm_args: -javaagent:/usr/share/java/jayatanaag.jar -Xmx1024M -Dfile.encoding=UTF-8 -Duser.country=IN -Duser.language=en -Duser.variant 
java_command: com.android.dx.command.Main --dex --num-threads=4 --output /home/jincy/AndroidStudioProjects/Excel/finalexcelapp/excelapp/app/build/intermediates/dex/debug /home/jincy/AndroidStudioProjects/Excel/finalexcelapp/excelapp/app/build/intermediates/classes/debug /home/jincy/AndroidStudioProjects/Excel/finalexcelapp/excelapp/app/build/intermediates/pre-dexed/debug/support-annotations-22.2.0-07b7629f4e55bfd474e7c0831333c466560b71e2.jar /home/jincy/AndroidStudioProjects/Excel/finalexcelapp/excelapp/app/build/intermediates/pre-dexed/debug/classes-e53b77f8e295cf98a15bac3b3f8c6fd1a24e8f0e.jar /home/jincy/AndroidStudioProjects/Excel/finalexcelapp/excelapp/app/build/intermediates/pre-dexed/debug/classes-175e4a8a5cce7ce376288dadf4ec5e2bc07f2491.jar /home/jincy/AndroidStudioProjects/Excel/finalexcelapp/excelapp/app/build/intermediates/pre-dexed/debug/classes-9912dc9f2c6292798865a07f1c5b6dcb392616ad.jar /home/jincy/AndroidStudioProjects/Excel/finalexcelapp/excelapp/app/build/intermediates/pre-dexed/debug/kenburnsview-1.0.6-0b0897b813fe37756f011ffd6431f5165c8a264a.jar /home/jincy/AndroidStudioProjects/Excel/finalexcelapp/excelapp/app/build/intermediates/pre-dexed/debug/classes-f1427f44c0c4972874f31a96161e09a0aa1748fd.jar /home/jincy/AndroidStudioProjects/Excel/finalexcelapp/excelapp/app/build/intermediates/pre-dexed/debug/classes-213fd21654dec8b784dfade13de9febf62a90840.jar /home/jincy/AndroidStudioProjects/Excel/finalexcelapp/excelapp/app/build/intermediates/pre-dexed/debug/internal_impl-22.0.0-bea1be4ecfbe03fc991d997cf8d675359fc26110.jar /home/jincy/AndroidStudioProjects/Excel/finalexcelapp/excelapp/app/build/intermediates/pre-dexed/debug/classes-f4e22f20cad1889949ce243e109f8908afba4aaf.jar /home/jincy/AndroidStudioProjects/Excel/finalexcelapp/excelapp/app/build/intermediates/pre-dexed/debug/classes-e8d9703c61ce1ec6c1e01d698fd9e65459524870.jar /home/jincy/AndroidStudioProjects/Excel/finalexcelapp/excelapp/app/build/intermediates/pre-dexed/debug/classes-d3de8a34d59ee
Launcher Type: SUN_STANDARD

Environment Variables:
JAVA_TOOL_OPTIONS=-javaagent:/usr/share/java/jayatanaag.jar 
PATH=/usr/local/sbin:/usr/local/bin:/usr/sbin:/usr/bin:/sbin:/bin:/usr/games:/usr/local/games
SHELL=/bin/bash
DISPLAY=:0

Signal Handlers:
SIGSEGV: [libjvm.so+0x9a1a10], sa_mask[0]=0x7ffbfeff, sa_flags=0x10000004
SIGBUS: [libjvm.so+0x9a1a10], sa_mask[0]=0x7ffbfeff, sa_flags=0x10000004
SIGFPE: [libjvm.so+0x81bae0], sa_mask[0]=0x7ffbfeff, sa_flags=0x10000004
SIGPIPE: [libjvm.so+0x81bae0], sa_mask[0]=0x7ffbfeff, sa_flags=0x10000004
SIGXFSZ: [libjvm.so+0x81bae0], sa_mask[0]=0x7ffbfeff, sa_flags=0x10000004
SIGILL: [libjvm.so+0x81bae0], sa_mask[0]=0x7ffbfeff, sa_flags=0x10000004
SIGUSR1: SIG_DFL, sa_mask[0]=0x00000000, sa_flags=0x00000000
SIGUSR2: [libjvm.so+0x81d2e0], sa_mask[0]=0x00000004, sa_flags=0x10000004
SIGHUP: [libjvm.so+0x81e400], sa_mask[0]=0x7ffbfeff, sa_flags=0x10000004
SIGINT: [libjvm.so+0x81e400], sa_mask[0]=0x7ffbfeff, sa_flags=0x10000004
SIGTERM: [libjvm.so+0x81e400], sa_mask[0]=0x7ffbfeff, sa_flags=0x10000004
SIGQUIT: [libjvm.so+0x81e400], sa_mask[0]=0x7ffbfeff, sa_flags=0x10000004


---------------  S Y S T E M  ---------------

OS:jessie/sid

uname:Linux 3.19.0-22-generic #22-Ubuntu SMP Tue Jun 16 17:15:15 UTC 2015 x86_64
libc:glibc 2.21 NPTL 2.21 
rlimit: STACK 8192k, CORE 0k, NPROC 15184, NOFILE 65536, AS infinity
load average:1.76 0.75 1.19

/proc/meminfo:
MemTotal:        3975384 kB
MemFree:          128860 kB
MemAvailable:      91852 kB
Buffers:            2204 kB
Cached:           414108 kB
SwapCached:            0 kB
Active:          3316928 kB
Inactive:         352108 kB
Active(anon):    3290788 kB
Inactive(anon):   318320 kB
Active(file):      26140 kB
Inactive(file):    33788 kB
Unevictable:          48 kB
Mlocked:              48 kB
SwapTotal:             0 kB
SwapFree:              0 kB
Dirty:                44 kB
Writeback:             0 kB
AnonPages:       3253288 kB
Mapped:           169560 kB
Shmem:            356016 kB
Slab:              72360 kB
SReclaimable:      34988 kB
SUnreclaim:        37372 kB
KernelStack:       10000 kB
PageTables:        35940 kB
NFS_Unstable:          0 kB
Bounce:                0 kB
WritebackTmp:          0 kB
CommitLimit:     1987692 kB
Committed_AS:    7573568 kB
VmallocTotal:   34359738367 kB
VmallocUsed:      556576 kB
VmallocChunk:   34359142736 kB
HardwareCorrupted:     0 kB
AnonHugePages:   2035712 kB
CmaTotal:              0 kB
CmaFree:               0 kB
HugePages_Total:       0
HugePages_Free:        0
HugePages_Rsvd:        0
HugePages_Surp:        0
Hugepagesize:       2048 kB
DirectMap4k:      193152 kB
DirectMap2M:     2881536 kB
DirectMap1G:     2097152 kB


CPU:total 4 (2 cores per cpu, 2 threads per core) family 6 model 69 stepping 1, cmov, cx8, fxsr, mmx, sse, sse2, sse3, ssse3, sse4.1, sse4.2, popcnt, avx, avx2, aes, erms, ht, tsc, tscinvbit

/proc/cpuinfo:
processor	: 0
vendor_id	: GenuineIntel
cpu family	: 6
model		: 69
model name	: Intel(R) Core(TM) i3-4010U CPU @ 1.70GHz
stepping	: 1
microcode	: 0x16
cpu MHz		: 923.710
cache size	: 3072 KB
physical id	: 0
siblings	: 4
core id		: 0
cpu cores	: 2
apicid		: 0
initial apicid	: 0
fpu		: yes
fpu_exception	: yes
cpuid level	: 13
wp		: yes
flags		: fpu vme de pse tsc msr pae mce cx8 apic sep mtrr pge mca cmov pat pse36 clflush dts acpi mmx fxsr sse sse2 ss ht tm pbe syscall nx pdpe1gb rdtscp lm constant_tsc arch_perfmon pebs bts rep_good nopl xtopology nonstop_tsc aperfmperf eagerfpu pni pclmulqdq dtes64 monitor ds_cpl vmx est tm2 ssse3 fma cx16 xtpr pdcm pcid sse4_1 sse4_2 x2apic movbe popcnt tsc_deadline_timer aes xsave avx f16c rdrand lahf_lm abm arat epb pln pts dtherm tpr_shadow vnmi flexpriority ept vpid fsgsbase tsc_adjust bmi1 avx2 smep bmi2 erms invpcid xsaveopt
bugs		:
bogomips	: 3392.04
clflush size	: 64
cache_alignment	: 64
address sizes	: 39 bits physical, 48 bits virtual
power management:

processor	: 1
vendor_id	: GenuineIntel
cpu family	: 6
model		: 69
model name	: Intel(R) Core(TM) i3-4010U CPU @ 1.70GHz
stepping	: 1
microcode	: 0x16
cpu MHz		: 892.500
cache size	: 3072 KB
physical id	: 0
siblings	: 4
core id		: 0
cpu cores	: 2
apicid		: 1
initial apicid	: 1
fpu		: yes
fpu_exception	: yes
cpuid level	: 13
wp		: yes
flags		: fpu vme de pse tsc msr pae mce cx8 apic sep mtrr pge mca cmov pat pse36 clflush dts acpi mmx fxsr sse sse2 ss ht tm pbe syscall nx pdpe1gb rdtscp lm constant_tsc arch_perfmon pebs bts rep_good nopl xtopology nonstop_tsc aperfmperf eagerfpu pni pclmulqdq dtes64 monitor ds_cpl vmx est tm2 ssse3 fma cx16 xtpr pdcm pcid sse4_1 sse4_2 x2apic movbe popcnt tsc_deadline_timer aes xsave avx f16c rdrand lahf_lm abm arat epb pln pts dtherm tpr_shadow vnmi flexpriority ept vpid fsgsbase tsc_adjust bmi1 avx2 smep bmi2 erms invpcid xsaveopt
bugs		:
bogomips	: 3392.04
clflush size	: 64
cache_alignment	: 64
address sizes	: 39 bits physical, 48 bits virtual
power management:

processor	: 2
vendor_id	: GenuineIntel
cpu family	: 6
model		: 69
model name	: Intel(R) Core(TM) i3-4010U CPU @ 1.70GHz
stepping	: 1
microcode	: 0x16
cpu MHz		: 1001.937
cache size	: 3072 KB
physical id	: 0
siblings	: 4
core id		: 1
cpu cores	: 2
apicid		: 2
initial apicid	: 2
fpu		: yes
fpu_exception	: yes
cpuid level	: 13
wp		: yes
flags		: fpu vme de pse tsc msr pae mce cx8 apic sep mtrr pge mca cmov pat pse36 clflush dts acpi mmx fxsr sse sse2 ss ht tm pbe syscall nx pdpe1gb rdtscp lm constant_tsc arch_perfmon pebs bts rep_good nopl xtopology nonstop_tsc aperfmperf eagerfpu pni pclmulqdq dtes64 monitor ds_cpl vmx est tm2 ssse3 fma cx16 xtpr pdcm pcid sse4_1 sse4_2 x2apic movbe popcnt tsc_deadline_timer aes xsave avx f16c rdrand lahf_lm abm arat epb pln pts dtherm tpr_shadow vnmi flexpriority ept vpid fsgsbase tsc_adjust bmi1 avx2 smep bmi2 erms invpcid xsaveopt
bugs		:
bogomips	: 3392.04
clflush size	: 64
cache_alignment	: 64
address sizes	: 39 bits physical, 48 bits virtual
power management:

processor	: 3
vendor_id	: GenuineIntel
cpu family	: 6
model		: 69
model name	: Intel(R) Core(TM) i3-4010U CPU @ 1.70GHz
stepping	: 1
microcode	: 0x16
cpu MHz		: 899.273
cache size	: 3072 KB
physical id	: 0
siblings	: 4
core id		: 1
cpu cores	: 2
apicid		: 3
initial apicid	: 3
fpu		: yes
fpu_exception	: yes
cpuid level	: 13
wp		: yes
flags		: fpu vme de pse tsc msr pae mce cx8 apic sep mtrr pge mca cmov pat pse36 clflush dts acpi mmx fxsr sse sse2 ss ht tm pbe syscall nx pdpe1gb rdtscp lm constant_tsc arch_perfmon pebs bts rep_good nopl xtopology nonstop_tsc aperfmperf eagerfpu pni pclmulqdq dtes64 monitor ds_cpl vmx est tm2 ssse3 fma cx16 xtpr pdcm pcid sse4_1 sse4_2 x2apic movbe popcnt tsc_deadline_timer aes xsave avx f16c rdrand lahf_lm abm arat epb pln pts dtherm tpr_shadow vnmi flexpriority ept vpid fsgsbase tsc_adjust bmi1 avx2 smep bmi2 erms invpcid xsaveopt
bugs		:
bogomips	: 3392.04
clflush size	: 64
cache_alignment	: 64
address sizes	: 39 bits physical, 48 bits virtual
power management:



Memory: 4k page, physical 3975384k(128860k free), swap 0k(0k free)

vm_info: Java HotSpot(TM) 64-Bit Server VM (24.72-b04) for linux-amd64 JRE (1.7.0_72-b14), built on Sep 26 2014 18:20:41 by "java_re" with gcc 4.3.0 20080428 (Red Hat 4.3.0-8)

time: Sat Aug 15 21:48:03 2015
elapsed time: 14 seconds

