#
# There is insufficient memory for the Java Runtime Environment to continue.
# Native memory allocation (malloc) failed to allocate 147849216 bytes for committing reserved memory.
# Possible reasons:
#   The system is out of physical RAM or swap space
#   In 32 bit mode, the process size limit was hit
# Possible solutions:
#   Reduce memory load on the system
#   Increase physical memory or swap space
#   Check if swap backing store is full
#   Use 64 bit Java on a 64 bit OS
#   Decrease Java heap size (-Xmx/-Xms)
#   Decrease number of Java threads
#   Decrease Java thread stack sizes (-Xss)
#   Set larger code cache with -XX:ReservedCodeCacheSize=
# This output file may be truncated or incomplete.
#
#  Out of Memory Error (os_linux.cpp:2756), pid=13343, tid=139710202640128
#
# JRE version: Java(TM) SE Runtime Environment (7.0_72-b14) (build 1.7.0_72-b14)
# Java VM: Java HotSpot(TM) 64-Bit Server VM (24.72-b04 mixed mode linux-amd64 compressed oops)
# Failed to write core dump. Core dumps have been disabled. To enable core dumping, try "ulimit -c unlimited" before starting Java again
#

---------------  T H R E A D  ---------------

Current thread (0x00007f10d4132000):  VMThread [stack: 0x00007f10d0eff000,0x00007f10d1000000] [id=13372]

Stack: [0x00007f10d0eff000,0x00007f10d1000000],  sp=0x00007f10d0ffe200,  free space=1020k
Native frames: (J=compiled Java code, j=interpreted, Vv=VM code, C=native code)
V  [libjvm.so+0x9a10fa]  VMError::report_and_die()+0x2ea
V  [libjvm.so+0x49755b]  report_vm_out_of_memory(char const*, int, unsigned long, char const*)+0x9b
V  [libjvm.so+0x81ec4e]  os::Linux::commit_memory_impl(char*, unsigned long, bool)+0xfe
V  [libjvm.so+0x81f199]  os::pd_commit_memory(char*, unsigned long, unsigned long, bool)+0x29
V  [libjvm.so+0x818f2a]  os::commit_memory(char*, unsigned long, unsigned long, bool)+0x2a
V  [libjvm.so+0x88ba53]  PSVirtualSpace::expand_by(unsigned long)+0x53
V  [libjvm.so+0x88ce28]  PSYoungGen::resize_generation(unsigned long, unsigned long)+0xf8
V  [libjvm.so+0x88bf92]  PSYoungGen::resize(unsigned long, unsigned long)+0x22
V  [libjvm.so+0x8893e3]  PSScavenge::invoke_no_policy()+0xfb3
V  [libjvm.so+0x889b91]  PSScavenge::invoke()+0x41
V  [libjvm.so+0x8407c0]  ParallelScavengeHeap::failed_mem_allocate(unsigned long)+0x70
V  [libjvm.so+0x9a2987]  VM_ParallelGCFailedAllocation::doit()+0x97
V  [libjvm.so+0x9a9e25]  VM_Operation::evaluate()+0x55
V  [libjvm.so+0x9a81ea]  VMThread::evaluate_operation(VM_Operation*)+0xba
V  [libjvm.so+0x9a856e]  VMThread::loop()+0x1ce
V  [libjvm.so+0x9a89e0]  VMThread::run()+0x70
V  [libjvm.so+0x820c28]  java_start(Thread*)+0x108

VM_Operation (0x00007f10c8f37e30): ParallelGCFailedAllocation, mode: safepoint, requested by thread 0x00007f10d4222800


---------------  P R O C E S S  ---------------

Java Threads: ( => current thread )
  0x00007f10d422d000 JavaThread "pool-1-thread-4" [_thread_blocked, id=13422, stack(0x00007f10c8a35000,0x00007f10c8b36000)]
  0x00007f10d4228800 JavaThread "pool-1-thread-3" [_thread_blocked, id=13420, stack(0x00007f10c8b36000,0x00007f10c8c37000)]
  0x00007f10d4227000 JavaThread "pool-1-thread-2" [_thread_blocked, id=13419, stack(0x00007f10c8c37000,0x00007f10c8d38000)]
  0x00007f10d4224800 JavaThread "pool-2-thread-1" [_thread_blocked, id=13417, stack(0x00007f10c8d38000,0x00007f10c8e39000)]
  0x00007f10d4222800 JavaThread "pool-1-thread-1" [_thread_blocked, id=13415, stack(0x00007f10c8e39000,0x00007f10c8f3a000)]
  0x00007f10d4192800 JavaThread "Service Thread" daemon [_thread_blocked, id=13397, stack(0x00007f10c9764000,0x00007f10c9865000)]
  0x00007f10d4190000 JavaThread "C2 CompilerThread1" daemon [_thread_blocked, id=13392, stack(0x00007f10c9865000,0x00007f10c9966000)]
  0x00007f10d418d800 JavaThread "C2 CompilerThread0" daemon [_thread_in_native, id=13389, stack(0x00007f10d00d7000,0x00007f10d01d8000)]
  0x00007f10d4159800 JavaThread "Signal Dispatcher" daemon [_thread_blocked, id=13385, stack(0x00007f10d0933000,0x00007f10d0a34000)]
  0x00007f10d4138800 JavaThread "Finalizer" daemon [_thread_blocked, id=13382, stack(0x00007f10d0cfd000,0x00007f10d0dfe000)]
  0x00007f10d4136800 JavaThread "Reference Handler" daemon [_thread_blocked, id=13381, stack(0x00007f10d0dfe000,0x00007f10d0eff000)]
  0x00007f10d400b000 JavaThread "main" [_thread_blocked, id=13354, stack(0x00007f10dcb4f000,0x00007f10dcc50000)]

Other Threads:
=>0x00007f10d4132000 VMThread [stack: 0x00007f10d0eff000,0x00007f10d1000000] [id=13372]
  0x00007f10d419d000 WatcherThread [stack: 0x00007f10c9663000,0x00007f10c9764000] [id=13400]

VM state:at safepoint (normal execution)

VM Mutex/Monitor currently owned by a thread:  ([mutex/lock_event])
[0x00007f10d4007500] Threads_lock - owner thread: 0x00007f10d4132000
[0x00007f10d4007a00] Heap_lock - owner thread: 0x00007f10d4222800

Heap
 PSYoungGen      total 140288K, used 15347K [0x00000000eaa80000, 0x00000000f4480000, 0x0000000100000000)
  eden space 124928K, 0% used [0x00000000eaa80000,0x00000000eaa80000,0x00000000f2480000)
  from space 15360K, 99% used [0x00000000f2480000,0x00000000f337cdc8,0x00000000f3380000)
  to   space 13312K, 0% used [0x00000000f3380000,0x00000000f3380000,0x00000000f4080000)
 ParOldGen       total 41472K, used 39690K [0x00000000c0000000, 0x00000000c2880000, 0x00000000eaa80000)
  object space 41472K, 95% used [0x00000000c0000000,0x00000000c26c2928,0x00000000c2880000)
 PSPermGen       total 21504K, used 5987K [0x00000000bae00000, 0x00000000bc300000, 0x00000000c0000000)
  object space 21504K, 27% used [0x00000000bae00000,0x00000000bb3d8da0,0x00000000bc300000)

Card table byte_map: [0x00007f10d9a01000,0x00007f10d9c2b000] byte_map_base: 0x00007f10d942a000

Polling page: 0x00007f10dcc6f000

Code Cache  [0x00007f10d1000000, 0x00007f10d1270000, 0x00007f10d4000000)
 total_blobs=576 nmethods=344 adapters=185 free_code_cache=47713Kb largest_free_block=48816000

Compilation events (10 events):
Event: 26.506 Thread 0x00007f10d4190000 nmethod 348 0x00007f10d10ab8d0 code [0x00007f10d10aba40, 0x00007f10d10abc38]
Event: 26.506 Thread 0x00007f10d4190000  349             com.android.dx.ssa.SCCP::addUsersToWorklist (103 bytes)
Event: 26.850 Thread 0x00007f10d4190000 nmethod 349 0x00007f10d116ee50 code [0x00007f10d116f160, 0x00007f10d11701f0]
Event: 26.850 Thread 0x00007f10d4190000  350             java.util.ArrayList::clear (39 bytes)
Event: 26.870 Thread 0x00007f10d4190000 nmethod 350 0x00007f10d10ab590 code [0x00007f10d10ab6c0, 0x00007f10d10ab798]
Event: 26.870 Thread 0x00007f10d4190000  351             com.android.dx.rop.code.Rop::canThrow (18 bytes)
Event: 26.871 Thread 0x00007f10d4190000 nmethod 351 0x00007f10d10d41d0 code [0x00007f10d10d4320, 0x00007f10d10d43d8]
Event: 26.871 Thread 0x00007f10d4190000  352             java.util.BitSet::ensureCapacity (39 bytes)
Event: 26.894 Thread 0x00007f10d4190000 nmethod 352 0x00007f10d110a650 code [0x00007f10d110a7a0, 0x00007f10d110a868]
Event: 26.894 Thread 0x00007f10d4190000  353             com.android.dx.rop.code.DexTranslationAdvice::requiresSourcesInOrder (30 bytes)

GC Heap History (10 events):
Event: 4.559 GC heap after
Heap after GC invocations=2 (full 0):
 PSYoungGen      total 34304K, used 2551K [0x00000000eaa80000, 0x00000000ece80000, 0x0000000100000000)
  eden space 31744K, 0% used [0x00000000eaa80000,0x00000000eaa80000,0x00000000ec980000)
  from space 2560K, 99% used [0x00000000ecc00000,0x00000000ece7dc98,0x00000000ece80000)
  to   space 2560K, 0% used [0x00000000ec980000,0x00000000ec980000,0x00000000ecc00000)
 ParOldGen       total 41472K, used 3376K [0x00000000c0000000, 0x00000000c2880000, 0x00000000eaa80000)
  object space 41472K, 8% used [0x00000000c0000000,0x00000000c034c3b8,0x00000000c2880000)
 PSPermGen       total 21504K, used 5684K [0x00000000bae00000, 0x00000000bc300000, 0x00000000c0000000)
  object space 21504K, 26% used [0x00000000bae00000,0x00000000bb38d080,0x00000000bc300000)
}
Event: 6.606 GC heap before
{Heap before GC invocations=3 (full 0):
 PSYoungGen      total 34304K, used 34295K [0x00000000eaa80000, 0x00000000ece80000, 0x0000000100000000)
  eden space 31744K, 100% used [0x00000000eaa80000,0x00000000ec980000,0x00000000ec980000)
  from space 2560K, 99% used [0x00000000ecc00000,0x00000000ece7dc98,0x00000000ece80000)
  to   space 2560K, 0% used [0x00000000ec980000,0x00000000ec980000,0x00000000ecc00000)
 ParOldGen       total 41472K, used 3376K [0x00000000c0000000, 0x00000000c2880000, 0x00000000eaa80000)
  object space 41472K, 8% used [0x00000000c0000000,0x00000000c034c3b8,0x00000000c2880000)
 PSPermGen       total 21504K, used 5797K [0x00000000bae00000, 0x00000000bc300000, 0x00000000c0000000)
  object space 21504K, 26% used [0x00000000bae00000,0x00000000bb3a9760,0x00000000bc300000)
Event: 6.724 GC heap after
Heap after GC invocations=3 (full 0):
 PSYoungGen      total 34304K, used 2530K [0x00000000eaa80000, 0x00000000eed80000, 0x0000000100000000)
  eden space 31744K, 0% used [0x00000000eaa80000,0x00000000eaa80000,0x00000000ec980000)
  from space 2560K, 98% used [0x00000000ec980000,0x00000000ecbf8ac8,0x00000000ecc00000)
  to   space 2560K, 0% used [0x00000000eeb00000,0x00000000eeb00000,0x00000000eed80000)
 ParOldGen       total 41472K, used 8318K [0x00000000c0000000, 0x00000000c2880000, 0x00000000eaa80000)
  object space 41472K, 20% used [0x00000000c0000000,0x00000000c081fb60,0x00000000c2880000)
 PSPermGen       total 21504K, used 5797K [0x00000000bae00000, 0x00000000bc300000, 0x00000000c0000000)
  object space 21504K, 26% used [0x00000000bae00000,0x00000000bb3a9760,0x00000000bc300000)
}
Event: 9.349 GC heap before
{Heap before GC invocations=4 (full 0):
 PSYoungGen      total 34304K, used 34274K [0x00000000eaa80000, 0x00000000eed80000, 0x0000000100000000)
  eden space 31744K, 100% used [0x00000000eaa80000,0x00000000ec980000,0x00000000ec980000)
  from space 2560K, 98% used [0x00000000ec980000,0x00000000ecbf8ac8,0x00000000ecc00000)
  to   space 2560K, 0% used [0x00000000eeb00000,0x00000000eeb00000,0x00000000eed80000)
 ParOldGen       total 41472K, used 8318K [0x00000000c0000000, 0x00000000c2880000, 0x00000000eaa80000)
  object space 41472K, 20% used [0x00000000c0000000,0x00000000c081fb60,0x00000000c2880000)
 PSPermGen       total 21504K, used 5837K [0x00000000bae00000, 0x00000000bc300000, 0x00000000c0000000)
  object space 21504K, 27% used [0x00000000bae00000,0x00000000bb3b3718,0x00000000bc300000)
Event: 9.428 GC heap after
Heap after GC invocations=4 (full 0):
 PSYoungGen      total 66048K, used 2549K [0x00000000eaa80000, 0x00000000eed80000, 0x0000000100000000)
  eden space 63488K, 0% used [0x00000000eaa80000,0x00000000eaa80000,0x00000000ee880000)
  from space 2560K, 99% used [0x00000000eeb00000,0x00000000eed7d6c8,0x00000000eed80000)
  to   space 2560K, 0% used [0x00000000ee880000,0x00000000ee880000,0x00000000eeb00000)
 ParOldGen       total 41472K, used 13383K [0x00000000c0000000, 0x00000000c2880000, 0x00000000eaa80000)
  object space 41472K, 32% used [0x00000000c0000000,0x00000000c0d11ff0,0x00000000c2880000)
 PSPermGen       total 21504K, used 5837K [0x00000000bae00000, 0x00000000bc300000, 0x00000000c0000000)
  object space 21504K, 27% used [0x00000000bae00000,0x00000000bb3b3718,0x00000000bc300000)
}
Event: 14.884 GC heap before
{Heap before GC invocations=5 (full 0):
 PSYoungGen      total 66048K, used 66037K [0x00000000eaa80000, 0x00000000eed80000, 0x0000000100000000)
  eden space 63488K, 100% used [0x00000000eaa80000,0x00000000ee880000,0x00000000ee880000)
  from space 2560K, 99% used [0x00000000eeb00000,0x00000000eed7d6c8,0x00000000eed80000)
  to   space 2560K, 0% used [0x00000000ee880000,0x00000000ee880000,0x00000000eeb00000)
 ParOldGen       total 41472K, used 13383K [0x00000000c0000000, 0x00000000c2880000, 0x00000000eaa80000)
  object space 41472K, 32% used [0x00000000c0000000,0x00000000c0d11ff0,0x00000000c2880000)
 PSPermGen       total 21504K, used 5890K [0x00000000bae00000, 0x00000000bc300000, 0x00000000c0000000)
  object space 21504K, 27% used [0x00000000bae00000,0x00000000bb3c08f0,0x00000000bc300000)
Event: 15.162 GC heap after
Heap after GC invocations=5 (full 0):
 PSYoungGen      total 66048K, used 2549K [0x00000000eaa80000, 0x00000000f4080000, 0x0000000100000000)
  eden space 63488K, 0% used [0x00000000eaa80000,0x00000000eaa80000,0x00000000ee880000)
  from space 2560K, 99% used [0x00000000ee880000,0x00000000eeafd7f0,0x00000000eeb00000)
  to   space 13312K, 0% used [0x00000000f3380000,0x00000000f3380000,0x00000000f4080000)
 ParOldGen       total 41472K, used 23357K [0x00000000c0000000, 0x00000000c2880000, 0x00000000eaa80000)
  object space 41472K, 56% used [0x00000000c0000000,0x00000000c16cf620,0x00000000c2880000)
 PSPermGen       total 21504K, used 5890K [0x00000000bae00000, 0x00000000bc300000, 0x00000000c0000000)
  object space 21504K, 27% used [0x00000000bae00000,0x00000000bb3c08f0,0x00000000bc300000)
}
Event: 18.915 GC heap before
{Heap before GC invocations=6 (full 0):
 PSYoungGen      total 66048K, used 66037K [0x00000000eaa80000, 0x00000000f4080000, 0x0000000100000000)
  eden space 63488K, 100% used [0x00000000eaa80000,0x00000000ee880000,0x00000000ee880000)
  from space 2560K, 99% used [0x00000000ee880000,0x00000000eeafd7f0,0x00000000eeb00000)
  to   space 13312K, 0% used [0x00000000f3380000,0x00000000f3380000,0x00000000f4080000)
 ParOldGen       total 41472K, used 23357K [0x00000000c0000000, 0x00000000c2880000, 0x00000000eaa80000)
  object space 41472K, 56% used [0x00000000c0000000,0x00000000c16cf620,0x00000000c2880000)
 PSPermGen       total 21504K, used 5920K [0x00000000bae00000, 0x00000000bc300000, 0x00000000c0000000)
  object space 21504K, 27% used [0x00000000bae00000,0x00000000bb3c8230,0x00000000bc300000)
Event: 19.101 GC heap after
Heap after GC invocations=6 (full 0):
 PSYoungGen      total 138240K, used 12793K [0x00000000eaa80000, 0x00000000f4480000, 0x0000000100000000)
  eden space 124928K, 0% used [0x00000000eaa80000,0x00000000eaa80000,0x00000000f2480000)
  from space 13312K, 96% used [0x00000000f3380000,0x00000000f3ffe5f0,0x00000000f4080000)
  to   space 15360K, 0% used [0x00000000f2480000,0x00000000f2480000,0x00000000f3380000)
 ParOldGen       total 41472K, used 23357K [0x00000000c0000000, 0x00000000c2880000, 0x00000000eaa80000)
  object space 41472K, 56% used [0x00000000c0000000,0x00000000c16cf620,0x00000000c2880000)
 PSPermGen       total 21504K, used 5920K [0x00000000bae00000, 0x00000000bc300000, 0x00000000c0000000)
  object space 21504K, 27% used [0x00000000bae00000,0x00000000bb3c8230,0x00000000bc300000)
}
Event: 26.895 GC heap before
{Heap before GC invocations=7 (full 0):
 PSYoungGen      total 138240K, used 137721K [0x00000000eaa80000, 0x00000000f4480000, 0x0000000100000000)
  eden space 124928K, 100% used [0x00000000eaa80000,0x00000000f2480000,0x00000000f2480000)
  from space 13312K, 96% used [0x00000000f3380000,0x00000000f3ffe5f0,0x00000000f4080000)
  to   space 15360K, 0% used [0x00000000f2480000,0x00000000f2480000,0x00000000f3380000)
 ParOldGen       total 41472K, used 23357K [0x00000000c0000000, 0x00000000c2880000, 0x00000000eaa80000)
  object space 41472K, 56% used [0x00000000c0000000,0x00000000c16cf620,0x00000000c2880000)
 PSPermGen       total 21504K, used 5987K [0x00000000bae00000, 0x00000000bc300000, 0x00000000c0000000)
  object space 21504K, 27% used [0x00000000bae00000,0x00000000bb3d8da0,0x00000000bc300000)

Deoptimization events (10 events):
Event: 4.194 Thread 0x00007f10d400b000 Uncommon trap: reason=null_check action=make_not_entrant pc=0x00007f10d1091650 method=com.android.dx.rop.type.Type.putIntern(Lcom/android/dx/rop/type/Type;)Lcom/android/dx/rop/type/Type; @ 18
Event: 5.377 Thread 0x00007f10d4228800 Uncommon trap: reason=unreached action=reinterpret pc=0x00007f10d107aa44 method=com.android.dx.rop.cst.Constant.compareTo(Lcom/android/dx/rop/cst/Constant;)I @ 12
Event: 9.018 Thread 0x00007f10d400b000 Uncommon trap: reason=unreached action=reinterpret pc=0x00007f10d10d6044 method=com.android.dx.ssa.LocalVariableExtractor.processBlock(I)V @ 251
Event: 11.168 Thread 0x00007f10d400b000 Uncommon trap: reason=unreached action=reinterpret pc=0x00007f10d10dc9cc method=com.android.dx.ssa.SsaMethod.updateOneDefinition(Lcom/android/dx/ssa/SsaInsn;Lcom/android/dx/rop/code/RegisterSpec;)V @ 4
Event: 11.203 Thread 0x00007f10d400b000 Uncommon trap: reason=unreached action=reinterpret pc=0x00007f10d10d13f4 method=com.android.dx.rop.code.LocalItem.compareHandlesNulls(Lcom/android/dx/rop/cst/CstString;Lcom/android/dx/rop/cst/CstString;)I @ 14
Event: 11.906 Thread 0x00007f10d422d000 Uncommon trap: reason=null_check action=make_not_entrant pc=0x00007f10d108d3d4 method=com.android.dx.rop.type.Type.equals(Ljava/lang/Object;)Z @ 8
Event: 11.953 Thread 0x00007f10d400b000 Uncommon trap: reason=null_check action=make_not_entrant pc=0x00007f10d10a7724 method=com.android.dx.ssa.SsaRenamer.getLocalForNewReg(I)Lcom/android/dx/rop/code/LocalItem; @ 19
Event: 12.371 Thread 0x00007f10d400b000 Uncommon trap: reason=null_check action=make_not_entrant pc=0x00007f10d10acaa4 method=com.android.dx.ssa.SsaRenamer.getLocalForNewReg(I)Lcom/android/dx/rop/code/LocalItem; @ 19
Event: 14.015 Thread 0x00007f10d4222800 Uncommon trap: reason=unreached action=reinterpret pc=0x00007f10d1104b58 method=com.android.dx.ssa.SCCP.simulateBranch(Lcom/android/dx/ssa/SsaInsn;)V @ 132
Event: 20.583 Thread 0x00007f10d400b000 Uncommon trap: reason=null_check action=make_not_entrant pc=0x00007f10d113f058 method=com.android.dx.cf.code.Ropper$CatchInfo.getSetup(Lcom/android/dx/rop/type/Type;)Lcom/android/dx/cf/code/Ropper$ExceptionHandlerSetup; @ 10

Internal exceptions (10 events):
Event: 10.397 Thread 0x00007f10d4228800 Threw 0x00000000eb264a78 at /HUDSON/workspace/7u-2-build-linux-amd64/jdk7u72/1606/hotspot/src/share/vm/prims/jvm.cpp:1281
Event: 10.834 Thread 0x00007f10d400b000 Threw 0x00000000eb7345b8 at /HUDSON/workspace/7u-2-build-linux-amd64/jdk7u72/1606/hotspot/src/share/vm/prims/jvm.cpp:1281
Event: 11.167 Thread 0x00007f10d400b000 Threw 0x00000000eb9fe6f8 at /HUDSON/workspace/7u-2-build-linux-amd64/jdk7u72/1606/hotspot/src/share/vm/prims/jvm.cpp:1281
Event: 11.203 Thread 0x00007f10d400b000 Implicit null exception at 0x00007f10d10d127c to 0x00007f10d10d13e1
Event: 11.906 Thread 0x00007f10d422d000 Implicit null exception at 0x00007f10d108d2d2 to 0x00007f10d108d3c6
Event: 11.953 Thread 0x00007f10d400b000 Implicit null exception at 0x00007f10d10a5eab to 0x00007f10d10a7705
Event: 12.371 Thread 0x00007f10d400b000 Implicit null exception at 0x00007f10d10abf56 to 0x00007f10d10aca8d
Event: 13.535 Thread 0x00007f10d400b000 Threw 0x00000000ed5c5670 at /HUDSON/workspace/7u-2-build-linux-amd64/jdk7u72/1606/hotspot/src/share/vm/prims/jvm.cpp:1281
Event: 15.255 Thread 0x00007f10d400b000 Threw 0x00000000eac428c8 at /HUDSON/workspace/7u-2-build-linux-amd64/jdk7u72/1606/hotspot/src/share/vm/prims/jvm.cpp:1281
Event: 20.583 Thread 0x00007f10d400b000 Implicit null exception at 0x00007f10d113b755 to 0x00007f10d113f025

Events (10 events):
Event: 20.583 Thread 0x00007f10d400b000 DEOPT PACKING pc=0x00007f10d113f058 sp=0x00007f10dcc4dac0
Event: 20.596 Thread 0x00007f10d400b000 DEOPT UNPACKING pc=0x00007f10d1039445 sp=0x00007f10dcc4da28 mode 2
Event: 22.941 Thread 0x00007f10d4190000 flushing nmethod 0x00007f10d10d1110
Event: 22.941 Thread 0x00007f10d4190000 flushing nmethod 0x00007f10d10d41d0
Event: 22.941 Thread 0x00007f10d4190000 flushing nmethod 0x00007f10d10dc850
Event: 23.427 Thread 0x00007f10d4190000 flushing nmethod 0x00007f10d108d150
Event: 23.489 Thread 0x00007f10d4190000 flushing nmethod 0x00007f10d10a5810
Event: 23.489 Thread 0x00007f10d4190000 flushing nmethod 0x00007f10d10abb10
Event: 23.867 Thread 0x00007f10d4190000 flushing nmethod 0x00007f10d1101f90
Event: 26.895 Executing VM operation: ParallelGCFailedAllocation


Dynamic libraries:
00400000-00401000 r-xp 00000000 08:06 2498323                            /usr/lib/jvm/java-7-oracle/bin/java
00600000-00601000 rw-p 00000000 08:06 2498323                            /usr/lib/jvm/java-7-oracle/bin/java
0227a000-0229b000 rw-p 00000000 00:00 0                                  [heap]
bae00000-bc300000 rw-p 00000000 00:00 0 
bc300000-c0000000 rw-p 00000000 00:00 0 
c0000000-c2880000 rw-p 00000000 00:00 0 
c2880000-eaa80000 rw-p 00000000 00:00 0 
eaa80000-f4480000 rw-p 00000000 00:00 0 
fd180000-100000000 rw-p 00000000 00:00 0 
7f1088000000-7f1088021000 rw-p 00000000 00:00 0 
7f1088021000-7f108c000000 ---p 00000000 00:00 0 
7f108c000000-7f108c032000 rw-p 00000000 00:00 0 
7f108c032000-7f1090000000 ---p 00000000 00:00 0 
7f1090000000-7f1090021000 rw-p 00000000 00:00 0 
7f1090021000-7f1094000000 ---p 00000000 00:00 0 
7f1094000000-7f1094021000 rw-p 00000000 00:00 0 
7f1094021000-7f1098000000 ---p 00000000 00:00 0 
7f1098000000-7f1098021000 rw-p 00000000 00:00 0 
7f1098021000-7f109c000000 ---p 00000000 00:00 0 
7f109c000000-7f109c02c000 rw-p 00000000 00:00 0 
7f109c02c000-7f10a0000000 ---p 00000000 00:00 0 
7f10a0000000-7f10a138d000 rw-p 00000000 00:00 0 
7f10a138d000-7f10a4000000 ---p 00000000 00:00 0 
7f10a4000000-7f10a4021000 rw-p 00000000 00:00 0 
7f10a4021000-7f10a8000000 ---p 00000000 00:00 0 
7f10a8000000-7f10a8021000 rw-p 00000000 00:00 0 
7f10a8021000-7f10ac000000 ---p 00000000 00:00 0 
7f10ac000000-7f10ad379000 rw-p 00000000 00:00 0 
7f10ad379000-7f10b0000000 ---p 00000000 00:00 0 
7f10b0000000-7f10b0021000 rw-p 00000000 00:00 0 
7f10b0021000-7f10b4000000 ---p 00000000 00:00 0 
7f10b4000000-7f10b4021000 rw-p 00000000 00:00 0 
7f10b4021000-7f10b8000000 ---p 00000000 00:00 0 
7f10b8000000-7f10b8021000 rw-p 00000000 00:00 0 
7f10b8021000-7f10bc000000 ---p 00000000 00:00 0 
7f10bc000000-7f10bc280000 rw-p 00000000 00:00 0 
7f10bc280000-7f10c0000000 ---p 00000000 00:00 0 
7f10c0000000-7f10c0021000 rw-p 00000000 00:00 0 
7f10c0021000-7f10c4000000 ---p 00000000 00:00 0 
7f10c4000000-7f10c4021000 rw-p 00000000 00:00 0 
7f10c4021000-7f10c8000000 ---p 00000000 00:00 0 
7f10c8a35000-7f10c8a38000 ---p 00000000 00:00 0 
7f10c8a38000-7f10c8b36000 rw-p 00000000 00:00 0                          [stack:13422]
7f10c8b36000-7f10c8b39000 ---p 00000000 00:00 0 
7f10c8b39000-7f10c8c37000 rw-p 00000000 00:00 0                          [stack:13420]
7f10c8c37000-7f10c8c3a000 ---p 00000000 00:00 0 
7f10c8c3a000-7f10c8d38000 rw-p 00000000 00:00 0                          [stack:13419]
7f10c8d38000-7f10c8d3b000 ---p 00000000 00:00 0 
7f10c8d3b000-7f10c8e39000 rw-p 00000000 00:00 0                          [stack:13417]
7f10c8e39000-7f10c8e3c000 ---p 00000000 00:00 0 
7f10c8e3c000-7f10c923b000 rw-p 00000000 00:00 0                          [stack:13415]
7f10c923b000-7f10c9251000 r-xp 00000000 08:06 545865                     /usr/lib/jvm/java-7-oracle/jre/lib/amd64/libnet.so
7f10c9251000-7f10c9451000 ---p 00016000 08:06 545865                     /usr/lib/jvm/java-7-oracle/jre/lib/amd64/libnet.so
7f10c9451000-7f10c9452000 rw-p 00016000 08:06 545865                     /usr/lib/jvm/java-7-oracle/jre/lib/amd64/libnet.so
7f10c9452000-7f10c9462000 r-xp 00000000 08:06 545905                     /usr/lib/jvm/java-7-oracle/jre/lib/amd64/libnio.so
7f10c9462000-7f10c9662000 ---p 00010000 08:06 545905                     /usr/lib/jvm/java-7-oracle/jre/lib/amd64/libnio.so
7f10c9662000-7f10c9663000 rw-p 00010000 08:06 545905                     /usr/lib/jvm/java-7-oracle/jre/lib/amd64/libnio.so
7f10c9663000-7f10c9664000 ---p 00000000 00:00 0 
7f10c9664000-7f10c9764000 rw-p 00000000 00:00 0                          [stack:13400]
7f10c9764000-7f10c9767000 ---p 00000000 00:00 0 
7f10c9767000-7f10c9865000 rw-p 00000000 00:00 0                          [stack:13397]
7f10c9865000-7f10c9868000 ---p 00000000 00:00 0 
7f10c9868000-7f10c9966000 rw-p 00000000 00:00 0                          [stack:13392]
7f10c9966000-7f10c996b000 r-xp 00000000 08:06 2504688                    /usr/lib/x86_64-linux-gnu/libXdmcp.so.6.0.0
7f10c996b000-7f10c9b6a000 ---p 00005000 08:06 2504688                    /usr/lib/x86_64-linux-gnu/libXdmcp.so.6.0.0
7f10c9b6a000-7f10c9b6b000 r--p 00004000 08:06 2504688                    /usr/lib/x86_64-linux-gnu/libXdmcp.so.6.0.0
7f10c9b6b000-7f10c9b6c000 rw-p 00005000 08:06 2504688                    /usr/lib/x86_64-linux-gnu/libXdmcp.so.6.0.0
7f10c9b6c000-7f10c9b6e000 r-xp 00000000 08:06 2504677                    /usr/lib/x86_64-linux-gnu/libXau.so.6.0.0
7f10c9b6e000-7f10c9d6e000 ---p 00002000 08:06 2504677                    /usr/lib/x86_64-linux-gnu/libXau.so.6.0.0
7f10c9d6e000-7f10c9d6f000 r--p 00002000 08:06 2504677                    /usr/lib/x86_64-linux-gnu/libXau.so.6.0.0
7f10c9d6f000-7f10c9d70000 rw-p 00003000 08:06 2504677                    /usr/lib/x86_64-linux-gnu/libXau.so.6.0.0
7f10c9d70000-7f10cc000000 rw-p 00000000 00:00 0 
7f10cc000000-7f10cc021000 rw-p 00000000 00:00 0 
7f10cc021000-7f10d0000000 ---p 00000000 00:00 0 
7f10d00d7000-7f10d00da000 ---p 00000000 00:00 0 
7f10d00da000-7f10d01d8000 rw-p 00000000 00:00 0                          [stack:13389]
7f10d01d8000-7f10d01f5000 r-xp 00000000 08:06 2505797                    /usr/lib/x86_64-linux-gnu/libxcb.so.1.1.0
7f10d01f5000-7f10d03f5000 ---p 0001d000 08:06 2505797                    /usr/lib/x86_64-linux-gnu/libxcb.so.1.1.0
7f10d03f5000-7f10d03f6000 r--p 0001d000 08:06 2505797                    /usr/lib/x86_64-linux-gnu/libxcb.so.1.1.0
7f10d03f6000-7f10d03f7000 rw-p 0001e000 08:06 2505797                    /usr/lib/x86_64-linux-gnu/libxcb.so.1.1.0
7f10d03f7000-7f10d052a000 r-xp 00000000 08:06 2504673                    /usr/lib/x86_64-linux-gnu/libX11.so.6.3.0
7f10d052a000-7f10d072a000 ---p 00133000 08:06 2504673                    /usr/lib/x86_64-linux-gnu/libX11.so.6.3.0
7f10d072a000-7f10d072b000 r--p 00133000 08:06 2504673                    /usr/lib/x86_64-linux-gnu/libX11.so.6.3.0
7f10d072b000-7f10d072f000 rw-p 00134000 08:06 2504673                    /usr/lib/x86_64-linux-gnu/libX11.so.6.3.0
7f10d072f000-7f10d0730000 rw-p 00000000 00:00 0 
7f10d0730000-7f10d0732000 r-xp 00000000 08:06 2495818                    /usr/lib/jayatana/libjayatanaag.so
7f10d0732000-7f10d0931000 ---p 00002000 08:06 2495818                    /usr/lib/jayatana/libjayatanaag.so
7f10d0931000-7f10d0932000 r--p 00001000 08:06 2495818                    /usr/lib/jayatana/libjayatanaag.so
7f10d0932000-7f10d0933000 rw-p 00002000 08:06 2495818                    /usr/lib/jayatana/libjayatanaag.so
7f10d0933000-7f10d0936000 ---p 00000000 00:00 0 
7f10d0936000-7f10d0a34000 rw-p 00000000 00:00 0                          [stack:13385]
7f10d0a34000-7f10d0cfd000 r--p 00000000 08:06 2495346                    /usr/lib/locale/locale-archive
7f10d0cfd000-7f10d0d00000 ---p 00000000 00:00 0 
7f10d0d00000-7f10d0dfe000 rw-p 00000000 00:00 0                          [stack:13382]
7f10d0dfe000-7f10d0e01000 ---p 00000000 00:00 0 
7f10d0e01000-7f10d0eff000 rw-p 00000000 00:00 0                          [stack:13381]
7f10d0eff000-7f10d0f00000 ---p 00000000 00:00 0 
7f10d0f00000-7f10d1000000 rw-p 00000000 00:00 0                          [stack:13372]
7f10d1000000-7f10d1270000 rwxp 00000000 00:00 0 
7f10d1270000-7f10d426c000 rw-p 00000000 00:00 0 
7f10d426c000-7f10d8000000 ---p 00000000 00:00 0 
7f10d8058000-7f10d806a000 r--s 000c6000 08:06 1848027                    /home/jincy/AndroidStudioProjects/Excel/excelapp/app/build/intermediates/exploded-aar/com.android.support/support-v4/22.2.0/jars/classes.jar
7f10d806a000-7f10d8fc4000 rw-p 00000000 00:00 0 
7f10d8fc4000-7f10d9184000 r--s 039ea000 08:06 2766848                    /usr/lib/jvm/java-7-oracle/jre/lib/rt.jar
7f10d9184000-7f10d947e000 rw-p 00000000 00:00 0 
7f10d947e000-7f10d947f000 ---p 00000000 00:00 0 
7f10d947f000-7f10d957f000 rw-p 00000000 00:00 0                          [stack:13362]
7f10d957f000-7f10d9580000 ---p 00000000 00:00 0 
7f10d9580000-7f10d9680000 rw-p 00000000 00:00 0                          [stack:13361]
7f10d9680000-7f10d9681000 ---p 00000000 00:00 0 
7f10d9681000-7f10d9781000 rw-p 00000000 00:00 0                          [stack:13359]
7f10d9781000-7f10d9782000 ---p 00000000 00:00 0 
7f10d9782000-7f10d988d000 rw-p 00000000 00:00 0                          [stack:13356]
7f10d988d000-7f10d98ab000 rw-p 00000000 00:00 0 
7f10d98ab000-7f10d98c0000 rw-p 00000000 00:00 0 
7f10d98c0000-7f10d9a01000 rw-p 00000000 00:00 0 
7f10d9a01000-7f10d9a0c000 rw-p 00000000 00:00 0 
7f10d9a0c000-7f10d9a2a000 rw-p 00000000 00:00 0 
7f10d9a2a000-7f10d9a3f000 rw-p 00000000 00:00 0 
7f10d9a3f000-7f10d9b7f000 rw-p 00000000 00:00 0 
7f10d9b7f000-7f10d9bcd000 rw-p 00000000 00:00 0 
7f10d9bcd000-7f10d9c2a000 rw-p 00000000 00:00 0 
7f10d9c2a000-7f10d9c2b000 rw-p 00000000 00:00 0 
7f10d9c2b000-7f10d9c45000 r-xp 00000000 08:06 545919                     /usr/lib/jvm/java-7-oracle/jre/lib/amd64/libzip.so
7f10d9c45000-7f10d9e45000 ---p 0001a000 08:06 545919                     /usr/lib/jvm/java-7-oracle/jre/lib/amd64/libzip.so
7f10d9e45000-7f10d9e46000 rw-p 0001a000 08:06 545919                     /usr/lib/jvm/java-7-oracle/jre/lib/amd64/libzip.so
7f10d9e46000-7f10d9e52000 r-xp 00000000 08:06 262724                     /lib/x86_64-linux-gnu/libnss_files-2.21.so
7f10d9e52000-7f10da051000 ---p 0000c000 08:06 262724                     /lib/x86_64-linux-gnu/libnss_files-2.21.so
7f10da051000-7f10da052000 r--p 0000b000 08:06 262724                     /lib/x86_64-linux-gnu/libnss_files-2.21.so
7f10da052000-7f10da053000 rw-p 0000c000 08:06 262724                     /lib/x86_64-linux-gnu/libnss_files-2.21.so
7f10da053000-7f10da05e000 r-xp 00000000 08:06 262712                     /lib/x86_64-linux-gnu/libnss_nis-2.21.so
7f10da05e000-7f10da25d000 ---p 0000b000 08:06 262712                     /lib/x86_64-linux-gnu/libnss_nis-2.21.so
7f10da25d000-7f10da25e000 r--p 0000a000 08:06 262712                     /lib/x86_64-linux-gnu/libnss_nis-2.21.so
7f10da25e000-7f10da25f000 rw-p 0000b000 08:06 262712                     /lib/x86_64-linux-gnu/libnss_nis-2.21.so
7f10da25f000-7f10da276000 r-xp 00000000 08:06 262730                     /lib/x86_64-linux-gnu/libnsl-2.21.so
7f10da276000-7f10da475000 ---p 00017000 08:06 262730                     /lib/x86_64-linux-gnu/libnsl-2.21.so
7f10da475000-7f10da476000 r--p 00016000 08:06 262730                     /lib/x86_64-linux-gnu/libnsl-2.21.so
7f10da476000-7f10da477000 rw-p 00017000 08:06 262730                     /lib/x86_64-linux-gnu/libnsl-2.21.so
7f10da477000-7f10da479000 rw-p 00000000 00:00 0 
7f10da479000-7f10da481000 r-xp 00000000 08:06 262726                     /lib/x86_64-linux-gnu/libnss_compat-2.21.so
7f10da481000-7f10da680000 ---p 00008000 08:06 262726                     /lib/x86_64-linux-gnu/libnss_compat-2.21.so
7f10da680000-7f10da681000 r--p 00007000 08:06 262726                     /lib/x86_64-linux-gnu/libnss_compat-2.21.so
7f10da681000-7f10da682000 rw-p 00008000 08:06 262726                     /lib/x86_64-linux-gnu/libnss_compat-2.21.so
7f10da682000-7f10da68c000 r-xp 00000000 08:06 545917                     /usr/lib/jvm/java-7-oracle/jre/lib/amd64/libinstrument.so
7f10da68c000-7f10da88b000 ---p 0000a000 08:06 545917                     /usr/lib/jvm/java-7-oracle/jre/lib/amd64/libinstrument.so
7f10da88b000-7f10da88c000 rw-p 00009000 08:06 545917                     /usr/lib/jvm/java-7-oracle/jre/lib/amd64/libinstrument.so
7f10da88c000-7f10da8b5000 r-xp 00000000 08:06 545902                     /usr/lib/jvm/java-7-oracle/jre/lib/amd64/libjava.so
7f10da8b5000-7f10daab5000 ---p 00029000 08:06 545902                     /usr/lib/jvm/java-7-oracle/jre/lib/amd64/libjava.so
7f10daab5000-7f10daab7000 rw-p 00029000 08:06 545902                     /usr/lib/jvm/java-7-oracle/jre/lib/amd64/libjava.so
7f10daab7000-7f10daac4000 r-xp 00000000 08:06 545864                     /usr/lib/jvm/java-7-oracle/jre/lib/amd64/libverify.so
7f10daac4000-7f10dacc3000 ---p 0000d000 08:06 545864                     /usr/lib/jvm/java-7-oracle/jre/lib/amd64/libverify.so
7f10dacc3000-7f10dacc5000 rw-p 0000c000 08:06 545864                     /usr/lib/jvm/java-7-oracle/jre/lib/amd64/libverify.so
7f10dacc5000-7f10daccc000 r-xp 00000000 08:06 262731                     /lib/x86_64-linux-gnu/librt-2.21.so
7f10daccc000-7f10daecb000 ---p 00007000 08:06 262731                     /lib/x86_64-linux-gnu/librt-2.21.so
7f10daecb000-7f10daecc000 r--p 00006000 08:06 262731                     /lib/x86_64-linux-gnu/librt-2.21.so
7f10daecc000-7f10daecd000 rw-p 00007000 08:06 262731                     /lib/x86_64-linux-gnu/librt-2.21.so
7f10daecd000-7f10dafd4000 r-xp 00000000 08:06 262729                     /lib/x86_64-linux-gnu/libm-2.21.so
7f10dafd4000-7f10db1d3000 ---p 00107000 08:06 262729                     /lib/x86_64-linux-gnu/libm-2.21.so
7f10db1d3000-7f10db1d4000 r--p 00106000 08:06 262729                     /lib/x86_64-linux-gnu/libm-2.21.so
7f10db1d4000-7f10db1d5000 rw-p 00107000 08:06 262729                     /lib/x86_64-linux-gnu/libm-2.21.so
7f10db1d5000-7f10dbd48000 r-xp 00000000 08:06 545878                     /usr/lib/jvm/java-7-oracle/jre/lib/amd64/server/libjvm.so
7f10dbd48000-7f10dbf47000 ---p 00b73000 08:06 545878                     /usr/lib/jvm/java-7-oracle/jre/lib/amd64/server/libjvm.so
7f10dbf47000-7f10dc00b000 rw-p 00b72000 08:06 545878                     /usr/lib/jvm/java-7-oracle/jre/lib/amd64/server/libjvm.so
7f10dc00b000-7f10dc04c000 rw-p 00000000 00:00 0 
7f10dc04c000-7f10dc20c000 r-xp 00000000 08:06 262734                     /lib/x86_64-linux-gnu/libc-2.21.so
7f10dc20c000-7f10dc40c000 ---p 001c0000 08:06 262734                     /lib/x86_64-linux-gnu/libc-2.21.so
7f10dc40c000-7f10dc410000 r--p 001c0000 08:06 262734                     /lib/x86_64-linux-gnu/libc-2.21.so
7f10dc410000-7f10dc412000 rw-p 001c4000 08:06 262734                     /lib/x86_64-linux-gnu/libc-2.21.so
7f10dc412000-7f10dc416000 rw-p 00000000 00:00 0 
7f10dc416000-7f10dc419000 r-xp 00000000 08:06 262717                     /lib/x86_64-linux-gnu/libdl-2.21.so
7f10dc419000-7f10dc618000 ---p 00003000 08:06 262717                     /lib/x86_64-linux-gnu/libdl-2.21.so
7f10dc618000-7f10dc619000 r--p 00002000 08:06 262717                     /lib/x86_64-linux-gnu/libdl-2.21.so
7f10dc619000-7f10dc61a000 rw-p 00003000 08:06 262717                     /lib/x86_64-linux-gnu/libdl-2.21.so
7f10dc61a000-7f10dc630000 r-xp 00000000 08:06 2498187                    /usr/lib/jvm/java-7-oracle/lib/amd64/jli/libjli.so
7f10dc630000-7f10dc830000 ---p 00016000 08:06 2498187                    /usr/lib/jvm/java-7-oracle/lib/amd64/jli/libjli.so
7f10dc830000-7f10dc831000 rw-p 00016000 08:06 2498187                    /usr/lib/jvm/java-7-oracle/lib/amd64/jli/libjli.so
7f10dc831000-7f10dc849000 r-xp 00000000 08:06 262721                     /lib/x86_64-linux-gnu/libpthread-2.21.so
7f10dc849000-7f10dca49000 ---p 00018000 08:06 262721                     /lib/x86_64-linux-gnu/libpthread-2.21.so
7f10dca49000-7f10dca4a000 r--p 00018000 08:06 262721                     /lib/x86_64-linux-gnu/libpthread-2.21.so
7f10dca4a000-7f10dca4b000 rw-p 00019000 08:06 262721                     /lib/x86_64-linux-gnu/libpthread-2.21.so
7f10dca4b000-7f10dca4f000 rw-p 00000000 00:00 0 
7f10dca4f000-7f10dca73000 r-xp 00000000 08:06 262720                     /lib/x86_64-linux-gnu/ld-2.21.so
7f10dca79000-7f10dca99000 rw-p 00000000 00:00 0 
7f10dca99000-7f10dcb4f000 rw-p 00000000 00:00 0 
7f10dcb4f000-7f10dcb52000 ---p 00000000 00:00 0 
7f10dcb52000-7f10dcc54000 rw-p 00000000 00:00 0                          [stack:13354]
7f10dcc55000-7f10dcc56000 rw-p 00000000 00:00 0 
7f10dcc56000-7f10dcc57000 r--s 00000000 08:06 2900168                    /usr/share/java/jayatanaag.jar
7f10dcc57000-7f10dcc66000 r--s 000df000 08:06 1979647                    /home/jincy/Android/Sdk/build-tools/23.0.0-preview/lib/dx.jar
7f10dcc66000-7f10dcc6e000 rw-s 00000000 08:06 1466270                    /tmp/hsperfdata_jincy/13343
7f10dcc6e000-7f10dcc6f000 rw-p 00000000 00:00 0 
7f10dcc6f000-7f10dcc70000 ---p 00000000 00:00 0 
7f10dcc70000-7f10dcc72000 rw-p 00000000 00:00 0 
7f10dcc72000-7f10dcc73000 r--p 00023000 08:06 262720                     /lib/x86_64-linux-gnu/ld-2.21.so
7f10dcc73000-7f10dcc74000 rw-p 00024000 08:06 262720                     /lib/x86_64-linux-gnu/ld-2.21.so
7f10dcc74000-7f10dcc75000 rw-p 00000000 00:00 0 
7fff74ea5000-7fff74ec6000 rw-p 00000000 00:00 0                          [stack]
7fff74f6c000-7fff74f6e000 r--p 00000000 00:00 0                          [vvar]
7fff74f6e000-7fff74f70000 r-xp 00000000 00:00 0                          [vdso]
ffffffffff600000-ffffffffff601000 r-xp 00000000 00:00 0                  [vsyscall]

VM Arguments:
jvm_args: -javaagent:/usr/share/java/jayatanaag.jar -Xmx1024M -Dfile.encoding=UTF-8 -Duser.country=IN -Duser.language=en -Duser.variant 
java_command: com.android.dx.command.Main --dex --num-threads=4 --output /home/jincy/AndroidStudioProjects/Excel/excelapp/app/build/intermediates/pre-dexed/debug/classes-1333c6018a1b205c986bc44490ccdb2f613b40cc.jar /home/jincy/AndroidStudioProjects/Excel/excelapp/app/build/intermediates/exploded-aar/com.android.support/support-v4/22.2.0/jars/classes.jar
Launcher Type: SUN_STANDARD

Environment Variables:
JAVA_TOOL_OPTIONS=-javaagent:/usr/share/java/jayatanaag.jar 
PATH=/usr/local/sbin:/usr/local/bin:/usr/sbin:/usr/bin:/sbin:/bin:/usr/games:/usr/local/games
SHELL=/bin/bash
DISPLAY=:0

Signal Handlers:
SIGSEGV: [libjvm.so+0x9a1a10], sa_mask[0]=0x7ffbfeff, sa_flags=0x10000004
SIGBUS: [libjvm.so+0x9a1a10], sa_mask[0]=0x7ffbfeff, sa_flags=0x10000004
SIGFPE: [libjvm.so+0x81bae0], sa_mask[0]=0x7ffbfeff, sa_flags=0x10000004
SIGPIPE: [libjvm.so+0x81bae0], sa_mask[0]=0x7ffbfeff, sa_flags=0x10000004
SIGXFSZ: [libjvm.so+0x81bae0], sa_mask[0]=0x7ffbfeff, sa_flags=0x10000004
SIGILL: [libjvm.so+0x81bae0], sa_mask[0]=0x7ffbfeff, sa_flags=0x10000004
SIGUSR1: SIG_DFL, sa_mask[0]=0x00000000, sa_flags=0x00000000
SIGUSR2: [libjvm.so+0x81d2e0], sa_mask[0]=0x00000004, sa_flags=0x10000004
SIGHUP: [libjvm.so+0x81e400], sa_mask[0]=0x7ffbfeff, sa_flags=0x10000004
SIGINT: [libjvm.so+0x81e400], sa_mask[0]=0x7ffbfeff, sa_flags=0x10000004
SIGTERM: [libjvm.so+0x81e400], sa_mask[0]=0x7ffbfeff, sa_flags=0x10000004
SIGQUIT: [libjvm.so+0x81e400], sa_mask[0]=0x7ffbfeff, sa_flags=0x10000004


---------------  S Y S T E M  ---------------

OS:jessie/sid

uname:Linux 3.19.0-22-generic #22-Ubuntu SMP Tue Jun 16 17:15:15 UTC 2015 x86_64
libc:glibc 2.21 NPTL 2.21 
rlimit: STACK 8192k, CORE 0k, NPROC 15184, NOFILE 65536, AS infinity
load average:7.86 2.84 1.58

/proc/meminfo:
MemTotal:        3975384 kB
MemFree:          130508 kB
MemAvailable:     114896 kB
Buffers:            5188 kB
Cached:           488092 kB
SwapCached:            0 kB
Active:          3260724 kB
Inactive:         406064 kB
Active(anon):    3207556 kB
Inactive(anon):   354096 kB
Active(file):      53168 kB
Inactive(file):    51968 kB
Unevictable:          32 kB
Mlocked:              32 kB
SwapTotal:             0 kB
SwapFree:              0 kB
Dirty:              3200 kB
Writeback:             0 kB
AnonPages:       3173648 kB
Mapped:           226204 kB
Shmem:            387932 kB
Slab:              69632 kB
SReclaimable:      32572 kB
SUnreclaim:        37060 kB
KernelStack:       10864 kB
PageTables:        35040 kB
NFS_Unstable:          0 kB
Bounce:                0 kB
WritebackTmp:          0 kB
CommitLimit:     1987692 kB
Committed_AS:    7727376 kB
VmallocTotal:   34359738367 kB
VmallocUsed:      558968 kB
VmallocChunk:   34359094376 kB
HardwareCorrupted:     0 kB
AnonHugePages:   2121728 kB
CmaTotal:              0 kB
CmaFree:               0 kB
HugePages_Total:       0
HugePages_Free:        0
HugePages_Rsvd:        0
HugePages_Surp:        0
Hugepagesize:       2048 kB
DirectMap4k:      172672 kB
DirectMap2M:     2902016 kB
DirectMap1G:     2097152 kB


CPU:total 4 (2 cores per cpu, 2 threads per core) family 6 model 69 stepping 1, cmov, cx8, fxsr, mmx, sse, sse2, sse3, ssse3, sse4.1, sse4.2, popcnt, avx, avx2, aes, erms, ht, tsc, tscinvbit

/proc/cpuinfo:
processor	: 0
vendor_id	: GenuineIntel
cpu family	: 6
model		: 69
model name	: Intel(R) Core(TM) i3-4010U CPU @ 1.70GHz
stepping	: 1
microcode	: 0x16
cpu MHz		: 1699.933
cache size	: 3072 KB
physical id	: 0
siblings	: 4
core id		: 0
cpu cores	: 2
apicid		: 0
initial apicid	: 0
fpu		: yes
fpu_exception	: yes
cpuid level	: 13
wp		: yes
flags		: fpu vme de pse tsc msr pae mce cx8 apic sep mtrr pge mca cmov pat pse36 clflush dts acpi mmx fxsr sse sse2 ss ht tm pbe syscall nx pdpe1gb rdtscp lm constant_tsc arch_perfmon pebs bts rep_good nopl xtopology nonstop_tsc aperfmperf eagerfpu pni pclmulqdq dtes64 monitor ds_cpl vmx est tm2 ssse3 fma cx16 xtpr pdcm pcid sse4_1 sse4_2 x2apic movbe popcnt tsc_deadline_timer aes xsave avx f16c rdrand lahf_lm abm arat epb pln pts dtherm tpr_shadow vnmi flexpriority ept vpid fsgsbase tsc_adjust bmi1 avx2 smep bmi2 erms invpcid xsaveopt
bugs		:
bogomips	: 3392.32
clflush size	: 64
cache_alignment	: 64
address sizes	: 39 bits physical, 48 bits virtual
power management:

processor	: 1
vendor_id	: GenuineIntel
cpu family	: 6
model		: 69
model name	: Intel(R) Core(TM) i3-4010U CPU @ 1.70GHz
stepping	: 1
microcode	: 0x16
cpu MHz		: 1699.933
cache size	: 3072 KB
physical id	: 0
siblings	: 4
core id		: 0
cpu cores	: 2
apicid		: 1
initial apicid	: 1
fpu		: yes
fpu_exception	: yes
cpuid level	: 13
wp		: yes
flags		: fpu vme de pse tsc msr pae mce cx8 apic sep mtrr pge mca cmov pat pse36 clflush dts acpi mmx fxsr sse sse2 ss ht tm pbe syscall nx pdpe1gb rdtscp lm constant_tsc arch_perfmon pebs bts rep_good nopl xtopology nonstop_tsc aperfmperf eagerfpu pni pclmulqdq dtes64 monitor ds_cpl vmx est tm2 ssse3 fma cx16 xtpr pdcm pcid sse4_1 sse4_2 x2apic movbe popcnt tsc_deadline_timer aes xsave avx f16c rdrand lahf_lm abm arat epb pln pts dtherm tpr_shadow vnmi flexpriority ept vpid fsgsbase tsc_adjust bmi1 avx2 smep bmi2 erms invpcid xsaveopt
bugs		:
bogomips	: 3392.32
clflush size	: 64
cache_alignment	: 64
address sizes	: 39 bits physical, 48 bits virtual
power management:

processor	: 2
vendor_id	: GenuineIntel
cpu family	: 6
model		: 69
model name	: Intel(R) Core(TM) i3-4010U CPU @ 1.70GHz
stepping	: 1
microcode	: 0x16
cpu MHz		: 1700.000
cache size	: 3072 KB
physical id	: 0
siblings	: 4
core id		: 1
cpu cores	: 2
apicid		: 2
initial apicid	: 2
fpu		: yes
fpu_exception	: yes
cpuid level	: 13
wp		: yes
flags		: fpu vme de pse tsc msr pae mce cx8 apic sep mtrr pge mca cmov pat pse36 clflush dts acpi mmx fxsr sse sse2 ss ht tm pbe syscall nx pdpe1gb rdtscp lm constant_tsc arch_perfmon pebs bts rep_good nopl xtopology nonstop_tsc aperfmperf eagerfpu pni pclmulqdq dtes64 monitor ds_cpl vmx est tm2 ssse3 fma cx16 xtpr pdcm pcid sse4_1 sse4_2 x2apic movbe popcnt tsc_deadline_timer aes xsave avx f16c rdrand lahf_lm abm arat epb pln pts dtherm tpr_shadow vnmi flexpriority ept vpid fsgsbase tsc_adjust bmi1 avx2 smep bmi2 erms invpcid xsaveopt
bugs		:
bogomips	: 3392.32
clflush size	: 64
cache_alignment	: 64
address sizes	: 39 bits physical, 48 bits virtual
power management:

processor	: 3
vendor_id	: GenuineIntel
cpu family	: 6
model		: 69
model name	: Intel(R) Core(TM) i3-4010U CPU @ 1.70GHz
stepping	: 1
microcode	: 0x16
cpu MHz		: 1699.933
cache size	: 3072 KB
physical id	: 0
siblings	: 4
core id		: 1
cpu cores	: 2
apicid		: 3
initial apicid	: 3
fpu		: yes
fpu_exception	: yes
cpuid level	: 13
wp		: yes
flags		: fpu vme de pse tsc msr pae mce cx8 apic sep mtrr pge mca cmov pat pse36 clflush dts acpi mmx fxsr sse sse2 ss ht tm pbe syscall nx pdpe1gb rdtscp lm constant_tsc arch_perfmon pebs bts rep_good nopl xtopology nonstop_tsc aperfmperf eagerfpu pni pclmulqdq dtes64 monitor ds_cpl vmx est tm2 ssse3 fma cx16 xtpr pdcm pcid sse4_1 sse4_2 x2apic movbe popcnt tsc_deadline_timer aes xsave avx f16c rdrand lahf_lm abm arat epb pln pts dtherm tpr_shadow vnmi flexpriority ept vpid fsgsbase tsc_adjust bmi1 avx2 smep bmi2 erms invpcid xsaveopt
bugs		:
bogomips	: 3392.32
clflush size	: 64
cache_alignment	: 64
address sizes	: 39 bits physical, 48 bits virtual
power management:



Memory: 4k page, physical 3975384k(130508k free), swap 0k(0k free)

vm_info: Java HotSpot(TM) 64-Bit Server VM (24.72-b04) for linux-amd64 JRE (1.7.0_72-b14), built on Sep 26 2014 18:20:41 by "java_re" with gcc 4.3.0 20080428 (Red Hat 4.3.0-8)

time: Fri Aug 14 13:18:47 2015
elapsed time: 27 seconds

