#
# There is insufficient memory for the Java Runtime Environment to continue.
# Native memory allocation (malloc) failed to allocate 146800640 bytes for committing reserved memory.
# Possible reasons:
#   The system is out of physical RAM or swap space
#   In 32 bit mode, the process size limit was hit
# Possible solutions:
#   Reduce memory load on the system
#   Increase physical memory or swap space
#   Check if swap backing store is full
#   Use 64 bit Java on a 64 bit OS
#   Decrease Java heap size (-Xmx/-Xms)
#   Decrease number of Java threads
#   Decrease Java thread stack sizes (-Xss)
#   Set larger code cache with -XX:ReservedCodeCacheSize=
# This output file may be truncated or incomplete.
#
#  Out of Memory Error (os_linux.cpp:2756), pid=6759, tid=140260748216064
#
# JRE version: Java(TM) SE Runtime Environment (7.0_72-b14) (build 1.7.0_72-b14)
# Java VM: Java HotSpot(TM) 64-Bit Server VM (24.72-b04 mixed mode linux-amd64 compressed oops)
# Failed to write core dump. Core dumps have been disabled. To enable core dumping, try "ulimit -c unlimited" before starting Java again
#

---------------  T H R E A D  ---------------

Current thread (0x00007f90fc132000):  VMThread [stack: 0x00007f910002c000,0x00007f910012d000] [id=6796]

Stack: [0x00007f910002c000,0x00007f910012d000],  sp=0x00007f910012b200,  free space=1020k
Native frames: (J=compiled Java code, j=interpreted, Vv=VM code, C=native code)
V  [libjvm.so+0x9a10fa]  VMError::report_and_die()+0x2ea
V  [libjvm.so+0x49755b]  report_vm_out_of_memory(char const*, int, unsigned long, char const*)+0x9b
V  [libjvm.so+0x81ec4e]  os::Linux::commit_memory_impl(char*, unsigned long, bool)+0xfe
V  [libjvm.so+0x81f199]  os::pd_commit_memory(char*, unsigned long, unsigned long, bool)+0x29
V  [libjvm.so+0x818f2a]  os::commit_memory(char*, unsigned long, unsigned long, bool)+0x2a
V  [libjvm.so+0x88ba53]  PSVirtualSpace::expand_by(unsigned long)+0x53
V  [libjvm.so+0x88ce28]  PSYoungGen::resize_generation(unsigned long, unsigned long)+0xf8
V  [libjvm.so+0x88bf92]  PSYoungGen::resize(unsigned long, unsigned long)+0x22
V  [libjvm.so+0x8893e3]  PSScavenge::invoke_no_policy()+0xfb3
V  [libjvm.so+0x889b91]  PSScavenge::invoke()+0x41
V  [libjvm.so+0x8407c0]  ParallelScavengeHeap::failed_mem_allocate(unsigned long)+0x70
V  [libjvm.so+0x9a2987]  VM_ParallelGCFailedAllocation::doit()+0x97
V  [libjvm.so+0x9a9e25]  VM_Operation::evaluate()+0x55
V  [libjvm.so+0x9a81ea]  VMThread::evaluate_operation(VM_Operation*)+0xba
V  [libjvm.so+0x9a856e]  VMThread::loop()+0x1ce
V  [libjvm.so+0x9a89e0]  VMThread::run()+0x70
V  [libjvm.so+0x820c28]  java_start(Thread*)+0x108

VM_Operation (0x00007f9104d10b50): ParallelGCFailedAllocation, mode: safepoint, requested by thread 0x00007f90fc00b000


---------------  P R O C E S S  ---------------

Java Threads: ( => current thread )
  0x00007f90fc20b000 JavaThread "pool-1-thread-4" [_thread_blocked, id=6844, stack(0x00007f90f0b38000,0x00007f90f0c39000)]
  0x00007f90fc209800 JavaThread "pool-1-thread-3" [_thread_blocked, id=6843, stack(0x00007f90f0c39000,0x00007f90f0d3a000)]
  0x00007f90fc207000 JavaThread "pool-1-thread-2" [_thread_blocked, id=6841, stack(0x00007f90f0d3a000,0x00007f90f0e3b000)]
  0x00007f90fc203800 JavaThread "pool-2-thread-1" [_thread_blocked, id=6839, stack(0x00007f90f0e3b000,0x00007f90f0f3c000)]
  0x00007f90fc202800 JavaThread "pool-1-thread-1" [_thread_blocked, id=6834, stack(0x00007f90f0f3c000,0x00007f90f103d000)]
  0x00007f90fc192800 JavaThread "Service Thread" daemon [_thread_blocked, id=6815, stack(0x00007f90f1867000,0x00007f90f1968000)]
  0x00007f90fc190000 JavaThread "C2 CompilerThread1" daemon [_thread_blocked, id=6811, stack(0x00007f90f1968000,0x00007f90f1a69000)]
  0x00007f90fc18d800 JavaThread "C2 CompilerThread0" daemon [_thread_blocked, id=6810, stack(0x00007f90f1a69000,0x00007f90f1b6a000)]
  0x00007f90fc159800 JavaThread "Signal Dispatcher" daemon [_thread_blocked, id=6808, stack(0x00007f90f8a34000,0x00007f90f8b35000)]
  0x00007f90fc138800 JavaThread "Finalizer" daemon [_thread_blocked, id=6804, stack(0x00007f90f8dfe000,0x00007f90f8eff000)]
  0x00007f90fc136800 JavaThread "Reference Handler" daemon [_thread_blocked, id=6797, stack(0x00007f90f8eff000,0x00007f90f9000000)]
  0x00007f90fc00b000 JavaThread "main" [_thread_blocked, id=6773, stack(0x00007f9104c12000,0x00007f9104d13000)]

Other Threads:
=>0x00007f90fc132000 VMThread [stack: 0x00007f910002c000,0x00007f910012d000] [id=6796]
  0x00007f90fc19d000 WatcherThread [stack: 0x00007f90f1766000,0x00007f90f1867000] [id=6821]

VM state:at safepoint (normal execution)

VM Mutex/Monitor currently owned by a thread:  ([mutex/lock_event])
[0x00007f90fc007500] Threads_lock - owner thread: 0x00007f90fc132000
[0x00007f90fc007a00] Heap_lock - owner thread: 0x00007f90fc00b000

Heap
 PSYoungGen      total 140288K, used 15868K [0x00000000eaa80000, 0x00000000f4580000, 0x0000000100000000)
  eden space 124416K, 0% used [0x00000000eaa80000,0x00000000eaa80000,0x00000000f2400000)
  from space 15872K, 99% used [0x00000000f2400000,0x00000000f337f118,0x00000000f3380000)
  to   space 13312K, 0% used [0x00000000f3380000,0x00000000f3380000,0x00000000f4080000)
 ParOldGen       total 41472K, used 40203K [0x00000000c0000000, 0x00000000c2880000, 0x00000000eaa80000)
  object space 41472K, 96% used [0x00000000c0000000,0x00000000c2742e60,0x00000000c2880000)
 PSPermGen       total 21504K, used 5993K [0x00000000bae00000, 0x00000000bc300000, 0x00000000c0000000)
  object space 21504K, 27% used [0x00000000bae00000,0x00000000bb3da480,0x00000000bc300000)

Card table byte_map: [0x00007f9101ac4000,0x00007f9101cee000] byte_map_base: 0x00007f91014ed000

Polling page: 0x00007f9104d32000

Code Cache  [0x00007f90f9000000, 0x00007f90f9270000, 0x00007f90fc000000)
 total_blobs=591 nmethods=359 adapters=185 free_code_cache=47542Kb largest_free_block=48626816

Compilation events (10 events):
Event: 23.797 Thread 0x00007f90fc190000 nmethod 357 0x00007f90f9173190 code [0x00007f90f91732e0, 0x00007f90f9173558]
Event: 23.797 Thread 0x00007f90fc190000  358             com.android.dx.ssa.SCCP::addBlockToWorklist (47 bytes)
Event: 23.842 Thread 0x00007f90fc190000 nmethod 358 0x00007f90f915f790 code [0x00007f90f915f960, 0x00007f90f915ff80]
Event: 23.881 Thread 0x00007f90fc190000  359             com.android.dx.ssa.NormalSsaInsn::toRopInsn (19 bytes)
Event: 23.882 Thread 0x00007f90fc190000 nmethod 359 0x00007f90f915f4d0 code [0x00007f90f915f620, 0x00007f90f915f6b8]
Event: 23.882 Thread 0x00007f90fc190000  360             com.android.dx.ssa.SCCP::addUsersToWorklist (103 bytes)
Event: 24.264 Thread 0x00007f90fc190000 nmethod 360 0x00007f90f9184910 code [0x00007f90f9184c20, 0x00007f90f9185cb0]
Event: 24.264 Thread 0x00007f90fc190000  361             java.util.Collections$UnmodifiableCollection::<init> (22 bytes)
Event: 24.313 Thread 0x00007f90fc190000 nmethod 361 0x00007f90f915f290 code [0x00007f90f915f3c0, 0x00007f90f915f458]
Event: 24.313 Thread 0x00007f90fc190000  362             com.android.dx.ssa.back.FirstFitLocalCombiningAllocator::handleNormalUnassociated (99 bytes)

GC Heap History (10 events):
Event: 4.729 GC heap after
Heap after GC invocations=2 (full 0):
 PSYoungGen      total 34304K, used 2538K [0x00000000eaa80000, 0x00000000ece80000, 0x0000000100000000)
  eden space 31744K, 0% used [0x00000000eaa80000,0x00000000eaa80000,0x00000000ec980000)
  from space 2560K, 99% used [0x00000000ecc00000,0x00000000ece7aac8,0x00000000ece80000)
  to   space 2560K, 0% used [0x00000000ec980000,0x00000000ec980000,0x00000000ecc00000)
 ParOldGen       total 41472K, used 3548K [0x00000000c0000000, 0x00000000c2880000, 0x00000000eaa80000)
  object space 41472K, 8% used [0x00000000c0000000,0x00000000c03771e8,0x00000000c2880000)
 PSPermGen       total 21504K, used 5692K [0x00000000bae00000, 0x00000000bc300000, 0x00000000c0000000)
  object space 21504K, 26% used [0x00000000bae00000,0x00000000bb38f020,0x00000000bc300000)
}
Event: 6.554 GC heap before
{Heap before GC invocations=3 (full 0):
 PSYoungGen      total 34304K, used 34282K [0x00000000eaa80000, 0x00000000ece80000, 0x0000000100000000)
  eden space 31744K, 100% used [0x00000000eaa80000,0x00000000ec980000,0x00000000ec980000)
  from space 2560K, 99% used [0x00000000ecc00000,0x00000000ece7aac8,0x00000000ece80000)
  to   space 2560K, 0% used [0x00000000ec980000,0x00000000ec980000,0x00000000ecc00000)
 ParOldGen       total 41472K, used 3548K [0x00000000c0000000, 0x00000000c2880000, 0x00000000eaa80000)
  object space 41472K, 8% used [0x00000000c0000000,0x00000000c03771e8,0x00000000c2880000)
 PSPermGen       total 21504K, used 5797K [0x00000000bae00000, 0x00000000bc300000, 0x00000000c0000000)
  object space 21504K, 26% used [0x00000000bae00000,0x00000000bb3a9428,0x00000000bc300000)
Event: 6.640 GC heap after
Heap after GC invocations=3 (full 0):
 PSYoungGen      total 34304K, used 2531K [0x00000000eaa80000, 0x00000000eed80000, 0x0000000100000000)
  eden space 31744K, 0% used [0x00000000eaa80000,0x00000000eaa80000,0x00000000ec980000)
  from space 2560K, 98% used [0x00000000ec980000,0x00000000ecbf8c40,0x00000000ecc00000)
  to   space 2560K, 0% used [0x00000000eeb00000,0x00000000eeb00000,0x00000000eed80000)
 ParOldGen       total 41472K, used 8566K [0x00000000c0000000, 0x00000000c2880000, 0x00000000eaa80000)
  object space 41472K, 20% used [0x00000000c0000000,0x00000000c085d9b0,0x00000000c2880000)
 PSPermGen       total 21504K, used 5797K [0x00000000bae00000, 0x00000000bc300000, 0x00000000c0000000)
  object space 21504K, 26% used [0x00000000bae00000,0x00000000bb3a9428,0x00000000bc300000)
}
Event: 9.095 GC heap before
{Heap before GC invocations=4 (full 0):
 PSYoungGen      total 34304K, used 34275K [0x00000000eaa80000, 0x00000000eed80000, 0x0000000100000000)
  eden space 31744K, 100% used [0x00000000eaa80000,0x00000000ec980000,0x00000000ec980000)
  from space 2560K, 98% used [0x00000000ec980000,0x00000000ecbf8c40,0x00000000ecc00000)
  to   space 2560K, 0% used [0x00000000eeb00000,0x00000000eeb00000,0x00000000eed80000)
 ParOldGen       total 41472K, used 8566K [0x00000000c0000000, 0x00000000c2880000, 0x00000000eaa80000)
  object space 41472K, 20% used [0x00000000c0000000,0x00000000c085d9b0,0x00000000c2880000)
 PSPermGen       total 21504K, used 5838K [0x00000000bae00000, 0x00000000bc300000, 0x00000000c0000000)
  object space 21504K, 27% used [0x00000000bae00000,0x00000000bb3b3990,0x00000000bc300000)
Event: 9.229 GC heap after
Heap after GC invocations=4 (full 0):
 PSYoungGen      total 66048K, used 2550K [0x00000000eaa80000, 0x00000000eed80000, 0x0000000100000000)
  eden space 63488K, 0% used [0x00000000eaa80000,0x00000000eaa80000,0x00000000ee880000)
  from space 2560K, 99% used [0x00000000eeb00000,0x00000000eed7d860,0x00000000eed80000)
  to   space 2560K, 0% used [0x00000000ee880000,0x00000000ee880000,0x00000000eeb00000)
 ParOldGen       total 41472K, used 14107K [0x00000000c0000000, 0x00000000c2880000, 0x00000000eaa80000)
  object space 41472K, 34% used [0x00000000c0000000,0x00000000c0dc6cb0,0x00000000c2880000)
 PSPermGen       total 21504K, used 5838K [0x00000000bae00000, 0x00000000bc300000, 0x00000000c0000000)
  object space 21504K, 27% used [0x00000000bae00000,0x00000000bb3b3990,0x00000000bc300000)
}
Event: 13.299 GC heap before
{Heap before GC invocations=5 (full 0):
 PSYoungGen      total 66048K, used 66038K [0x00000000eaa80000, 0x00000000eed80000, 0x0000000100000000)
  eden space 63488K, 100% used [0x00000000eaa80000,0x00000000ee880000,0x00000000ee880000)
  from space 2560K, 99% used [0x00000000eeb00000,0x00000000eed7d860,0x00000000eed80000)
  to   space 2560K, 0% used [0x00000000ee880000,0x00000000ee880000,0x00000000eeb00000)
 ParOldGen       total 41472K, used 14107K [0x00000000c0000000, 0x00000000c2880000, 0x00000000eaa80000)
  object space 41472K, 34% used [0x00000000c0000000,0x00000000c0dc6cb0,0x00000000c2880000)
 PSPermGen       total 21504K, used 5891K [0x00000000bae00000, 0x00000000bc300000, 0x00000000c0000000)
  object space 21504K, 27% used [0x00000000bae00000,0x00000000bb3c0d28,0x00000000bc300000)
Event: 13.462 GC heap after
Heap after GC invocations=5 (full 0):
 PSYoungGen      total 66048K, used 2550K [0x00000000eaa80000, 0x00000000f4080000, 0x0000000100000000)
  eden space 63488K, 0% used [0x00000000eaa80000,0x00000000eaa80000,0x00000000ee880000)
  from space 2560K, 99% used [0x00000000ee880000,0x00000000eeafd860,0x00000000eeb00000)
  to   space 13312K, 0% used [0x00000000f3380000,0x00000000f3380000,0x00000000f4080000)
 ParOldGen       total 41472K, used 24108K [0x00000000c0000000, 0x00000000c2880000, 0x00000000eaa80000)
  object space 41472K, 58% used [0x00000000c0000000,0x00000000c178b1c0,0x00000000c2880000)
 PSPermGen       total 21504K, used 5891K [0x00000000bae00000, 0x00000000bc300000, 0x00000000c0000000)
  object space 21504K, 27% used [0x00000000bae00000,0x00000000bb3c0d28,0x00000000bc300000)
}
Event: 17.170 GC heap before
{Heap before GC invocations=6 (full 0):
 PSYoungGen      total 66048K, used 66038K [0x00000000eaa80000, 0x00000000f4080000, 0x0000000100000000)
  eden space 63488K, 100% used [0x00000000eaa80000,0x00000000ee880000,0x00000000ee880000)
  from space 2560K, 99% used [0x00000000ee880000,0x00000000eeafd860,0x00000000eeb00000)
  to   space 13312K, 0% used [0x00000000f3380000,0x00000000f3380000,0x00000000f4080000)
 ParOldGen       total 41472K, used 24108K [0x00000000c0000000, 0x00000000c2880000, 0x00000000eaa80000)
  object space 41472K, 58% used [0x00000000c0000000,0x00000000c178b1c0,0x00000000c2880000)
 PSPermGen       total 21504K, used 5919K [0x00000000bae00000, 0x00000000bc300000, 0x00000000c0000000)
  object space 21504K, 27% used [0x00000000bae00000,0x00000000bb3c7f38,0x00000000bc300000)
Event: 17.346 GC heap after
Heap after GC invocations=6 (full 0):
 PSYoungGen      total 137728K, used 13240K [0x00000000eaa80000, 0x00000000f4580000, 0x0000000100000000)
  eden space 124416K, 0% used [0x00000000eaa80000,0x00000000eaa80000,0x00000000f2400000)
  from space 13312K, 99% used [0x00000000f3380000,0x00000000f406e020,0x00000000f4080000)
  to   space 15872K, 0% used [0x00000000f2400000,0x00000000f2400000,0x00000000f3380000)
 ParOldGen       total 41472K, used 24108K [0x00000000c0000000, 0x00000000c2880000, 0x00000000eaa80000)
  object space 41472K, 58% used [0x00000000c0000000,0x00000000c178b1c0,0x00000000c2880000)
 PSPermGen       total 21504K, used 5919K [0x00000000bae00000, 0x00000000bc300000, 0x00000000c0000000)
  object space 21504K, 27% used [0x00000000bae00000,0x00000000bb3c7f38,0x00000000bc300000)
}
Event: 24.932 GC heap before
{Heap before GC invocations=7 (full 0):
 PSYoungGen      total 137728K, used 137656K [0x00000000eaa80000, 0x00000000f4580000, 0x0000000100000000)
  eden space 124416K, 100% used [0x00000000eaa80000,0x00000000f2400000,0x00000000f2400000)
  from space 13312K, 99% used [0x00000000f3380000,0x00000000f406e020,0x00000000f4080000)
  to   space 15872K, 0% used [0x00000000f2400000,0x00000000f2400000,0x00000000f3380000)
 ParOldGen       total 41472K, used 24108K [0x00000000c0000000, 0x00000000c2880000, 0x00000000eaa80000)
  object space 41472K, 58% used [0x00000000c0000000,0x00000000c178b1c0,0x00000000c2880000)
 PSPermGen       total 21504K, used 5993K [0x00000000bae00000, 0x00000000bc300000, 0x00000000c0000000)
  object space 21504K, 27% used [0x00000000bae00000,0x00000000bb3da480,0x00000000bc300000)

Deoptimization events (10 events):
Event: 5.160 Thread 0x00007f90fc00b000 Uncommon trap: reason=unreached action=reinterpret pc=0x00007f90f907af44 method=com.android.dx.rop.cst.Constant.compareTo(Lcom/android/dx/rop/cst/Constant;)I @ 12
Event: 8.929 Thread 0x00007f90fc20b000 Uncommon trap: reason=unreached action=reinterpret pc=0x00007f90f90d8afc method=com.android.dx.ssa.LocalVariableExtractor.processBlock(I)V @ 251
Event: 9.303 Thread 0x00007f90fc20b000 Uncommon trap: reason=unreached action=reinterpret pc=0x00007f90f90facfc method=com.android.dx.rop.code.LocalVariableExtractor.processBlock(I)V @ 195
Event: 10.504 Thread 0x00007f90fc202800 Uncommon trap: reason=unreached action=reinterpret pc=0x00007f90f90d2dcc method=com.android.dx.ssa.SsaMethod.updateOneDefinition(Lcom/android/dx/ssa/SsaInsn;Lcom/android/dx/rop/code/RegisterSpec;)V @ 4
Event: 10.545 Thread 0x00007f90fc202800 Uncommon trap: reason=unreached action=reinterpret pc=0x00007f90f90e50b4 method=com.android.dx.rop.code.LocalItem.compareHandlesNulls(Lcom/android/dx/rop/cst/CstString;Lcom/android/dx/rop/cst/CstString;)I @ 14
Event: 10.728 Thread 0x00007f90fc00b000 Uncommon trap: reason=null_check action=make_not_entrant pc=0x00007f90f909ffdc method=com.android.dx.ssa.SsaRenamer.getLocalForNewReg(I)Lcom/android/dx/rop/code/LocalItem; @ 19
Event: 11.356 Thread 0x00007f90fc209800 Uncommon trap: reason=null_check action=make_not_entrant pc=0x00007f90f908f414 method=com.android.dx.rop.type.Type.equals(Ljava/lang/Object;)Z @ 8
Event: 11.633 Thread 0x00007f90fc00b000 Uncommon trap: reason=unreached action=reinterpret pc=0x00007f90f910b8dc method=com.android.dx.ssa.SCCP.simulateBranch(Lcom/android/dx/ssa/SsaInsn;)V @ 132
Event: 11.695 Thread 0x00007f90fc207000 Uncommon trap: reason=null_check action=make_not_entrant pc=0x00007f90f90ad29c method=com.android.dx.ssa.SsaRenamer.getLocalForNewReg(I)Lcom/android/dx/rop/code/LocalItem; @ 19
Event: 17.399 Thread 0x00007f90fc00b000 Uncommon trap: reason=null_check action=make_not_entrant pc=0x00007f90f91374c8 method=com.android.dx.cf.code.Ropper$CatchInfo.getSetup(Lcom/android/dx/rop/type/Type;)Lcom/android/dx/cf/code/Ropper$ExceptionHandlerSetup; @ 10

Internal exceptions (10 events):
Event: 9.861 Thread 0x00007f90fc20b000 Threw 0x00000000eb3c6000 at /HUDSON/workspace/7u-2-build-linux-amd64/jdk7u72/1606/hotspot/src/share/vm/prims/jvm.cpp:1281
Event: 10.036 Thread 0x00007f90fc00b000 Threw 0x00000000eb456780 at /HUDSON/workspace/7u-2-build-linux-amd64/jdk7u72/1606/hotspot/src/share/vm/prims/jvm.cpp:1281
Event: 10.503 Thread 0x00007f90fc202800 Threw 0x00000000ebd9a4b8 at /HUDSON/workspace/7u-2-build-linux-amd64/jdk7u72/1606/hotspot/src/share/vm/prims/jvm.cpp:1281
Event: 10.545 Thread 0x00007f90fc202800 Implicit null exception at 0x00007f90f90e4f3c to 0x00007f90f90e50a1
Event: 10.728 Thread 0x00007f90fc00b000 Implicit null exception at 0x00007f90f909e79f to 0x00007f90f909ffc1
Event: 11.356 Thread 0x00007f90fc209800 Implicit null exception at 0x00007f90f908f312 to 0x00007f90f908f406
Event: 11.695 Thread 0x00007f90fc207000 Implicit null exception at 0x00007f90f90ac756 to 0x00007f90f90ad285
Event: 12.491 Thread 0x00007f90fc00b000 Threw 0x00000000edb14bc8 at /HUDSON/workspace/7u-2-build-linux-amd64/jdk7u72/1606/hotspot/src/share/vm/prims/jvm.cpp:1281
Event: 13.606 Thread 0x00007f90fc00b000 Threw 0x00000000ead9c658 at /HUDSON/workspace/7u-2-build-linux-amd64/jdk7u72/1606/hotspot/src/share/vm/prims/jvm.cpp:1281
Event: 17.399 Thread 0x00007f90fc00b000 Implicit null exception at 0x00007f90f9133b49 to 0x00007f90f9137495

Events (10 events):
Event: 17.378 Executing VM operation: RevokeBias
Event: 17.378 Executing VM operation: RevokeBias done
Event: 17.378 Executing VM operation: RevokeBias
Event: 17.378 Executing VM operation: RevokeBias done
Event: 17.378 Executing VM operation: BulkRevokeBias
Event: 17.378 Executing VM operation: BulkRevokeBias done
Event: 17.399 Thread 0x00007f90fc00b000 Uncommon trap: trap_request=0xfffffff4 fr.pc=0x00007f90f91374c8
Event: 17.399 Thread 0x00007f90fc00b000 DEOPT PACKING pc=0x00007f90f91374c8 sp=0x00007f9104d10ac0
Event: 17.399 Thread 0x00007f90fc00b000 DEOPT UNPACKING pc=0x00007f90f9039445 sp=0x00007f9104d10a28 mode 2
Event: 24.910 Executing VM operation: ParallelGCFailedAllocation


Dynamic libraries:
00400000-00401000 r-xp 00000000 08:06 2498323                            /usr/lib/jvm/java-7-oracle/bin/java
00600000-00601000 rw-p 00000000 08:06 2498323                            /usr/lib/jvm/java-7-oracle/bin/java
022c9000-022ea000 rw-p 00000000 00:00 0                                  [heap]
bae00000-bc300000 rw-p 00000000 00:00 0 
bc300000-c0000000 rw-p 00000000 00:00 0 
c0000000-c2880000 rw-p 00000000 00:00 0 
c2880000-eaa80000 rw-p 00000000 00:00 0 
eaa80000-f4580000 rw-p 00000000 00:00 0 
fd180000-100000000 rw-p 00000000 00:00 0 
7f90ac000000-7f90ac021000 rw-p 00000000 00:00 0 
7f90ac021000-7f90b0000000 ---p 00000000 00:00 0 
7f90b4000000-7f90b4032000 rw-p 00000000 00:00 0 
7f90b4032000-7f90b8000000 ---p 00000000 00:00 0 
7f90b8000000-7f90b8021000 rw-p 00000000 00:00 0 
7f90b8021000-7f90bc000000 ---p 00000000 00:00 0 
7f90bc000000-7f90bc02c000 rw-p 00000000 00:00 0 
7f90bc02c000-7f90c0000000 ---p 00000000 00:00 0 
7f90c0000000-7f90c0021000 rw-p 00000000 00:00 0 
7f90c0021000-7f90c4000000 ---p 00000000 00:00 0 
7f90c4000000-7f90c4021000 rw-p 00000000 00:00 0 
7f90c4021000-7f90c8000000 ---p 00000000 00:00 0 
7f90c8000000-7f90c8021000 rw-p 00000000 00:00 0 
7f90c8021000-7f90cc000000 ---p 00000000 00:00 0 
7f90cc000000-7f90cd487000 rw-p 00000000 00:00 0 
7f90cd487000-7f90d0000000 ---p 00000000 00:00 0 
7f90d0000000-7f90d171e000 rw-p 00000000 00:00 0 
7f90d171e000-7f90d4000000 ---p 00000000 00:00 0 
7f90d4000000-7f90d4021000 rw-p 00000000 00:00 0 
7f90d4021000-7f90d8000000 ---p 00000000 00:00 0 
7f90d8000000-7f90d8021000 rw-p 00000000 00:00 0 
7f90d8021000-7f90dc000000 ---p 00000000 00:00 0 
7f90dc000000-7f90dc24e000 rw-p 00000000 00:00 0 
7f90dc24e000-7f90e0000000 ---p 00000000 00:00 0 
7f90e0000000-7f90e0021000 rw-p 00000000 00:00 0 
7f90e0021000-7f90e4000000 ---p 00000000 00:00 0 
7f90e4000000-7f90e4021000 rw-p 00000000 00:00 0 
7f90e4021000-7f90e8000000 ---p 00000000 00:00 0 
7f90e8000000-7f90e8021000 rw-p 00000000 00:00 0 
7f90e8021000-7f90ec000000 ---p 00000000 00:00 0 
7f90ec000000-7f90ec021000 rw-p 00000000 00:00 0 
7f90ec021000-7f90f0000000 ---p 00000000 00:00 0 
7f90f0b38000-7f90f0b3b000 ---p 00000000 00:00 0 
7f90f0b3b000-7f90f0c39000 rw-p 00000000 00:00 0                          [stack:6844]
7f90f0c39000-7f90f0c3c000 ---p 00000000 00:00 0 
7f90f0c3c000-7f90f0d3a000 rw-p 00000000 00:00 0                          [stack:6843]
7f90f0d3a000-7f90f0d3d000 ---p 00000000 00:00 0 
7f90f0d3d000-7f90f0e3b000 rw-p 00000000 00:00 0                          [stack:6841]
7f90f0e3b000-7f90f0e3e000 ---p 00000000 00:00 0 
7f90f0e3e000-7f90f0f3c000 rw-p 00000000 00:00 0                          [stack:6839]
7f90f0f3c000-7f90f0f3f000 ---p 00000000 00:00 0 
7f90f0f3f000-7f90f133e000 rw-p 00000000 00:00 0                          [stack:6834]
7f90f133e000-7f90f1354000 r-xp 00000000 08:06 545865                     /usr/lib/jvm/java-7-oracle/jre/lib/amd64/libnet.so
7f90f1354000-7f90f1554000 ---p 00016000 08:06 545865                     /usr/lib/jvm/java-7-oracle/jre/lib/amd64/libnet.so
7f90f1554000-7f90f1555000 rw-p 00016000 08:06 545865                     /usr/lib/jvm/java-7-oracle/jre/lib/amd64/libnet.so
7f90f1555000-7f90f1565000 r-xp 00000000 08:06 545905                     /usr/lib/jvm/java-7-oracle/jre/lib/amd64/libnio.so
7f90f1565000-7f90f1765000 ---p 00010000 08:06 545905                     /usr/lib/jvm/java-7-oracle/jre/lib/amd64/libnio.so
7f90f1765000-7f90f1766000 rw-p 00010000 08:06 545905                     /usr/lib/jvm/java-7-oracle/jre/lib/amd64/libnio.so
7f90f1766000-7f90f1767000 ---p 00000000 00:00 0 
7f90f1767000-7f90f1867000 rw-p 00000000 00:00 0                          [stack:6821]
7f90f1867000-7f90f186a000 ---p 00000000 00:00 0 
7f90f186a000-7f90f1968000 rw-p 00000000 00:00 0                          [stack:6815]
7f90f1968000-7f90f196b000 ---p 00000000 00:00 0 
7f90f196b000-7f90f1a69000 rw-p 00000000 00:00 0                          [stack:6811]
7f90f1a69000-7f90f1a6c000 ---p 00000000 00:00 0 
7f90f1a6c000-7f90f1b6a000 rw-p 00000000 00:00 0                          [stack:6810]
7f90f1b6a000-7f90f1b6f000 r-xp 00000000 08:06 2504688                    /usr/lib/x86_64-linux-gnu/libXdmcp.so.6.0.0
7f90f1b6f000-7f90f1d6e000 ---p 00005000 08:06 2504688                    /usr/lib/x86_64-linux-gnu/libXdmcp.so.6.0.0
7f90f1d6e000-7f90f1d6f000 r--p 00004000 08:06 2504688                    /usr/lib/x86_64-linux-gnu/libXdmcp.so.6.0.0
7f90f1d6f000-7f90f1d70000 rw-p 00005000 08:06 2504688                    /usr/lib/x86_64-linux-gnu/libXdmcp.so.6.0.0
7f90f1d70000-7f90f4000000 rw-p 00000000 00:00 0 
7f90f4000000-7f90f4021000 rw-p 00000000 00:00 0 
7f90f4021000-7f90f8000000 ---p 00000000 00:00 0 
7f90f80d5000-7f90f80d7000 r-xp 00000000 08:06 2504677                    /usr/lib/x86_64-linux-gnu/libXau.so.6.0.0
7f90f80d7000-7f90f82d7000 ---p 00002000 08:06 2504677                    /usr/lib/x86_64-linux-gnu/libXau.so.6.0.0
7f90f82d7000-7f90f82d8000 r--p 00002000 08:06 2504677                    /usr/lib/x86_64-linux-gnu/libXau.so.6.0.0
7f90f82d8000-7f90f82d9000 rw-p 00003000 08:06 2504677                    /usr/lib/x86_64-linux-gnu/libXau.so.6.0.0
7f90f82d9000-7f90f82f6000 r-xp 00000000 08:06 2505797                    /usr/lib/x86_64-linux-gnu/libxcb.so.1.1.0
7f90f82f6000-7f90f84f6000 ---p 0001d000 08:06 2505797                    /usr/lib/x86_64-linux-gnu/libxcb.so.1.1.0
7f90f84f6000-7f90f84f7000 r--p 0001d000 08:06 2505797                    /usr/lib/x86_64-linux-gnu/libxcb.so.1.1.0
7f90f84f7000-7f90f84f8000 rw-p 0001e000 08:06 2505797                    /usr/lib/x86_64-linux-gnu/libxcb.so.1.1.0
7f90f84f8000-7f90f862b000 r-xp 00000000 08:06 2504673                    /usr/lib/x86_64-linux-gnu/libX11.so.6.3.0
7f90f862b000-7f90f882b000 ---p 00133000 08:06 2504673                    /usr/lib/x86_64-linux-gnu/libX11.so.6.3.0
7f90f882b000-7f90f882c000 r--p 00133000 08:06 2504673                    /usr/lib/x86_64-linux-gnu/libX11.so.6.3.0
7f90f882c000-7f90f8830000 rw-p 00134000 08:06 2504673                    /usr/lib/x86_64-linux-gnu/libX11.so.6.3.0
7f90f8830000-7f90f8831000 rw-p 00000000 00:00 0 
7f90f8831000-7f90f8833000 r-xp 00000000 08:06 2495818                    /usr/lib/jayatana/libjayatanaag.so
7f90f8833000-7f90f8a32000 ---p 00002000 08:06 2495818                    /usr/lib/jayatana/libjayatanaag.so
7f90f8a32000-7f90f8a33000 r--p 00001000 08:06 2495818                    /usr/lib/jayatana/libjayatanaag.so
7f90f8a33000-7f90f8a34000 rw-p 00002000 08:06 2495818                    /usr/lib/jayatana/libjayatanaag.so
7f90f8a34000-7f90f8a37000 ---p 00000000 00:00 0 
7f90f8a37000-7f90f8b35000 rw-p 00000000 00:00 0                          [stack:6808]
7f90f8b35000-7f90f8dfe000 r--p 00000000 08:06 2495346                    /usr/lib/locale/locale-archive
7f90f8dfe000-7f90f8e01000 ---p 00000000 00:00 0 
7f90f8e01000-7f90f8eff000 rw-p 00000000 00:00 0                          [stack:6804]
7f90f8eff000-7f90f8f02000 ---p 00000000 00:00 0 
7f90f8f02000-7f90f9000000 rw-p 00000000 00:00 0                          [stack:6797]
7f90f9000000-7f90f9270000 rwxp 00000000 00:00 0 
7f90f9270000-7f90fc257000 rw-p 00000000 00:00 0 
7f90fc257000-7f9100000000 ---p 00000000 00:00 0 
7f910001a000-7f910002c000 r--s 000c6000 08:06 1848027                    /home/jincy/AndroidStudioProjects/Excel/excelapp/app/build/intermediates/exploded-aar/com.android.support/support-v4/22.2.0/jars/classes.jar
7f910002c000-7f910002d000 ---p 00000000 00:00 0 
7f910002d000-7f9101087000 rw-p 00000000 00:00 0                          [stack:6796]
7f9101087000-7f9101247000 r--s 039ea000 08:06 2766848                    /usr/lib/jvm/java-7-oracle/jre/lib/rt.jar
7f9101247000-7f9101541000 rw-p 00000000 00:00 0 
7f9101541000-7f9101542000 ---p 00000000 00:00 0 
7f9101542000-7f9101642000 rw-p 00000000 00:00 0                          [stack:6784]
7f9101642000-7f9101643000 ---p 00000000 00:00 0 
7f9101643000-7f9101743000 rw-p 00000000 00:00 0                          [stack:6782]
7f9101743000-7f9101744000 ---p 00000000 00:00 0 
7f9101744000-7f9101844000 rw-p 00000000 00:00 0                          [stack:6780]
7f9101844000-7f9101845000 ---p 00000000 00:00 0 
7f9101845000-7f9101950000 rw-p 00000000 00:00 0                          [stack:6778]
7f9101950000-7f910196e000 rw-p 00000000 00:00 0 
7f910196e000-7f9101983000 rw-p 00000000 00:00 0 
7f9101983000-7f9101ac4000 rw-p 00000000 00:00 0 
7f9101ac4000-7f9101acf000 rw-p 00000000 00:00 0 
7f9101acf000-7f9101aed000 rw-p 00000000 00:00 0 
7f9101aed000-7f9101b02000 rw-p 00000000 00:00 0 
7f9101b02000-7f9101c42000 rw-p 00000000 00:00 0 
7f9101c42000-7f9101c90000 rw-p 00000000 00:00 0 
7f9101c90000-7f9101ced000 rw-p 00000000 00:00 0 
7f9101ced000-7f9101cee000 rw-p 00000000 00:00 0 
7f9101cee000-7f9101d08000 r-xp 00000000 08:06 545919                     /usr/lib/jvm/java-7-oracle/jre/lib/amd64/libzip.so
7f9101d08000-7f9101f08000 ---p 0001a000 08:06 545919                     /usr/lib/jvm/java-7-oracle/jre/lib/amd64/libzip.so
7f9101f08000-7f9101f09000 rw-p 0001a000 08:06 545919                     /usr/lib/jvm/java-7-oracle/jre/lib/amd64/libzip.so
7f9101f09000-7f9101f15000 r-xp 00000000 08:06 262724                     /lib/x86_64-linux-gnu/libnss_files-2.21.so
7f9101f15000-7f9102114000 ---p 0000c000 08:06 262724                     /lib/x86_64-linux-gnu/libnss_files-2.21.so
7f9102114000-7f9102115000 r--p 0000b000 08:06 262724                     /lib/x86_64-linux-gnu/libnss_files-2.21.so
7f9102115000-7f9102116000 rw-p 0000c000 08:06 262724                     /lib/x86_64-linux-gnu/libnss_files-2.21.so
7f9102116000-7f9102121000 r-xp 00000000 08:06 262712                     /lib/x86_64-linux-gnu/libnss_nis-2.21.so
7f9102121000-7f9102320000 ---p 0000b000 08:06 262712                     /lib/x86_64-linux-gnu/libnss_nis-2.21.so
7f9102320000-7f9102321000 r--p 0000a000 08:06 262712                     /lib/x86_64-linux-gnu/libnss_nis-2.21.so
7f9102321000-7f9102322000 rw-p 0000b000 08:06 262712                     /lib/x86_64-linux-gnu/libnss_nis-2.21.so
7f9102322000-7f9102339000 r-xp 00000000 08:06 262730                     /lib/x86_64-linux-gnu/libnsl-2.21.so
7f9102339000-7f9102538000 ---p 00017000 08:06 262730                     /lib/x86_64-linux-gnu/libnsl-2.21.so
7f9102538000-7f9102539000 r--p 00016000 08:06 262730                     /lib/x86_64-linux-gnu/libnsl-2.21.so
7f9102539000-7f910253a000 rw-p 00017000 08:06 262730                     /lib/x86_64-linux-gnu/libnsl-2.21.so
7f910253a000-7f910253c000 rw-p 00000000 00:00 0 
7f910253c000-7f9102544000 r-xp 00000000 08:06 262726                     /lib/x86_64-linux-gnu/libnss_compat-2.21.so
7f9102544000-7f9102743000 ---p 00008000 08:06 262726                     /lib/x86_64-linux-gnu/libnss_compat-2.21.so
7f9102743000-7f9102744000 r--p 00007000 08:06 262726                     /lib/x86_64-linux-gnu/libnss_compat-2.21.so
7f9102744000-7f9102745000 rw-p 00008000 08:06 262726                     /lib/x86_64-linux-gnu/libnss_compat-2.21.so
7f9102745000-7f910274f000 r-xp 00000000 08:06 545917                     /usr/lib/jvm/java-7-oracle/jre/lib/amd64/libinstrument.so
7f910274f000-7f910294e000 ---p 0000a000 08:06 545917                     /usr/lib/jvm/java-7-oracle/jre/lib/amd64/libinstrument.so
7f910294e000-7f910294f000 rw-p 00009000 08:06 545917                     /usr/lib/jvm/java-7-oracle/jre/lib/amd64/libinstrument.so
7f910294f000-7f9102978000 r-xp 00000000 08:06 545902                     /usr/lib/jvm/java-7-oracle/jre/lib/amd64/libjava.so
7f9102978000-7f9102b78000 ---p 00029000 08:06 545902                     /usr/lib/jvm/java-7-oracle/jre/lib/amd64/libjava.so
7f9102b78000-7f9102b7a000 rw-p 00029000 08:06 545902                     /usr/lib/jvm/java-7-oracle/jre/lib/amd64/libjava.so
7f9102b7a000-7f9102b87000 r-xp 00000000 08:06 545864                     /usr/lib/jvm/java-7-oracle/jre/lib/amd64/libverify.so
7f9102b87000-7f9102d86000 ---p 0000d000 08:06 545864                     /usr/lib/jvm/java-7-oracle/jre/lib/amd64/libverify.so
7f9102d86000-7f9102d88000 rw-p 0000c000 08:06 545864                     /usr/lib/jvm/java-7-oracle/jre/lib/amd64/libverify.so
7f9102d88000-7f9102d8f000 r-xp 00000000 08:06 262731                     /lib/x86_64-linux-gnu/librt-2.21.so
7f9102d8f000-7f9102f8e000 ---p 00007000 08:06 262731                     /lib/x86_64-linux-gnu/librt-2.21.so
7f9102f8e000-7f9102f8f000 r--p 00006000 08:06 262731                     /lib/x86_64-linux-gnu/librt-2.21.so
7f9102f8f000-7f9102f90000 rw-p 00007000 08:06 262731                     /lib/x86_64-linux-gnu/librt-2.21.so
7f9102f90000-7f9103097000 r-xp 00000000 08:06 262729                     /lib/x86_64-linux-gnu/libm-2.21.so
7f9103097000-7f9103296000 ---p 00107000 08:06 262729                     /lib/x86_64-linux-gnu/libm-2.21.so
7f9103296000-7f9103297000 r--p 00106000 08:06 262729                     /lib/x86_64-linux-gnu/libm-2.21.so
7f9103297000-7f9103298000 rw-p 00107000 08:06 262729                     /lib/x86_64-linux-gnu/libm-2.21.so
7f9103298000-7f9103e0b000 r-xp 00000000 08:06 545878                     /usr/lib/jvm/java-7-oracle/jre/lib/amd64/server/libjvm.so
7f9103e0b000-7f910400a000 ---p 00b73000 08:06 545878                     /usr/lib/jvm/java-7-oracle/jre/lib/amd64/server/libjvm.so
7f910400a000-7f91040ce000 rw-p 00b72000 08:06 545878                     /usr/lib/jvm/java-7-oracle/jre/lib/amd64/server/libjvm.so
7f91040ce000-7f910410f000 rw-p 00000000 00:00 0 
7f910410f000-7f91042cf000 r-xp 00000000 08:06 262734                     /lib/x86_64-linux-gnu/libc-2.21.so
7f91042cf000-7f91044cf000 ---p 001c0000 08:06 262734                     /lib/x86_64-linux-gnu/libc-2.21.so
7f91044cf000-7f91044d3000 r--p 001c0000 08:06 262734                     /lib/x86_64-linux-gnu/libc-2.21.so
7f91044d3000-7f91044d5000 rw-p 001c4000 08:06 262734                     /lib/x86_64-linux-gnu/libc-2.21.so
7f91044d5000-7f91044d9000 rw-p 00000000 00:00 0 
7f91044d9000-7f91044dc000 r-xp 00000000 08:06 262717                     /lib/x86_64-linux-gnu/libdl-2.21.so
7f91044dc000-7f91046db000 ---p 00003000 08:06 262717                     /lib/x86_64-linux-gnu/libdl-2.21.so
7f91046db000-7f91046dc000 r--p 00002000 08:06 262717                     /lib/x86_64-linux-gnu/libdl-2.21.so
7f91046dc000-7f91046dd000 rw-p 00003000 08:06 262717                     /lib/x86_64-linux-gnu/libdl-2.21.so
7f91046dd000-7f91046f3000 r-xp 00000000 08:06 2498187                    /usr/lib/jvm/java-7-oracle/lib/amd64/jli/libjli.so
7f91046f3000-7f91048f3000 ---p 00016000 08:06 2498187                    /usr/lib/jvm/java-7-oracle/lib/amd64/jli/libjli.so
7f91048f3000-7f91048f4000 rw-p 00016000 08:06 2498187                    /usr/lib/jvm/java-7-oracle/lib/amd64/jli/libjli.so
7f91048f4000-7f910490c000 r-xp 00000000 08:06 262721                     /lib/x86_64-linux-gnu/libpthread-2.21.so
7f910490c000-7f9104b0c000 ---p 00018000 08:06 262721                     /lib/x86_64-linux-gnu/libpthread-2.21.so
7f9104b0c000-7f9104b0d000 r--p 00018000 08:06 262721                     /lib/x86_64-linux-gnu/libpthread-2.21.so
7f9104b0d000-7f9104b0e000 rw-p 00019000 08:06 262721                     /lib/x86_64-linux-gnu/libpthread-2.21.so
7f9104b0e000-7f9104b12000 rw-p 00000000 00:00 0 
7f9104b12000-7f9104b36000 r-xp 00000000 08:06 262720                     /lib/x86_64-linux-gnu/ld-2.21.so
7f9104b3c000-7f9104b5c000 rw-p 00000000 00:00 0 
7f9104b5c000-7f9104c12000 rw-p 00000000 00:00 0 
7f9104c12000-7f9104c15000 ---p 00000000 00:00 0 
7f9104c15000-7f9104d17000 rw-p 00000000 00:00 0                          [stack:6773]
7f9104d18000-7f9104d19000 rw-p 00000000 00:00 0 
7f9104d19000-7f9104d1a000 r--s 00000000 08:06 2900168                    /usr/share/java/jayatanaag.jar
7f9104d1a000-7f9104d29000 r--s 000df000 08:06 1979647                    /home/jincy/Android/Sdk/build-tools/23.0.0-preview/lib/dx.jar
7f9104d29000-7f9104d31000 rw-s 00000000 08:06 2647388                    /tmp/hsperfdata_jincy/6759
7f9104d31000-7f9104d32000 rw-p 00000000 00:00 0 
7f9104d32000-7f9104d33000 ---p 00000000 00:00 0 
7f9104d33000-7f9104d35000 rw-p 00000000 00:00 0 
7f9104d35000-7f9104d36000 r--p 00023000 08:06 262720                     /lib/x86_64-linux-gnu/ld-2.21.so
7f9104d36000-7f9104d37000 rw-p 00024000 08:06 262720                     /lib/x86_64-linux-gnu/ld-2.21.so
7f9104d37000-7f9104d38000 rw-p 00000000 00:00 0 
7ffe35c41000-7ffe35c62000 rw-p 00000000 00:00 0                          [stack]
7ffe35d59000-7ffe35d5b000 r--p 00000000 00:00 0                          [vvar]
7ffe35d5b000-7ffe35d5d000 r-xp 00000000 00:00 0                          [vdso]
ffffffffff600000-ffffffffff601000 r-xp 00000000 00:00 0                  [vsyscall]

VM Arguments:
jvm_args: -javaagent:/usr/share/java/jayatanaag.jar -Xmx1024M -Dfile.encoding=UTF-8 -Duser.country=IN -Duser.language=en -Duser.variant 
java_command: com.android.dx.command.Main --dex --num-threads=4 --output /home/jincy/AndroidStudioProjects/Excel/excelapp/app/build/intermediates/pre-dexed/debug/classes-1333c6018a1b205c986bc44490ccdb2f613b40cc.jar /home/jincy/AndroidStudioProjects/Excel/excelapp/app/build/intermediates/exploded-aar/com.android.support/support-v4/22.2.0/jars/classes.jar
Launcher Type: SUN_STANDARD

Environment Variables:
JAVA_TOOL_OPTIONS=-javaagent:/usr/share/java/jayatanaag.jar 
PATH=/usr/local/sbin:/usr/local/bin:/usr/sbin:/usr/bin:/sbin:/bin:/usr/games:/usr/local/games
SHELL=/bin/bash
DISPLAY=:0

Signal Handlers:
SIGSEGV: [libjvm.so+0x9a1a10], sa_mask[0]=0x7ffbfeff, sa_flags=0x10000004
SIGBUS: [libjvm.so+0x9a1a10], sa_mask[0]=0x7ffbfeff, sa_flags=0x10000004
SIGFPE: [libjvm.so+0x81bae0], sa_mask[0]=0x7ffbfeff, sa_flags=0x10000004
SIGPIPE: [libjvm.so+0x81bae0], sa_mask[0]=0x7ffbfeff, sa_flags=0x10000004
SIGXFSZ: [libjvm.so+0x81bae0], sa_mask[0]=0x7ffbfeff, sa_flags=0x10000004
SIGILL: [libjvm.so+0x81bae0], sa_mask[0]=0x7ffbfeff, sa_flags=0x10000004
SIGUSR1: SIG_DFL, sa_mask[0]=0x00000000, sa_flags=0x00000000
SIGUSR2: [libjvm.so+0x81d2e0], sa_mask[0]=0x00000004, sa_flags=0x10000004
SIGHUP: [libjvm.so+0x81e400], sa_mask[0]=0x7ffbfeff, sa_flags=0x10000004
SIGINT: [libjvm.so+0x81e400], sa_mask[0]=0x7ffbfeff, sa_flags=0x10000004
SIGTERM: [libjvm.so+0x81e400], sa_mask[0]=0x7ffbfeff, sa_flags=0x10000004
SIGQUIT: [libjvm.so+0x81e400], sa_mask[0]=0x7ffbfeff, sa_flags=0x10000004


---------------  S Y S T E M  ---------------

OS:jessie/sid

uname:Linux 3.19.0-22-generic #22-Ubuntu SMP Tue Jun 16 17:15:15 UTC 2015 x86_64
libc:glibc 2.21 NPTL 2.21 
rlimit: STACK 8192k, CORE 0k, NPROC 15184, NOFILE 65536, AS infinity
load average:8.36 4.60 2.60

/proc/meminfo:
MemTotal:        3975384 kB
MemFree:          127236 kB
MemAvailable:      87524 kB
Buffers:            1904 kB
Cached:           416788 kB
SwapCached:            0 kB
Active:          3322320 kB
Inactive:         348828 kB
Active(anon):    3287180 kB
Inactive(anon):   325824 kB
Active(file):      35140 kB
Inactive(file):    23004 kB
Unevictable:          32 kB
Mlocked:              32 kB
SwapTotal:             0 kB
SwapFree:              0 kB
Dirty:              1128 kB
Writeback:             0 kB
AnonPages:       3253284 kB
Mapped:           160820 kB
Shmem:            359972 kB
Slab:              68696 kB
SReclaimable:      31368 kB
SUnreclaim:        37328 kB
KernelStack:       10624 kB
PageTables:        35632 kB
NFS_Unstable:          0 kB
Bounce:                0 kB
WritebackTmp:          0 kB
CommitLimit:     1987692 kB
Committed_AS:    7778896 kB
VmallocTotal:   34359738367 kB
VmallocUsed:      556556 kB
VmallocChunk:   34359154616 kB
HardwareCorrupted:     0 kB
AnonHugePages:   2078720 kB
CmaTotal:              0 kB
CmaFree:               0 kB
HugePages_Total:       0
HugePages_Free:        0
HugePages_Rsvd:        0
HugePages_Surp:        0
Hugepagesize:       2048 kB
DirectMap4k:      168576 kB
DirectMap2M:     2906112 kB
DirectMap1G:     2097152 kB


CPU:total 4 (2 cores per cpu, 2 threads per core) family 6 model 69 stepping 1, cmov, cx8, fxsr, mmx, sse, sse2, sse3, ssse3, sse4.1, sse4.2, popcnt, avx, avx2, aes, erms, ht, tsc, tscinvbit

/proc/cpuinfo:
processor	: 0
vendor_id	: GenuineIntel
cpu family	: 6
model		: 69
model name	: Intel(R) Core(TM) i3-4010U CPU @ 1.70GHz
stepping	: 1
microcode	: 0x16
cpu MHz		: 1699.933
cache size	: 3072 KB
physical id	: 0
siblings	: 4
core id		: 0
cpu cores	: 2
apicid		: 0
initial apicid	: 0
fpu		: yes
fpu_exception	: yes
cpuid level	: 13
wp		: yes
flags		: fpu vme de pse tsc msr pae mce cx8 apic sep mtrr pge mca cmov pat pse36 clflush dts acpi mmx fxsr sse sse2 ss ht tm pbe syscall nx pdpe1gb rdtscp lm constant_tsc arch_perfmon pebs bts rep_good nopl xtopology nonstop_tsc aperfmperf eagerfpu pni pclmulqdq dtes64 monitor ds_cpl vmx est tm2 ssse3 fma cx16 xtpr pdcm pcid sse4_1 sse4_2 x2apic movbe popcnt tsc_deadline_timer aes xsave avx f16c rdrand lahf_lm abm arat epb pln pts dtherm tpr_shadow vnmi flexpriority ept vpid fsgsbase tsc_adjust bmi1 avx2 smep bmi2 erms invpcid xsaveopt
bugs		:
bogomips	: 3392.22
clflush size	: 64
cache_alignment	: 64
address sizes	: 39 bits physical, 48 bits virtual
power management:

processor	: 1
vendor_id	: GenuineIntel
cpu family	: 6
model		: 69
model name	: Intel(R) Core(TM) i3-4010U CPU @ 1.70GHz
stepping	: 1
microcode	: 0x16
cpu MHz		: 1699.933
cache size	: 3072 KB
physical id	: 0
siblings	: 4
core id		: 0
cpu cores	: 2
apicid		: 1
initial apicid	: 1
fpu		: yes
fpu_exception	: yes
cpuid level	: 13
wp		: yes
flags		: fpu vme de pse tsc msr pae mce cx8 apic sep mtrr pge mca cmov pat pse36 clflush dts acpi mmx fxsr sse sse2 ss ht tm pbe syscall nx pdpe1gb rdtscp lm constant_tsc arch_perfmon pebs bts rep_good nopl xtopology nonstop_tsc aperfmperf eagerfpu pni pclmulqdq dtes64 monitor ds_cpl vmx est tm2 ssse3 fma cx16 xtpr pdcm pcid sse4_1 sse4_2 x2apic movbe popcnt tsc_deadline_timer aes xsave avx f16c rdrand lahf_lm abm arat epb pln pts dtherm tpr_shadow vnmi flexpriority ept vpid fsgsbase tsc_adjust bmi1 avx2 smep bmi2 erms invpcid xsaveopt
bugs		:
bogomips	: 3392.22
clflush size	: 64
cache_alignment	: 64
address sizes	: 39 bits physical, 48 bits virtual
power management:

processor	: 2
vendor_id	: GenuineIntel
cpu family	: 6
model		: 69
model name	: Intel(R) Core(TM) i3-4010U CPU @ 1.70GHz
stepping	: 1
microcode	: 0x16
cpu MHz		: 1699.933
cache size	: 3072 KB
physical id	: 0
siblings	: 4
core id		: 1
cpu cores	: 2
apicid		: 2
initial apicid	: 2
fpu		: yes
fpu_exception	: yes
cpuid level	: 13
wp		: yes
flags		: fpu vme de pse tsc msr pae mce cx8 apic sep mtrr pge mca cmov pat pse36 clflush dts acpi mmx fxsr sse sse2 ss ht tm pbe syscall nx pdpe1gb rdtscp lm constant_tsc arch_perfmon pebs bts rep_good nopl xtopology nonstop_tsc aperfmperf eagerfpu pni pclmulqdq dtes64 monitor ds_cpl vmx est tm2 ssse3 fma cx16 xtpr pdcm pcid sse4_1 sse4_2 x2apic movbe popcnt tsc_deadline_timer aes xsave avx f16c rdrand lahf_lm abm arat epb pln pts dtherm tpr_shadow vnmi flexpriority ept vpid fsgsbase tsc_adjust bmi1 avx2 smep bmi2 erms invpcid xsaveopt
bugs		:
bogomips	: 3392.22
clflush size	: 64
cache_alignment	: 64
address sizes	: 39 bits physical, 48 bits virtual
power management:

processor	: 3
vendor_id	: GenuineIntel
cpu family	: 6
model		: 69
model name	: Intel(R) Core(TM) i3-4010U CPU @ 1.70GHz
stepping	: 1
microcode	: 0x16
cpu MHz		: 1699.933
cache size	: 3072 KB
physical id	: 0
siblings	: 4
core id		: 1
cpu cores	: 2
apicid		: 3
initial apicid	: 3
fpu		: yes
fpu_exception	: yes
cpuid level	: 13
wp		: yes
flags		: fpu vme de pse tsc msr pae mce cx8 apic sep mtrr pge mca cmov pat pse36 clflush dts acpi mmx fxsr sse sse2 ss ht tm pbe syscall nx pdpe1gb rdtscp lm constant_tsc arch_perfmon pebs bts rep_good nopl xtopology nonstop_tsc aperfmperf eagerfpu pni pclmulqdq dtes64 monitor ds_cpl vmx est tm2 ssse3 fma cx16 xtpr pdcm pcid sse4_1 sse4_2 x2apic movbe popcnt tsc_deadline_timer aes xsave avx f16c rdrand lahf_lm abm arat epb pln pts dtherm tpr_shadow vnmi flexpriority ept vpid fsgsbase tsc_adjust bmi1 avx2 smep bmi2 erms invpcid xsaveopt
bugs		:
bogomips	: 3392.22
clflush size	: 64
cache_alignment	: 64
address sizes	: 39 bits physical, 48 bits virtual
power management:



Memory: 4k page, physical 3975384k(128724k free), swap 0k(0k free)

vm_info: Java HotSpot(TM) 64-Bit Server VM (24.72-b04) for linux-amd64 JRE (1.7.0_72-b14), built on Sep 26 2014 18:20:41 by "java_re" with gcc 4.3.0 20080428 (Red Hat 4.3.0-8)

time: Mon Aug  3 00:31:34 2015
elapsed time: 25 seconds

